[0.198s] Invoking command in '/home/tadtawan/fra532_lecture5_ws/build/fra532_exam1': CMAKE_PREFIX_PATH=${CMAKE_PREFIX_PATH}:/home/tadtawan/fra532_lecture5_ws/install/mir_driver:/home/tadtawan/fra532_lecture5_ws/install/twist_stamper:/home/tadtawan/fra532_lecture5_ws/install/mir_restapi:/opt/ros/humble /usr/bin/cmake --build /home/tadtawan/fra532_lecture5_ws/build/fra532_exam1 -- -j16 -l16
[0.214s] -- Found ament_cmake: 1.3.11 (/opt/ros/humble/share/ament_cmake/cmake)
[0.308s] -- Found rclcpp: 16.0.11 (/opt/ros/humble/share/rclcpp/cmake)
[0.337s] -- Found rosidl_generator_c: 3.1.6 (/opt/ros/humble/share/rosidl_generator_c/cmake)
[0.340s] -- Found rosidl_adapter: 3.1.6 (/opt/ros/humble/share/rosidl_adapter/cmake)
[0.346s] -- Found rosidl_generator_cpp: 3.1.6 (/opt/ros/humble/share/rosidl_generator_cpp/cmake)
[0.354s] -- Using all available rosidl_typesupport_c: rosidl_typesupport_fastrtps_c;rosidl_typesupport_introspection_c
[0.363s] -- Using all available rosidl_typesupport_cpp: rosidl_typesupport_fastrtps_cpp;rosidl_typesupport_introspection_cpp
[0.384s] -- Found rmw_implementation_cmake: 6.1.2 (/opt/ros/humble/share/rmw_implementation_cmake/cmake)
[0.385s] -- Found rmw_fastrtps_cpp: 6.2.7 (/opt/ros/humble/share/rmw_fastrtps_cpp/cmake)
[0.482s] -- Using RMW implementation 'rmw_fastrtps_cpp' as default
[0.540s] -- Found rclpy: 3.3.15 (/opt/ros/humble/share/rclpy/cmake)
[0.631s] -- Configuring done
[0.643s] -- Generating done
[0.649s] -- Build files have been written to: /home/tadtawan/fra532_lecture5_ws/build/fra532_exam1
[0.671s] [35m[1mConsolidate compiler generated dependencies of target cpp_node_test[0m
[0.679s] [100%] Built target cpp_node_test
[0.683s] [100%] Built target ament_cmake_python_copy_fra532_exam1
[0.841s] running egg_info
[0.841s] writing fra532_exam1.egg-info/PKG-INFO
[0.841s] writing dependency_links to fra532_exam1.egg-info/dependency_links.txt
[0.841s] writing top-level names to fra532_exam1.egg-info/top_level.txt
[0.850s] reading manifest file 'fra532_exam1.egg-info/SOURCES.txt'
[0.870s] writing manifest file 'fra532_exam1.egg-info/SOURCES.txt'
[0.890s] [100%] Built target ament_cmake_python_build_fra532_exam1_egg
[0.898s] Invoked command in '/home/tadtawan/fra532_lecture5_ws/build/fra532_exam1' returned '0': CMAKE_PREFIX_PATH=${CMAKE_PREFIX_PATH}:/home/tadtawan/fra532_lecture5_ws/install/mir_driver:/home/tadtawan/fra532_lecture5_ws/install/twist_stamper:/home/tadtawan/fra532_lecture5_ws/install/mir_restapi:/opt/ros/humble /usr/bin/cmake --build /home/tadtawan/fra532_lecture5_ws/build/fra532_exam1 -- -j16 -l16
[0.899s] Invoking command in '/home/tadtawan/fra532_lecture5_ws/build/fra532_exam1': CMAKE_PREFIX_PATH=${CMAKE_PREFIX_PATH}:/home/tadtawan/fra532_lecture5_ws/install/mir_driver:/home/tadtawan/fra532_lecture5_ws/install/twist_stamper:/home/tadtawan/fra532_lecture5_ws/install/mir_restapi:/opt/ros/humble /usr/bin/cmake --install /home/tadtawan/fra532_lecture5_ws/build/fra532_exam1
[0.904s] -- Install configuration: ""
[0.904s] -- Up-to-date: /home/tadtawan/fra532_lecture5_ws/install/fra532_exam1/share/fra532_exam1/environment/pythonpath.sh
[0.904s] -- Installing: /home/tadtawan/fra532_lecture5_ws/install/fra532_exam1/share/fra532_exam1/environment/pythonpath.dsv
[0.904s] -- Up-to-date: /home/tadtawan/fra532_lecture5_ws/install/fra532_exam1/local/lib/python3.10/dist-packages/fra532_exam1-0.0.0-py3.10.egg-info
[0.904s] -- Installing: /home/tadtawan/fra532_lecture5_ws/install/fra532_exam1/local/lib/python3.10/dist-packages/fra532_exam1-0.0.0-py3.10.egg-info/top_level.txt
[0.904s] -- Installing: /home/tadtawan/fra532_lecture5_ws/install/fra532_exam1/local/lib/python3.10/dist-packages/fra532_exam1-0.0.0-py3.10.egg-info/dependency_links.txt
[0.904s] -- Installing: /home/tadtawan/fra532_lecture5_ws/install/fra532_exam1/local/lib/python3.10/dist-packages/fra532_exam1-0.0.0-py3.10.egg-info/SOURCES.txt
[0.904s] -- Installing: /home/tadtawan/fra532_lecture5_ws/install/fra532_exam1/local/lib/python3.10/dist-packages/fra532_exam1-0.0.0-py3.10.egg-info/PKG-INFO
[0.904s] -- Up-to-date: /home/tadtawan/fra532_lecture5_ws/install/fra532_exam1/local/lib/python3.10/dist-packages/fra532_exam1
[0.904s] -- Up-to-date: /home/tadtawan/fra532_lecture5_ws/install/fra532_exam1/local/lib/python3.10/dist-packages/fra532_exam1/__init__.py
[0.904s] -- Up-to-date: /home/tadtawan/fra532_lecture5_ws/install/fra532_exam1/local/lib/python3.10/dist-packages/fra532_exam1/dummy_module.py
[0.928s] Listing '/home/tadtawan/fra532_lecture5_ws/install/fra532_exam1/local/lib/python3.10/dist-packages/fra532_exam1'...
[0.931s] -- Up-to-date: /home/tadtawan/fra532_lecture5_ws/install/fra532_exam1/lib/fra532_exam1/dummy_script.py
[0.931s] -- Installing: /home/tadtawan/fra532_lecture5_ws/install/fra532_exam1/lib/fra532_exam1/aruco_detect.py
[0.931s] -- Up-to-date: /home/tadtawan/fra532_lecture5_ws/install/fra532_exam1/lib/fra532_exam1/cpp_node_test
[0.931s] -- Up-to-date: /home/tadtawan/fra532_lecture5_ws/install/fra532_exam1/share/fra532_exam1/worlds
[0.932s] -- Up-to-date: /home/tadtawan/fra532_lecture5_ws/install/fra532_exam1/share/fra532_exam1/worlds/pole.world
[0.932s] -- Up-to-date: /home/tadtawan/fra532_lecture5_ws/install/fra532_exam1/share/fra532_exam1/launch
[0.932s] -- Up-to-date: /home/tadtawan/fra532_lecture5_ws/install/fra532_exam1/share/fra532_exam1/launch/world.launch.py
[0.932s] -- Installing: /home/tadtawan/fra532_lecture5_ws/install/fra532_exam1/share/fra532_exam1/scripts
[0.932s] -- Installing: /home/tadtawan/fra532_lecture5_ws/install/fra532_exam1/share/fra532_exam1/scripts/aruco_marker_gen.py
[0.932s] -- Installing: /home/tadtawan/fra532_lecture5_ws/install/fra532_exam1/share/fra532_exam1/scripts/dummy_script.py
[0.932s] -- Installing: /home/tadtawan/fra532_lecture5_ws/install/fra532_exam1/share/fra532_exam1/scripts/aruco_detect.py
[0.932s] -- Up-to-date: /home/tadtawan/fra532_lecture5_ws/install/fra532_exam1/share/ament_index/resource_index/package_run_dependencies/fra532_exam1
[0.932s] -- Installing: /home/tadtawan/fra532_lecture5_ws/install/fra532_exam1/share/ament_index/resource_index/parent_prefix_path/fra532_exam1
[0.932s] -- Up-to-date: /home/tadtawan/fra532_lecture5_ws/install/fra532_exam1/share/fra532_exam1/environment/ament_prefix_path.sh
[0.932s] -- Installing: /home/tadtawan/fra532_lecture5_ws/install/fra532_exam1/share/fra532_exam1/environment/ament_prefix_path.dsv
[0.932s] -- Up-to-date: /home/tadtawan/fra532_lecture5_ws/install/fra532_exam1/share/fra532_exam1/environment/path.sh
[0.932s] -- Installing: /home/tadtawan/fra532_lecture5_ws/install/fra532_exam1/share/fra532_exam1/environment/path.dsv
[0.932s] -- Up-to-date: /home/tadtawan/fra532_lecture5_ws/install/fra532_exam1/share/fra532_exam1/local_setup.bash
[0.933s] -- Up-to-date: /home/tadtawan/fra532_lecture5_ws/install/fra532_exam1/share/fra532_exam1/local_setup.sh
[0.933s] -- Up-to-date: /home/tadtawan/fra532_lecture5_ws/install/fra532_exam1/share/fra532_exam1/local_setup.zsh
[0.933s] -- Installing: /home/tadtawan/fra532_lecture5_ws/install/fra532_exam1/share/fra532_exam1/local_setup.dsv
[0.933s] -- Installing: /home/tadtawan/fra532_lecture5_ws/install/fra532_exam1/share/fra532_exam1/package.dsv
[0.933s] -- Up-to-date: /home/tadtawan/fra532_lecture5_ws/install/fra532_exam1/share/ament_index/resource_index/packages/fra532_exam1
[0.933s] -- Up-to-date: /home/tadtawan/fra532_lecture5_ws/install/fra532_exam1/share/fra532_exam1/cmake/fra532_exam1Config.cmake
[0.933s] -- Up-to-date: /home/tadtawan/fra532_lecture5_ws/install/fra532_exam1/share/fra532_exam1/cmake/fra532_exam1Config-version.cmake
[0.933s] -- Up-to-date: /home/tadtawan/fra532_lecture5_ws/install/fra532_exam1/share/fra532_exam1/package.xml
[0.934s] Invoked command in '/home/tadtawan/fra532_lecture5_ws/build/fra532_exam1' returned '0': CMAKE_PREFIX_PATH=${CMAKE_PREFIX_PATH}:/home/tadtawan/fra532_lecture5_ws/install/mir_driver:/home/tadtawan/fra532_lecture5_ws/install/twist_stamper:/home/tadtawan/fra532_lecture5_ws/install/mir_restapi:/opt/ros/humble /usr/bin/cmake --install /home/tadtawan/fra532_lecture5_ws/build/fra532_exam1
