[0.401s] Invoking command in '/home/tadtawan/fra532_lecture5_ws/src/mir_robot/mir_driver': AMENT_PREFIX_PATH=/home/tadtawan/fra532_lecture5_ws/install/twist_stamper:/home/tadtawan/fra532_lecture5_ws/install/fra532_exam1:/home/tadtawan/fra532_lecture5_ws/install/mir_navigation:/home/tadtawan/fra532_lecture5_ws/install/mir_driver:/home/tadtawan/fra532_lecture5_ws/install/package_name:/home/tadtawan/fra532_lecture5_ws/install/mir_robot:/home/tadtawan/fra532_lecture5_ws/install/mir_restapi:/home/tadtawan/fra532_lecture5_ws/install/mir_msgs:/home/tadtawan/fra532_lecture5_ws/install/mir_gazebo:/home/tadtawan/fra532_lecture5_ws/install/mir_description:/home/tadtawan/fra532_lecture5_ws/install/ira_laser_tools:/home/tadtawan/fra532_lecture5_ws/install/fra532_slam:/home/tadtawan/fra532_lecture5_ws/install/fra532_nav:/home/tadtawan/fra532_lecture5_ws/install/fra532_gazebo:/home/tadtawan/install/lab1_1:/home/tadtawan/aws-robomaker-small-warehouse-world/install/aws_robomaker_small_warehouse_world:/opt/ros/humble CMAKE_PREFIX_PATH=/home/tadtawan/fra532_lecture5_ws/install/mir_msgs:/home/tadtawan/fra532_lecture5_ws/install/mir_description:/home/tadtawan/fra532_lecture5_ws/install/ira_laser_tools:/home/tadtawan/fra532_lecture5_ws/install/fra532_exam1:/home/tadtawan/fra532_lecture5_ws/install/mir_navigation:/home/tadtawan/fra532_lecture5_ws/install/package_name:/home/tadtawan/fra532_lecture5_ws/install/mir_robot:/home/tadtawan/fra532_lecture5_ws/install/mir_gazebo:/home/tadtawan/fra532_lecture5_ws/install/fra532_slam:/home/tadtawan/fra532_lecture5_ws/install/fra532_nav:/home/tadtawan/fra532_lecture5_ws/install/fra532_gazebo:/home/tadtawan/install/lab1_1:/home/tadtawan/aws-robomaker-small-warehouse-world/install/aws_robomaker_small_warehouse_world LD_LIBRARY_PATH=/home/tadtawan/fra532_lecture5_ws/install/mir_msgs/lib:/usr/lib/x86_64-linux-gnu/gazebo-11/plugins:/opt/ros/humble/opt/rviz_ogre_vendor/lib:/opt/ros/humble/lib/x86_64-linux-gnu:/opt/ros/humble/lib:/usr/share/gazebo/../../lib/x86_64-linux-gnu/gazebo-11/plugins PYTHONPATH=/home/tadtawan/fra532_lecture5_ws/build/mir_driver/prefix_override:/usr/lib/python3/dist-packages/colcon_core/task/python/colcon_distutils_commands:/home/tadtawan/fra532_lecture5_ws/install/mir_driver/lib/python3.10/site-packages:/home/tadtawan/fra532_lecture5_ws/install/twist_stamper/lib/python3.10/site-packages:/home/tadtawan/fra532_lecture5_ws/install/fra532_exam1/local/lib/python3.10/dist-packages:/home/tadtawan/fra532_lecture5_ws/install/mir_driver/lib/python3.10/site-packages:/home/tadtawan/fra532_lecture5_ws/install/package_name/local/lib/python3.10/dist-packages:/home/tadtawan/fra532_lecture5_ws/install/mir_restapi/lib/python3.10/site-packages:/home/tadtawan/fra532_lecture5_ws/install/mir_msgs/local/lib/python3.10/dist-packages:/home/tadtawan/fra532_lecture5_ws/install/fra532_slam/local/lib/python3.10/dist-packages:/home/tadtawan/fra532_lecture5_ws/install/fra532_nav/local/lib/python3.10/dist-packages:/home/tadtawan/fra532_lecture5_ws/install/fra532_gazebo/local/lib/python3.10/dist-packages:/home/tadtawan/install/lab1_1/local/lib/python3.10/dist-packages:/opt/ros/humble/lib/python3.10/site-packages:/opt/ros/humble/local/lib/python3.10/dist-packages /usr/bin/python3 -W ignore:setup.py install is deprecated -W ignore:easy_install command is deprecated setup.py egg_info --egg-base ../../../build/mir_driver build --build-base /home/tadtawan/fra532_lecture5_ws/build/mir_driver/build install --record /home/tadtawan/fra532_lecture5_ws/build/mir_driver/install.log --single-version-externally-managed install_data
[0.557s] running egg_info
[0.557s] creating ../../../build/mir_driver/mir_driver.egg-info
[0.558s] writing ../../../build/mir_driver/mir_driver.egg-info/PKG-INFO
[0.558s] writing dependency_links to ../../../build/mir_driver/mir_driver.egg-info/dependency_links.txt
[0.558s] writing entry points to ../../../build/mir_driver/mir_driver.egg-info/entry_points.txt
[0.558s] writing requirements to ../../../build/mir_driver/mir_driver.egg-info/requires.txt
[0.558s] writing top-level names to ../../../build/mir_driver/mir_driver.egg-info/top_level.txt
[0.558s] writing manifest file '../../../build/mir_driver/mir_driver.egg-info/SOURCES.txt'
[0.559s] reading manifest file '../../../build/mir_driver/mir_driver.egg-info/SOURCES.txt'
[0.559s] writing manifest file '../../../build/mir_driver/mir_driver.egg-info/SOURCES.txt'
[0.560s] running build
[0.560s] running build_py
[0.560s] creating /home/tadtawan/fra532_lecture5_ws/build/mir_driver/build
[0.560s] creating /home/tadtawan/fra532_lecture5_ws/build/mir_driver/build/lib
[0.560s] creating /home/tadtawan/fra532_lecture5_ws/build/mir_driver/build/lib/mir_driver
[0.560s] copying mir_driver/tf_remove_child_frames.py -> /home/tadtawan/fra532_lecture5_ws/build/mir_driver/build/lib/mir_driver
[0.560s] copying mir_driver/rosbridge.py -> /home/tadtawan/fra532_lecture5_ws/build/mir_driver/build/lib/mir_driver
[0.560s] copying mir_driver/__init__.py -> /home/tadtawan/fra532_lecture5_ws/build/mir_driver/build/lib/mir_driver
[0.560s] copying mir_driver/mir_bridge.py -> /home/tadtawan/fra532_lecture5_ws/build/mir_driver/build/lib/mir_driver
[0.560s] copying mir_driver/fake_mir_joint_publisher.py -> /home/tadtawan/fra532_lecture5_ws/build/mir_driver/build/lib/mir_driver
[0.560s] running install
[0.560s] running install_lib
[0.561s] creating /home/tadtawan/fra532_lecture5_ws/install/mir_driver/lib/python3.10/site-packages/mir_driver
[0.561s] copying /home/tadtawan/fra532_lecture5_ws/build/mir_driver/build/lib/mir_driver/tf_remove_child_frames.py -> /home/tadtawan/fra532_lecture5_ws/install/mir_driver/lib/python3.10/site-packages/mir_driver
[0.561s] copying /home/tadtawan/fra532_lecture5_ws/build/mir_driver/build/lib/mir_driver/rosbridge.py -> /home/tadtawan/fra532_lecture5_ws/install/mir_driver/lib/python3.10/site-packages/mir_driver
[0.561s] copying /home/tadtawan/fra532_lecture5_ws/build/mir_driver/build/lib/mir_driver/__init__.py -> /home/tadtawan/fra532_lecture5_ws/install/mir_driver/lib/python3.10/site-packages/mir_driver
[0.561s] copying /home/tadtawan/fra532_lecture5_ws/build/mir_driver/build/lib/mir_driver/mir_bridge.py -> /home/tadtawan/fra532_lecture5_ws/install/mir_driver/lib/python3.10/site-packages/mir_driver
[0.561s] copying /home/tadtawan/fra532_lecture5_ws/build/mir_driver/build/lib/mir_driver/fake_mir_joint_publisher.py -> /home/tadtawan/fra532_lecture5_ws/install/mir_driver/lib/python3.10/site-packages/mir_driver
[0.561s] byte-compiling /home/tadtawan/fra532_lecture5_ws/install/mir_driver/lib/python3.10/site-packages/mir_driver/tf_remove_child_frames.py to tf_remove_child_frames.cpython-310.pyc
[0.562s] byte-compiling /home/tadtawan/fra532_lecture5_ws/install/mir_driver/lib/python3.10/site-packages/mir_driver/rosbridge.py to rosbridge.cpython-310.pyc
[0.563s] byte-compiling /home/tadtawan/fra532_lecture5_ws/install/mir_driver/lib/python3.10/site-packages/mir_driver/__init__.py to __init__.cpython-310.pyc
[0.563s] byte-compiling /home/tadtawan/fra532_lecture5_ws/install/mir_driver/lib/python3.10/site-packages/mir_driver/mir_bridge.py to mir_bridge.cpython-310.pyc
[0.564s] byte-compiling /home/tadtawan/fra532_lecture5_ws/install/mir_driver/lib/python3.10/site-packages/mir_driver/fake_mir_joint_publisher.py to fake_mir_joint_publisher.cpython-310.pyc
[0.564s] running install_data
[0.564s] creating /home/tadtawan/fra532_lecture5_ws/install/mir_driver/share/ament_index
[0.564s] creating /home/tadtawan/fra532_lecture5_ws/install/mir_driver/share/ament_index/resource_index
[0.564s] creating /home/tadtawan/fra532_lecture5_ws/install/mir_driver/share/ament_index/resource_index/packages
[0.564s] copying resource/mir_driver -> /home/tadtawan/fra532_lecture5_ws/install/mir_driver/share/ament_index/resource_index/packages
[0.564s] copying package.xml -> /home/tadtawan/fra532_lecture5_ws/install/mir_driver/share/mir_driver
[0.565s] creating /home/tadtawan/fra532_lecture5_ws/install/mir_driver/share/mir_driver/launch
[0.565s] copying launch/mir_headless_launch.py -> /home/tadtawan/fra532_lecture5_ws/install/mir_driver/share/mir_driver/launch
[0.565s] copying launch/mir_launch.py -> /home/tadtawan/fra532_lecture5_ws/install/mir_driver/share/mir_driver/launch
[0.565s] copying launch/additions_launch.py -> /home/tadtawan/fra532_lecture5_ws/install/mir_driver/share/mir_driver/launch
[0.565s] running install_egg_info
[0.566s] Copying ../../../build/mir_driver/mir_driver.egg-info to /home/tadtawan/fra532_lecture5_ws/install/mir_driver/lib/python3.10/site-packages/mir_driver-0.0.0-py3.10.egg-info
[0.566s] running install_scripts
[0.579s] Installing fake_mir_joint_publisher script to /home/tadtawan/fra532_lecture5_ws/install/mir_driver/lib/mir_driver
[0.579s] Installing mir_bridge script to /home/tadtawan/fra532_lecture5_ws/install/mir_driver/lib/mir_driver
[0.579s] Installing tf_remove_child_frames script to /home/tadtawan/fra532_lecture5_ws/install/mir_driver/lib/mir_driver
[0.579s] Installing time_synchronizer script to /home/tadtawan/fra532_lecture5_ws/install/mir_driver/lib/mir_driver
[0.579s] writing list of installed files to '/home/tadtawan/fra532_lecture5_ws/build/mir_driver/install.log'
[0.595s] Invoked command in '/home/tadtawan/fra532_lecture5_ws/src/mir_robot/mir_driver' returned '0': AMENT_PREFIX_PATH=/home/tadtawan/fra532_lecture5_ws/install/twist_stamper:/home/tadtawan/fra532_lecture5_ws/install/fra532_exam1:/home/tadtawan/fra532_lecture5_ws/install/mir_navigation:/home/tadtawan/fra532_lecture5_ws/install/mir_driver:/home/tadtawan/fra532_lecture5_ws/install/package_name:/home/tadtawan/fra532_lecture5_ws/install/mir_robot:/home/tadtawan/fra532_lecture5_ws/install/mir_restapi:/home/tadtawan/fra532_lecture5_ws/install/mir_msgs:/home/tadtawan/fra532_lecture5_ws/install/mir_gazebo:/home/tadtawan/fra532_lecture5_ws/install/mir_description:/home/tadtawan/fra532_lecture5_ws/install/ira_laser_tools:/home/tadtawan/fra532_lecture5_ws/install/fra532_slam:/home/tadtawan/fra532_lecture5_ws/install/fra532_nav:/home/tadtawan/fra532_lecture5_ws/install/fra532_gazebo:/home/tadtawan/install/lab1_1:/home/tadtawan/aws-robomaker-small-warehouse-world/install/aws_robomaker_small_warehouse_world:/opt/ros/humble CMAKE_PREFIX_PATH=/home/tadtawan/fra532_lecture5_ws/install/mir_msgs:/home/tadtawan/fra532_lecture5_ws/install/mir_description:/home/tadtawan/fra532_lecture5_ws/install/ira_laser_tools:/home/tadtawan/fra532_lecture5_ws/install/fra532_exam1:/home/tadtawan/fra532_lecture5_ws/install/mir_navigation:/home/tadtawan/fra532_lecture5_ws/install/package_name:/home/tadtawan/fra532_lecture5_ws/install/mir_robot:/home/tadtawan/fra532_lecture5_ws/install/mir_gazebo:/home/tadtawan/fra532_lecture5_ws/install/fra532_slam:/home/tadtawan/fra532_lecture5_ws/install/fra532_nav:/home/tadtawan/fra532_lecture5_ws/install/fra532_gazebo:/home/tadtawan/install/lab1_1:/home/tadtawan/aws-robomaker-small-warehouse-world/install/aws_robomaker_small_warehouse_world LD_LIBRARY_PATH=/home/tadtawan/fra532_lecture5_ws/install/mir_msgs/lib:/usr/lib/x86_64-linux-gnu/gazebo-11/plugins:/opt/ros/humble/opt/rviz_ogre_vendor/lib:/opt/ros/humble/lib/x86_64-linux-gnu:/opt/ros/humble/lib:/usr/share/gazebo/../../lib/x86_64-linux-gnu/gazebo-11/plugins PYTHONPATH=/home/tadtawan/fra532_lecture5_ws/build/mir_driver/prefix_override:/usr/lib/python3/dist-packages/colcon_core/task/python/colcon_distutils_commands:/home/tadtawan/fra532_lecture5_ws/install/mir_driver/lib/python3.10/site-packages:/home/tadtawan/fra532_lecture5_ws/install/twist_stamper/lib/python3.10/site-packages:/home/tadtawan/fra532_lecture5_ws/install/fra532_exam1/local/lib/python3.10/dist-packages:/home/tadtawan/fra532_lecture5_ws/install/mir_driver/lib/python3.10/site-packages:/home/tadtawan/fra532_lecture5_ws/install/package_name/local/lib/python3.10/dist-packages:/home/tadtawan/fra532_lecture5_ws/install/mir_restapi/lib/python3.10/site-packages:/home/tadtawan/fra532_lecture5_ws/install/mir_msgs/local/lib/python3.10/dist-packages:/home/tadtawan/fra532_lecture5_ws/install/fra532_slam/local/lib/python3.10/dist-packages:/home/tadtawan/fra532_lecture5_ws/install/fra532_nav/local/lib/python3.10/dist-packages:/home/tadtawan/fra532_lecture5_ws/install/fra532_gazebo/local/lib/python3.10/dist-packages:/home/tadtawan/install/lab1_1/local/lib/python3.10/dist-packages:/opt/ros/humble/lib/python3.10/site-packages:/opt/ros/humble/local/lib/python3.10/dist-packages /usr/bin/python3 -W ignore:setup.py install is deprecated -W ignore:easy_install command is deprecated setup.py egg_info --egg-base ../../../build/mir_driver build --build-base /home/tadtawan/fra532_lecture5_ws/build/mir_driver/build install --record /home/tadtawan/fra532_lecture5_ws/build/mir_driver/install.log --single-version-externally-managed install_data
