[0.009s] Invoking command in '/home/tadtawan/fra532_lecture5_ws/build/mir_navigation': AMENT_PREFIX_PATH=/home/tadtawan/fra532_lecture5_ws/install/mir_driver:/home/tadtawan/fra532_lecture5_ws/install/twist_stamper:/home/tadtawan/fra532_lecture5_ws/install/fra532_exam1:/home/tadtawan/fra532_lecture5_ws/install/mir_navigation:/home/tadtawan/fra532_lecture5_ws/install/package_name:/home/tadtawan/fra532_lecture5_ws/install/mir_robot:/home/tadtawan/fra532_lecture5_ws/install/mir_restapi:/home/tadtawan/fra532_lecture5_ws/install/mir_msgs:/home/tadtawan/fra532_lecture5_ws/install/mir_gazebo:/home/tadtawan/fra532_lecture5_ws/install/mir_description:/home/tadtawan/fra532_lecture5_ws/install/ira_laser_tools:/home/tadtawan/fra532_lecture5_ws/install/fra532_slam:/home/tadtawan/fra532_lecture5_ws/install/fra532_nav:/home/tadtawan/fra532_lecture5_ws/install/fra532_gazebo:/home/tadtawan/install/lab1_1:/home/tadtawan/aws-robomaker-small-warehouse-world/install/aws_robomaker_small_warehouse_world:/opt/ros/humble CMAKE_PREFIX_PATH=/home/tadtawan/fra532_lecture5_ws/install/mir_msgs:/home/tadtawan/fra532_lecture5_ws/install/mir_description:/home/tadtawan/fra532_lecture5_ws/install/ira_laser_tools:/home/tadtawan/fra532_lecture5_ws/install/fra532_exam1:/home/tadtawan/fra532_lecture5_ws/install/mir_navigation:/home/tadtawan/fra532_lecture5_ws/install/package_name:/home/tadtawan/fra532_lecture5_ws/install/mir_robot:/home/tadtawan/fra532_lecture5_ws/install/mir_gazebo:/home/tadtawan/fra532_lecture5_ws/install/fra532_slam:/home/tadtawan/fra532_lecture5_ws/install/fra532_nav:/home/tadtawan/fra532_lecture5_ws/install/fra532_gazebo:/home/tadtawan/install/lab1_1:/home/tadtawan/aws-robomaker-small-warehouse-world/install/aws_robomaker_small_warehouse_world:/home/tadtawan/fra532_lecture5_ws/install/mir_driver:/home/tadtawan/fra532_lecture5_ws/install/twist_stamper:/home/tadtawan/fra532_lecture5_ws/install/mir_restapi:/opt/ros/humble LD_LIBRARY_PATH=/home/tadtawan/fra532_lecture5_ws/install/mir_msgs/lib:/usr/lib/x86_64-linux-gnu/gazebo-11/plugins:/opt/ros/humble/opt/rviz_ogre_vendor/lib:/opt/ros/humble/lib/x86_64-linux-gnu:/opt/ros/humble/lib:/usr/share/gazebo/../../lib/x86_64-linux-gnu/gazebo-11/plugins PYTHONPATH=/home/tadtawan/fra532_lecture5_ws/install/mir_driver/lib/python3.10/site-packages:/home/tadtawan/fra532_lecture5_ws/install/twist_stamper/lib/python3.10/site-packages:/home/tadtawan/fra532_lecture5_ws/install/fra532_exam1/local/lib/python3.10/dist-packages:/home/tadtawan/fra532_lecture5_ws/install/package_name/local/lib/python3.10/dist-packages:/home/tadtawan/fra532_lecture5_ws/install/mir_restapi/lib/python3.10/site-packages:/home/tadtawan/fra532_lecture5_ws/install/mir_msgs/local/lib/python3.10/dist-packages:/home/tadtawan/fra532_lecture5_ws/install/fra532_slam/local/lib/python3.10/dist-packages:/home/tadtawan/fra532_lecture5_ws/install/fra532_nav/local/lib/python3.10/dist-packages:/home/tadtawan/fra532_lecture5_ws/install/fra532_gazebo/local/lib/python3.10/dist-packages:/home/tadtawan/install/lab1_1/local/lib/python3.10/dist-packages:/opt/ros/humble/lib/python3.10/site-packages:/opt/ros/humble/local/lib/python3.10/dist-packages /usr/bin/cmake /home/tadtawan/fra532_lecture5_ws/src/mir_robot/mir_navigation -DCMAKE_INSTALL_PREFIX=/home/tadtawan/fra532_lecture5_ws/install/mir_navigation
[0.042s] -- The C compiler identification is GNU 11.4.0
[0.077s] -- The CXX compiler identification is GNU 11.4.0
[0.081s] -- Detecting C compiler ABI info
[0.123s] -- Detecting C compiler ABI info - done
[0.128s] -- Check for working C compiler: /usr/bin/cc - skipped
[0.128s] -- Detecting C compile features
[0.128s] -- Detecting C compile features - done
[0.130s] -- Detecting CXX compiler ABI info
[0.179s] -- Detecting CXX compiler ABI info - done
[0.184s] -- Check for working CXX compiler: /usr/bin/c++ - skipped
[0.184s] -- Detecting CXX compile features
[0.185s] -- Detecting CXX compile features - done
[0.187s] -- Found ament_cmake: 1.3.11 (/opt/ros/humble/share/ament_cmake/cmake)
[0.291s] -- Found Python3: /usr/bin/python3 (found version "3.10.12") found components: Interpreter 
[0.355s] -- Found navigation2: 1.1.18 (/opt/ros/humble/share/navigation2/cmake)
[0.356s] -- Found slam_toolbox: 2.6.9 (/opt/ros/humble/share/slam_toolbox/cmake)
[0.382s] -- Found rosidl_generator_c: 3.1.6 (/opt/ros/humble/share/rosidl_generator_c/cmake)
[0.386s] -- Found rosidl_adapter: 3.1.6 (/opt/ros/humble/share/rosidl_adapter/cmake)
[0.392s] -- Found rosidl_generator_cpp: 3.1.6 (/opt/ros/humble/share/rosidl_generator_cpp/cmake)
[0.400s] -- Using all available rosidl_typesupport_c: rosidl_typesupport_fastrtps_c;rosidl_typesupport_introspection_c
[0.412s] -- Using all available rosidl_typesupport_cpp: rosidl_typesupport_fastrtps_cpp;rosidl_typesupport_introspection_cpp
[0.512s] -- Found rmw_implementation_cmake: 6.1.2 (/opt/ros/humble/share/rmw_implementation_cmake/cmake)
[0.514s] -- Found rmw_fastrtps_cpp: 6.2.7 (/opt/ros/humble/share/rmw_fastrtps_cpp/cmake)
[0.568s] -- Found OpenSSL: /usr/lib/x86_64-linux-gnu/libcrypto.so (found version "3.0.2")  
[0.585s] -- Found FastRTPS: /opt/ros/humble/include  
[0.611s] -- Using RMW implementation 'rmw_fastrtps_cpp' as default
[0.618s] -- Looking for pthread.h
[0.663s] -- Looking for pthread.h - found
[0.663s] -- Performing Test CMAKE_HAVE_LIBC_PTHREAD
[0.709s] -- Performing Test CMAKE_HAVE_LIBC_PTHREAD - Success
[0.709s] -- Found Threads: TRUE  
[0.829s] -- Found eigen3_cmake_module: 0.1.1 (/opt/ros/humble/share/eigen3_cmake_module/cmake)
[0.830s] -- Found Eigen3: TRUE (found version "3.4.0") 
[0.830s] -- Ensuring Eigen3 include directory is part of orocos-kdl CMake target
[0.856s] -- Setting assimp_DIR to: '/opt/ros/humble/share/rviz_assimp_vendor/cmake/../../../opt/rviz_assimp_vendor/lib/cmake/assimp-4.1'
[0.861s] -- Setting OGRE_DIR to: '/opt/ros/humble/share/rviz_ogre_vendor/cmake/../../../opt/rviz_ogre_vendor/lib/OGRE/cmake'
[0.862s] -- Found OGRE
[0.862s] --   static     : OFF
[0.862s] --   components : HLMS;MeshLodGenerator;Overlay;Paging;Property;RTShaderSystem;Terrain;Volume
[0.862s] --   plugins    : Plugin_BSPSceneManager;Plugin_OctreeSceneManager;Plugin_PCZSceneManager;Plugin_ParticleFX;RenderSystem_GL;RenderSystem_GL3Plus;Codec_STBI
[0.862s] --   media      : /opt/ros/humble/opt/rviz_ogre_vendor/share/OGRE/Media
[0.862s] -- OGRE_LIBRARIES: OgreHLMS;OgreMeshLodGenerator;OgreOverlay;OgrePaging;OgreProperty;OgreRTShaderSystem;OgreTerrain;OgreVolume;OgreMain
[0.862s] -- OGRE_LIBRARY_DIRS: /opt/ros/humble/opt/rviz_ogre_vendor/lib
[0.862s] -- OGRE_PLUGINS: Plugin_BSPSceneManager;Plugin_OctreeSceneManager;Plugin_PCZSceneManager;Plugin_ParticleFX;RenderSystem_GL;RenderSystem_GL3Plus;Codec_STBI
[0.862s] -- OGRE_PLUGIN_DIR: /opt/ros/humble/opt/rviz_ogre_vendor/lib/OGRE
[0.862s] -- rviz_ogre_vendor::OgreOverlay for IMPORTED_LOCATION_RELEASE: /opt/ros/humble/opt/rviz_ogre_vendor/lib/libOgreOverlay.so
[0.862s] -- rviz_ogre_vendor::OgreOverlay for IMPORTED_LOCATION_DEBUG: /opt/ros/humble/opt/rviz_ogre_vendor/lib/libOgreOverlay.so
[0.862s] -- rviz_ogre_vendor::OgreMain for IMPORTED_LOCATION_RELEASE: /opt/ros/humble/opt/rviz_ogre_vendor/lib/libOgreMain.so
[0.862s] -- rviz_ogre_vendor::OgreMain for IMPORTED_LOCATION_DEBUG: /opt/ros/humble/opt/rviz_ogre_vendor/lib/libOgreMain.so
[0.875s] -- Found ZLIB: /usr/lib/x86_64-linux-gnu/libz.so (found version "1.2.11") 
[0.878s] -- Found OpenGL: /usr/lib/x86_64-linux-gnu/libOpenGL.so   
[0.936s] -- Found X11: /usr/include   
[0.936s] -- Looking for XOpenDisplay in /usr/lib/x86_64-linux-gnu/libX11.so;/usr/lib/x86_64-linux-gnu/libXext.so
[0.984s] -- Looking for XOpenDisplay in /usr/lib/x86_64-linux-gnu/libX11.so;/usr/lib/x86_64-linux-gnu/libXext.so - found
[0.984s] -- Looking for gethostbyname
[1.029s] -- Looking for gethostbyname - found
[1.029s] -- Looking for connect
[1.072s] -- Looking for connect - found
[1.072s] -- Looking for remove
[1.115s] -- Looking for remove - found
[1.115s] -- Looking for shmat
[1.158s] -- Looking for shmat - found
[1.159s] -- Looking for IceConnectionNumber in ICE
[1.202s] -- Looking for IceConnectionNumber in ICE - found
[1.258s] -- library: /usr/lib/x86_64-linux-gnu/libcurl.so
[1.329s] -- Found ament_lint_auto: 0.12.11 (/opt/ros/humble/share/ament_lint_auto/cmake)
[1.389s] -- Added test 'copyright' to check source files copyright and LICENSE
[1.391s] -- Added test 'flake8' to check Python code syntax and style conventions
[1.391s] -- Added test 'lint_cmake' to check CMake code style
[1.392s] -- Added test 'pep257' to check Python code against some of the docstring style conventions in PEP 257
[1.393s] -- Added test 'xmllint' to check XML markup files
[1.394s] -- Configuring done
[1.398s] -- Generating done
[1.400s] -- Build files have been written to: /home/tadtawan/fra532_lecture5_ws/build/mir_navigation
[1.409s] Invoked command in '/home/tadtawan/fra532_lecture5_ws/build/mir_navigation' returned '0': AMENT_PREFIX_PATH=/home/tadtawan/fra532_lecture5_ws/install/mir_driver:/home/tadtawan/fra532_lecture5_ws/install/twist_stamper:/home/tadtawan/fra532_lecture5_ws/install/fra532_exam1:/home/tadtawan/fra532_lecture5_ws/install/mir_navigation:/home/tadtawan/fra532_lecture5_ws/install/package_name:/home/tadtawan/fra532_lecture5_ws/install/mir_robot:/home/tadtawan/fra532_lecture5_ws/install/mir_restapi:/home/tadtawan/fra532_lecture5_ws/install/mir_msgs:/home/tadtawan/fra532_lecture5_ws/install/mir_gazebo:/home/tadtawan/fra532_lecture5_ws/install/mir_description:/home/tadtawan/fra532_lecture5_ws/install/ira_laser_tools:/home/tadtawan/fra532_lecture5_ws/install/fra532_slam:/home/tadtawan/fra532_lecture5_ws/install/fra532_nav:/home/tadtawan/fra532_lecture5_ws/install/fra532_gazebo:/home/tadtawan/install/lab1_1:/home/tadtawan/aws-robomaker-small-warehouse-world/install/aws_robomaker_small_warehouse_world:/opt/ros/humble CMAKE_PREFIX_PATH=/home/tadtawan/fra532_lecture5_ws/install/mir_msgs:/home/tadtawan/fra532_lecture5_ws/install/mir_description:/home/tadtawan/fra532_lecture5_ws/install/ira_laser_tools:/home/tadtawan/fra532_lecture5_ws/install/fra532_exam1:/home/tadtawan/fra532_lecture5_ws/install/mir_navigation:/home/tadtawan/fra532_lecture5_ws/install/package_name:/home/tadtawan/fra532_lecture5_ws/install/mir_robot:/home/tadtawan/fra532_lecture5_ws/install/mir_gazebo:/home/tadtawan/fra532_lecture5_ws/install/fra532_slam:/home/tadtawan/fra532_lecture5_ws/install/fra532_nav:/home/tadtawan/fra532_lecture5_ws/install/fra532_gazebo:/home/tadtawan/install/lab1_1:/home/tadtawan/aws-robomaker-small-warehouse-world/install/aws_robomaker_small_warehouse_world:/home/tadtawan/fra532_lecture5_ws/install/mir_driver:/home/tadtawan/fra532_lecture5_ws/install/twist_stamper:/home/tadtawan/fra532_lecture5_ws/install/mir_restapi:/opt/ros/humble LD_LIBRARY_PATH=/home/tadtawan/fra532_lecture5_ws/install/mir_msgs/lib:/usr/lib/x86_64-linux-gnu/gazebo-11/plugins:/opt/ros/humble/opt/rviz_ogre_vendor/lib:/opt/ros/humble/lib/x86_64-linux-gnu:/opt/ros/humble/lib:/usr/share/gazebo/../../lib/x86_64-linux-gnu/gazebo-11/plugins PYTHONPATH=/home/tadtawan/fra532_lecture5_ws/install/mir_driver/lib/python3.10/site-packages:/home/tadtawan/fra532_lecture5_ws/install/twist_stamper/lib/python3.10/site-packages:/home/tadtawan/fra532_lecture5_ws/install/fra532_exam1/local/lib/python3.10/dist-packages:/home/tadtawan/fra532_lecture5_ws/install/package_name/local/lib/python3.10/dist-packages:/home/tadtawan/fra532_lecture5_ws/install/mir_restapi/lib/python3.10/site-packages:/home/tadtawan/fra532_lecture5_ws/install/mir_msgs/local/lib/python3.10/dist-packages:/home/tadtawan/fra532_lecture5_ws/install/fra532_slam/local/lib/python3.10/dist-packages:/home/tadtawan/fra532_lecture5_ws/install/fra532_nav/local/lib/python3.10/dist-packages:/home/tadtawan/fra532_lecture5_ws/install/fra532_gazebo/local/lib/python3.10/dist-packages:/home/tadtawan/install/lab1_1/local/lib/python3.10/dist-packages:/opt/ros/humble/lib/python3.10/site-packages:/opt/ros/humble/local/lib/python3.10/dist-packages /usr/bin/cmake /home/tadtawan/fra532_lecture5_ws/src/mir_robot/mir_navigation -DCMAKE_INSTALL_PREFIX=/home/tadtawan/fra532_lecture5_ws/install/mir_navigation
[1.410s] Invoking command in '/home/tadtawan/fra532_lecture5_ws/build/mir_navigation': AMENT_PREFIX_PATH=/home/tadtawan/fra532_lecture5_ws/install/mir_driver:/home/tadtawan/fra532_lecture5_ws/install/twist_stamper:/home/tadtawan/fra532_lecture5_ws/install/fra532_exam1:/home/tadtawan/fra532_lecture5_ws/install/mir_navigation:/home/tadtawan/fra532_lecture5_ws/install/package_name:/home/tadtawan/fra532_lecture5_ws/install/mir_robot:/home/tadtawan/fra532_lecture5_ws/install/mir_restapi:/home/tadtawan/fra532_lecture5_ws/install/mir_msgs:/home/tadtawan/fra532_lecture5_ws/install/mir_gazebo:/home/tadtawan/fra532_lecture5_ws/install/mir_description:/home/tadtawan/fra532_lecture5_ws/install/ira_laser_tools:/home/tadtawan/fra532_lecture5_ws/install/fra532_slam:/home/tadtawan/fra532_lecture5_ws/install/fra532_nav:/home/tadtawan/fra532_lecture5_ws/install/fra532_gazebo:/home/tadtawan/install/lab1_1:/home/tadtawan/aws-robomaker-small-warehouse-world/install/aws_robomaker_small_warehouse_world:/opt/ros/humble CMAKE_PREFIX_PATH=/home/tadtawan/fra532_lecture5_ws/install/mir_msgs:/home/tadtawan/fra532_lecture5_ws/install/mir_description:/home/tadtawan/fra532_lecture5_ws/install/ira_laser_tools:/home/tadtawan/fra532_lecture5_ws/install/fra532_exam1:/home/tadtawan/fra532_lecture5_ws/install/mir_navigation:/home/tadtawan/fra532_lecture5_ws/install/package_name:/home/tadtawan/fra532_lecture5_ws/install/mir_robot:/home/tadtawan/fra532_lecture5_ws/install/mir_gazebo:/home/tadtawan/fra532_lecture5_ws/install/fra532_slam:/home/tadtawan/fra532_lecture5_ws/install/fra532_nav:/home/tadtawan/fra532_lecture5_ws/install/fra532_gazebo:/home/tadtawan/install/lab1_1:/home/tadtawan/aws-robomaker-small-warehouse-world/install/aws_robomaker_small_warehouse_world:/home/tadtawan/fra532_lecture5_ws/install/mir_driver:/home/tadtawan/fra532_lecture5_ws/install/twist_stamper:/home/tadtawan/fra532_lecture5_ws/install/mir_restapi:/opt/ros/humble LD_LIBRARY_PATH=/home/tadtawan/fra532_lecture5_ws/install/mir_msgs/lib:/usr/lib/x86_64-linux-gnu/gazebo-11/plugins:/opt/ros/humble/opt/rviz_ogre_vendor/lib:/opt/ros/humble/lib/x86_64-linux-gnu:/opt/ros/humble/lib:/usr/share/gazebo/../../lib/x86_64-linux-gnu/gazebo-11/plugins PYTHONPATH=/home/tadtawan/fra532_lecture5_ws/install/mir_driver/lib/python3.10/site-packages:/home/tadtawan/fra532_lecture5_ws/install/twist_stamper/lib/python3.10/site-packages:/home/tadtawan/fra532_lecture5_ws/install/fra532_exam1/local/lib/python3.10/dist-packages:/home/tadtawan/fra532_lecture5_ws/install/package_name/local/lib/python3.10/dist-packages:/home/tadtawan/fra532_lecture5_ws/install/mir_restapi/lib/python3.10/site-packages:/home/tadtawan/fra532_lecture5_ws/install/mir_msgs/local/lib/python3.10/dist-packages:/home/tadtawan/fra532_lecture5_ws/install/fra532_slam/local/lib/python3.10/dist-packages:/home/tadtawan/fra532_lecture5_ws/install/fra532_nav/local/lib/python3.10/dist-packages:/home/tadtawan/fra532_lecture5_ws/install/fra532_gazebo/local/lib/python3.10/dist-packages:/home/tadtawan/install/lab1_1/local/lib/python3.10/dist-packages:/opt/ros/humble/lib/python3.10/site-packages:/opt/ros/humble/local/lib/python3.10/dist-packages /usr/bin/cmake --build /home/tadtawan/fra532_lecture5_ws/build/mir_navigation -- -j16 -l16
[1.437s] Invoked command in '/home/tadtawan/fra532_lecture5_ws/build/mir_navigation' returned '0': AMENT_PREFIX_PATH=/home/tadtawan/fra532_lecture5_ws/install/mir_driver:/home/tadtawan/fra532_lecture5_ws/install/twist_stamper:/home/tadtawan/fra532_lecture5_ws/install/fra532_exam1:/home/tadtawan/fra532_lecture5_ws/install/mir_navigation:/home/tadtawan/fra532_lecture5_ws/install/package_name:/home/tadtawan/fra532_lecture5_ws/install/mir_robot:/home/tadtawan/fra532_lecture5_ws/install/mir_restapi:/home/tadtawan/fra532_lecture5_ws/install/mir_msgs:/home/tadtawan/fra532_lecture5_ws/install/mir_gazebo:/home/tadtawan/fra532_lecture5_ws/install/mir_description:/home/tadtawan/fra532_lecture5_ws/install/ira_laser_tools:/home/tadtawan/fra532_lecture5_ws/install/fra532_slam:/home/tadtawan/fra532_lecture5_ws/install/fra532_nav:/home/tadtawan/fra532_lecture5_ws/install/fra532_gazebo:/home/tadtawan/install/lab1_1:/home/tadtawan/aws-robomaker-small-warehouse-world/install/aws_robomaker_small_warehouse_world:/opt/ros/humble CMAKE_PREFIX_PATH=/home/tadtawan/fra532_lecture5_ws/install/mir_msgs:/home/tadtawan/fra532_lecture5_ws/install/mir_description:/home/tadtawan/fra532_lecture5_ws/install/ira_laser_tools:/home/tadtawan/fra532_lecture5_ws/install/fra532_exam1:/home/tadtawan/fra532_lecture5_ws/install/mir_navigation:/home/tadtawan/fra532_lecture5_ws/install/package_name:/home/tadtawan/fra532_lecture5_ws/install/mir_robot:/home/tadtawan/fra532_lecture5_ws/install/mir_gazebo:/home/tadtawan/fra532_lecture5_ws/install/fra532_slam:/home/tadtawan/fra532_lecture5_ws/install/fra532_nav:/home/tadtawan/fra532_lecture5_ws/install/fra532_gazebo:/home/tadtawan/install/lab1_1:/home/tadtawan/aws-robomaker-small-warehouse-world/install/aws_robomaker_small_warehouse_world:/home/tadtawan/fra532_lecture5_ws/install/mir_driver:/home/tadtawan/fra532_lecture5_ws/install/twist_stamper:/home/tadtawan/fra532_lecture5_ws/install/mir_restapi:/opt/ros/humble LD_LIBRARY_PATH=/home/tadtawan/fra532_lecture5_ws/install/mir_msgs/lib:/usr/lib/x86_64-linux-gnu/gazebo-11/plugins:/opt/ros/humble/opt/rviz_ogre_vendor/lib:/opt/ros/humble/lib/x86_64-linux-gnu:/opt/ros/humble/lib:/usr/share/gazebo/../../lib/x86_64-linux-gnu/gazebo-11/plugins PYTHONPATH=/home/tadtawan/fra532_lecture5_ws/install/mir_driver/lib/python3.10/site-packages:/home/tadtawan/fra532_lecture5_ws/install/twist_stamper/lib/python3.10/site-packages:/home/tadtawan/fra532_lecture5_ws/install/fra532_exam1/local/lib/python3.10/dist-packages:/home/tadtawan/fra532_lecture5_ws/install/package_name/local/lib/python3.10/dist-packages:/home/tadtawan/fra532_lecture5_ws/install/mir_restapi/lib/python3.10/site-packages:/home/tadtawan/fra532_lecture5_ws/install/mir_msgs/local/lib/python3.10/dist-packages:/home/tadtawan/fra532_lecture5_ws/install/fra532_slam/local/lib/python3.10/dist-packages:/home/tadtawan/fra532_lecture5_ws/install/fra532_nav/local/lib/python3.10/dist-packages:/home/tadtawan/fra532_lecture5_ws/install/fra532_gazebo/local/lib/python3.10/dist-packages:/home/tadtawan/install/lab1_1/local/lib/python3.10/dist-packages:/opt/ros/humble/lib/python3.10/site-packages:/opt/ros/humble/local/lib/python3.10/dist-packages /usr/bin/cmake --build /home/tadtawan/fra532_lecture5_ws/build/mir_navigation -- -j16 -l16
[1.438s] Invoking command in '/home/tadtawan/fra532_lecture5_ws/build/mir_navigation': AMENT_PREFIX_PATH=/home/tadtawan/fra532_lecture5_ws/install/mir_driver:/home/tadtawan/fra532_lecture5_ws/install/twist_stamper:/home/tadtawan/fra532_lecture5_ws/install/fra532_exam1:/home/tadtawan/fra532_lecture5_ws/install/mir_navigation:/home/tadtawan/fra532_lecture5_ws/install/package_name:/home/tadtawan/fra532_lecture5_ws/install/mir_robot:/home/tadtawan/fra532_lecture5_ws/install/mir_restapi:/home/tadtawan/fra532_lecture5_ws/install/mir_msgs:/home/tadtawan/fra532_lecture5_ws/install/mir_gazebo:/home/tadtawan/fra532_lecture5_ws/install/mir_description:/home/tadtawan/fra532_lecture5_ws/install/ira_laser_tools:/home/tadtawan/fra532_lecture5_ws/install/fra532_slam:/home/tadtawan/fra532_lecture5_ws/install/fra532_nav:/home/tadtawan/fra532_lecture5_ws/install/fra532_gazebo:/home/tadtawan/install/lab1_1:/home/tadtawan/aws-robomaker-small-warehouse-world/install/aws_robomaker_small_warehouse_world:/opt/ros/humble CMAKE_PREFIX_PATH=/home/tadtawan/fra532_lecture5_ws/install/mir_msgs:/home/tadtawan/fra532_lecture5_ws/install/mir_description:/home/tadtawan/fra532_lecture5_ws/install/ira_laser_tools:/home/tadtawan/fra532_lecture5_ws/install/fra532_exam1:/home/tadtawan/fra532_lecture5_ws/install/mir_navigation:/home/tadtawan/fra532_lecture5_ws/install/package_name:/home/tadtawan/fra532_lecture5_ws/install/mir_robot:/home/tadtawan/fra532_lecture5_ws/install/mir_gazebo:/home/tadtawan/fra532_lecture5_ws/install/fra532_slam:/home/tadtawan/fra532_lecture5_ws/install/fra532_nav:/home/tadtawan/fra532_lecture5_ws/install/fra532_gazebo:/home/tadtawan/install/lab1_1:/home/tadtawan/aws-robomaker-small-warehouse-world/install/aws_robomaker_small_warehouse_world:/home/tadtawan/fra532_lecture5_ws/install/mir_driver:/home/tadtawan/fra532_lecture5_ws/install/twist_stamper:/home/tadtawan/fra532_lecture5_ws/install/mir_restapi:/opt/ros/humble LD_LIBRARY_PATH=/home/tadtawan/fra532_lecture5_ws/install/mir_msgs/lib:/usr/lib/x86_64-linux-gnu/gazebo-11/plugins:/opt/ros/humble/opt/rviz_ogre_vendor/lib:/opt/ros/humble/lib/x86_64-linux-gnu:/opt/ros/humble/lib:/usr/share/gazebo/../../lib/x86_64-linux-gnu/gazebo-11/plugins PYTHONPATH=/home/tadtawan/fra532_lecture5_ws/install/mir_driver/lib/python3.10/site-packages:/home/tadtawan/fra532_lecture5_ws/install/twist_stamper/lib/python3.10/site-packages:/home/tadtawan/fra532_lecture5_ws/install/fra532_exam1/local/lib/python3.10/dist-packages:/home/tadtawan/fra532_lecture5_ws/install/package_name/local/lib/python3.10/dist-packages:/home/tadtawan/fra532_lecture5_ws/install/mir_restapi/lib/python3.10/site-packages:/home/tadtawan/fra532_lecture5_ws/install/mir_msgs/local/lib/python3.10/dist-packages:/home/tadtawan/fra532_lecture5_ws/install/fra532_slam/local/lib/python3.10/dist-packages:/home/tadtawan/fra532_lecture5_ws/install/fra532_nav/local/lib/python3.10/dist-packages:/home/tadtawan/fra532_lecture5_ws/install/fra532_gazebo/local/lib/python3.10/dist-packages:/home/tadtawan/install/lab1_1/local/lib/python3.10/dist-packages:/opt/ros/humble/lib/python3.10/site-packages:/opt/ros/humble/local/lib/python3.10/dist-packages /usr/bin/cmake --install /home/tadtawan/fra532_lecture5_ws/build/mir_navigation
[1.442s] -- Install configuration: ""
[1.443s] -- Installing: /home/tadtawan/fra532_lecture5_ws/install/mir_navigation/share/mir_navigation/config
[1.443s] -- Installing: /home/tadtawan/fra532_lecture5_ws/install/mir_navigation/share/mir_navigation/config/mir_mapping_async_sim_namespaced.yaml
[1.443s] -- Installing: /home/tadtawan/fra532_lecture5_ws/install/mir_navigation/share/mir_navigation/config/mir_mapping_async_sim.yaml
[1.443s] -- Installing: /home/tadtawan/fra532_lecture5_ws/install/mir_navigation/share/mir_navigation/config/mir_mapping_async_namespaced.yaml
[1.443s] -- Installing: /home/tadtawan/fra532_lecture5_ws/install/mir_navigation/share/mir_navigation/config/mir_nav_params.yaml
[1.443s] -- Installing: /home/tadtawan/fra532_lecture5_ws/install/mir_navigation/share/mir_navigation/config/mir_mapping_async.yaml
[1.443s] -- Installing: /home/tadtawan/fra532_lecture5_ws/install/mir_navigation/share/mir_navigation/config/mir_nav_params_namespaced.yaml
[1.443s] -- Installing: /home/tadtawan/fra532_lecture5_ws/install/mir_navigation/share/mir_navigation/launch
[1.443s] -- Installing: /home/tadtawan/fra532_lecture5_ws/install/mir_navigation/share/mir_navigation/launch/include
[1.443s] -- Installing: /home/tadtawan/fra532_lecture5_ws/install/mir_navigation/share/mir_navigation/launch/include/mapping.py
[1.443s] -- Installing: /home/tadtawan/fra532_lecture5_ws/install/mir_navigation/share/mir_navigation/launch/include/amcl.py
[1.443s] -- Installing: /home/tadtawan/fra532_lecture5_ws/install/mir_navigation/share/mir_navigation/launch/include/navigation.py
[1.443s] -- Installing: /home/tadtawan/fra532_lecture5_ws/install/mir_navigation/share/mir_navigation/launch/mir_nav_launch.py
[1.443s] -- Installing: /home/tadtawan/fra532_lecture5_ws/install/mir_navigation/share/mir_navigation/launch/mir_mapping_launch.py
[1.443s] -- Installing: /home/tadtawan/fra532_lecture5_ws/install/mir_navigation/share/mir_navigation/rviz
[1.443s] -- Installing: /home/tadtawan/fra532_lecture5_ws/install/mir_navigation/share/mir_navigation/rviz/mir_mapping_nav.rviz
[1.443s] -- Installing: /home/tadtawan/fra532_lecture5_ws/install/mir_navigation/share/mir_navigation/rviz/mir_nav.rviz
[1.443s] -- Installing: /home/tadtawan/fra532_lecture5_ws/install/mir_navigation/share/mir_navigation/rviz/mir_visu.rviz
[1.443s] -- Installing: /home/tadtawan/fra532_lecture5_ws/install/mir_navigation/share/mir_navigation/rviz/mir_mapping.rviz
[1.443s] -- Installing: /home/tadtawan/fra532_lecture5_ws/install/mir_navigation/share/mir_navigation/maps
[1.443s] -- Installing: /home/tadtawan/fra532_lecture5_ws/install/mir_navigation/share/mir_navigation/maps/maze.yaml
[1.443s] -- Installing: /home/tadtawan/fra532_lecture5_ws/install/mir_navigation/share/mir_navigation/maps/maze.posegraph
[1.453s] -- Installing: /home/tadtawan/fra532_lecture5_ws/install/mir_navigation/share/mir_navigation/maps/maze.data
[1.454s] -- Installing: /home/tadtawan/fra532_lecture5_ws/install/mir_navigation/share/mir_navigation/maps/maze.pgm
[1.454s] -- Installing: /home/tadtawan/fra532_lecture5_ws/install/mir_navigation/share/mir_navigation/behavior_trees
[1.454s] -- Installing: /home/tadtawan/fra532_lecture5_ws/install/mir_navigation/share/mir_navigation/behavior_trees/navigate_to_pose_w_replanning_and_recovery.xml
[1.454s] -- Installing: /home/tadtawan/fra532_lecture5_ws/install/mir_navigation/share/ament_index/resource_index/package_run_dependencies/mir_navigation
[1.454s] -- Installing: /home/tadtawan/fra532_lecture5_ws/install/mir_navigation/share/ament_index/resource_index/parent_prefix_path/mir_navigation
[1.454s] -- Installing: /home/tadtawan/fra532_lecture5_ws/install/mir_navigation/share/mir_navigation/environment/ament_prefix_path.sh
[1.454s] -- Installing: /home/tadtawan/fra532_lecture5_ws/install/mir_navigation/share/mir_navigation/environment/ament_prefix_path.dsv
[1.454s] -- Installing: /home/tadtawan/fra532_lecture5_ws/install/mir_navigation/share/mir_navigation/environment/path.sh
[1.454s] -- Installing: /home/tadtawan/fra532_lecture5_ws/install/mir_navigation/share/mir_navigation/environment/path.dsv
[1.454s] -- Installing: /home/tadtawan/fra532_lecture5_ws/install/mir_navigation/share/mir_navigation/local_setup.bash
[1.454s] -- Installing: /home/tadtawan/fra532_lecture5_ws/install/mir_navigation/share/mir_navigation/local_setup.sh
[1.454s] -- Installing: /home/tadtawan/fra532_lecture5_ws/install/mir_navigation/share/mir_navigation/local_setup.zsh
[1.454s] -- Installing: /home/tadtawan/fra532_lecture5_ws/install/mir_navigation/share/mir_navigation/local_setup.dsv
[1.454s] -- Installing: /home/tadtawan/fra532_lecture5_ws/install/mir_navigation/share/mir_navigation/package.dsv
[1.454s] -- Installing: /home/tadtawan/fra532_lecture5_ws/install/mir_navigation/share/ament_index/resource_index/packages/mir_navigation
[1.454s] -- Installing: /home/tadtawan/fra532_lecture5_ws/install/mir_navigation/share/mir_navigation/cmake/mir_navigationConfig.cmake
[1.454s] -- Installing: /home/tadtawan/fra532_lecture5_ws/install/mir_navigation/share/mir_navigation/cmake/mir_navigationConfig-version.cmake
[1.455s] -- Installing: /home/tadtawan/fra532_lecture5_ws/install/mir_navigation/share/mir_navigation/package.xml
[1.456s] Invoked command in '/home/tadtawan/fra532_lecture5_ws/build/mir_navigation' returned '0': AMENT_PREFIX_PATH=/home/tadtawan/fra532_lecture5_ws/install/mir_driver:/home/tadtawan/fra532_lecture5_ws/install/twist_stamper:/home/tadtawan/fra532_lecture5_ws/install/fra532_exam1:/home/tadtawan/fra532_lecture5_ws/install/mir_navigation:/home/tadtawan/fra532_lecture5_ws/install/package_name:/home/tadtawan/fra532_lecture5_ws/install/mir_robot:/home/tadtawan/fra532_lecture5_ws/install/mir_restapi:/home/tadtawan/fra532_lecture5_ws/install/mir_msgs:/home/tadtawan/fra532_lecture5_ws/install/mir_gazebo:/home/tadtawan/fra532_lecture5_ws/install/mir_description:/home/tadtawan/fra532_lecture5_ws/install/ira_laser_tools:/home/tadtawan/fra532_lecture5_ws/install/fra532_slam:/home/tadtawan/fra532_lecture5_ws/install/fra532_nav:/home/tadtawan/fra532_lecture5_ws/install/fra532_gazebo:/home/tadtawan/install/lab1_1:/home/tadtawan/aws-robomaker-small-warehouse-world/install/aws_robomaker_small_warehouse_world:/opt/ros/humble CMAKE_PREFIX_PATH=/home/tadtawan/fra532_lecture5_ws/install/mir_msgs:/home/tadtawan/fra532_lecture5_ws/install/mir_description:/home/tadtawan/fra532_lecture5_ws/install/ira_laser_tools:/home/tadtawan/fra532_lecture5_ws/install/fra532_exam1:/home/tadtawan/fra532_lecture5_ws/install/mir_navigation:/home/tadtawan/fra532_lecture5_ws/install/package_name:/home/tadtawan/fra532_lecture5_ws/install/mir_robot:/home/tadtawan/fra532_lecture5_ws/install/mir_gazebo:/home/tadtawan/fra532_lecture5_ws/install/fra532_slam:/home/tadtawan/fra532_lecture5_ws/install/fra532_nav:/home/tadtawan/fra532_lecture5_ws/install/fra532_gazebo:/home/tadtawan/install/lab1_1:/home/tadtawan/aws-robomaker-small-warehouse-world/install/aws_robomaker_small_warehouse_world:/home/tadtawan/fra532_lecture5_ws/install/mir_driver:/home/tadtawan/fra532_lecture5_ws/install/twist_stamper:/home/tadtawan/fra532_lecture5_ws/install/mir_restapi:/opt/ros/humble LD_LIBRARY_PATH=/home/tadtawan/fra532_lecture5_ws/install/mir_msgs/lib:/usr/lib/x86_64-linux-gnu/gazebo-11/plugins:/opt/ros/humble/opt/rviz_ogre_vendor/lib:/opt/ros/humble/lib/x86_64-linux-gnu:/opt/ros/humble/lib:/usr/share/gazebo/../../lib/x86_64-linux-gnu/gazebo-11/plugins PYTHONPATH=/home/tadtawan/fra532_lecture5_ws/install/mir_driver/lib/python3.10/site-packages:/home/tadtawan/fra532_lecture5_ws/install/twist_stamper/lib/python3.10/site-packages:/home/tadtawan/fra532_lecture5_ws/install/fra532_exam1/local/lib/python3.10/dist-packages:/home/tadtawan/fra532_lecture5_ws/install/package_name/local/lib/python3.10/dist-packages:/home/tadtawan/fra532_lecture5_ws/install/mir_restapi/lib/python3.10/site-packages:/home/tadtawan/fra532_lecture5_ws/install/mir_msgs/local/lib/python3.10/dist-packages:/home/tadtawan/fra532_lecture5_ws/install/fra532_slam/local/lib/python3.10/dist-packages:/home/tadtawan/fra532_lecture5_ws/install/fra532_nav/local/lib/python3.10/dist-packages:/home/tadtawan/fra532_lecture5_ws/install/fra532_gazebo/local/lib/python3.10/dist-packages:/home/tadtawan/install/lab1_1/local/lib/python3.10/dist-packages:/opt/ros/humble/lib/python3.10/site-packages:/opt/ros/humble/local/lib/python3.10/dist-packages /usr/bin/cmake --install /home/tadtawan/fra532_lecture5_ws/build/mir_navigation
