[0.050s] Invoking command in '/home/tadtawan/fra532_lecture5_ws/build/mir_gazebo': CMAKE_PREFIX_PATH=/home/tadtawan/fra532_lecture5_ws/install/mir_description:/home/tadtawan/fra532_lecture5_ws/install/ira_laser_tools:/home/tadtawan/fra532_lecture5_ws/install/fra532_exam1:/home/tadtawan/fra532_lecture5_ws/install/mir_navigation:/home/tadtawan/fra532_lecture5_ws/install/package_name:/home/tadtawan/fra532_lecture5_ws/install/mir_robot:/home/tadtawan/fra532_lecture5_ws/install/mir_msgs:/home/tadtawan/fra532_lecture5_ws/install/mir_gazebo:/home/tadtawan/fra532_lecture5_ws/install/fra532_slam:/home/tadtawan/fra532_lecture5_ws/install/fra532_nav:/home/tadtawan/fra532_lecture5_ws/install/fra532_gazebo:/home/tadtawan/install/lab1_1:/home/tadtawan/aws-robomaker-small-warehouse-world/install/aws_robomaker_small_warehouse_world:/home/tadtawan/fra532_lecture5_ws/install/mir_driver:/home/tadtawan/fra532_lecture5_ws/install/twist_stamper:/home/tadtawan/fra532_lecture5_ws/install/mir_restapi:/opt/ros/humble /usr/bin/cmake --build /home/tadtawan/fra532_lecture5_ws/build/mir_gazebo -- -j16 -l16
[0.093s] Invoked command in '/home/tadtawan/fra532_lecture5_ws/build/mir_gazebo' returned '0': CMAKE_PREFIX_PATH=/home/tadtawan/fra532_lecture5_ws/install/mir_description:/home/tadtawan/fra532_lecture5_ws/install/ira_laser_tools:/home/tadtawan/fra532_lecture5_ws/install/fra532_exam1:/home/tadtawan/fra532_lecture5_ws/install/mir_navigation:/home/tadtawan/fra532_lecture5_ws/install/package_name:/home/tadtawan/fra532_lecture5_ws/install/mir_robot:/home/tadtawan/fra532_lecture5_ws/install/mir_msgs:/home/tadtawan/fra532_lecture5_ws/install/mir_gazebo:/home/tadtawan/fra532_lecture5_ws/install/fra532_slam:/home/tadtawan/fra532_lecture5_ws/install/fra532_nav:/home/tadtawan/fra532_lecture5_ws/install/fra532_gazebo:/home/tadtawan/install/lab1_1:/home/tadtawan/aws-robomaker-small-warehouse-world/install/aws_robomaker_small_warehouse_world:/home/tadtawan/fra532_lecture5_ws/install/mir_driver:/home/tadtawan/fra532_lecture5_ws/install/twist_stamper:/home/tadtawan/fra532_lecture5_ws/install/mir_restapi:/opt/ros/humble /usr/bin/cmake --build /home/tadtawan/fra532_lecture5_ws/build/mir_gazebo -- -j16 -l16
[0.094s] Invoking command in '/home/tadtawan/fra532_lecture5_ws/build/mir_gazebo': CMAKE_PREFIX_PATH=/home/tadtawan/fra532_lecture5_ws/install/mir_description:/home/tadtawan/fra532_lecture5_ws/install/ira_laser_tools:/home/tadtawan/fra532_lecture5_ws/install/fra532_exam1:/home/tadtawan/fra532_lecture5_ws/install/mir_navigation:/home/tadtawan/fra532_lecture5_ws/install/package_name:/home/tadtawan/fra532_lecture5_ws/install/mir_robot:/home/tadtawan/fra532_lecture5_ws/install/mir_msgs:/home/tadtawan/fra532_lecture5_ws/install/mir_gazebo:/home/tadtawan/fra532_lecture5_ws/install/fra532_slam:/home/tadtawan/fra532_lecture5_ws/install/fra532_nav:/home/tadtawan/fra532_lecture5_ws/install/fra532_gazebo:/home/tadtawan/install/lab1_1:/home/tadtawan/aws-robomaker-small-warehouse-world/install/aws_robomaker_small_warehouse_world:/home/tadtawan/fra532_lecture5_ws/install/mir_driver:/home/tadtawan/fra532_lecture5_ws/install/twist_stamper:/home/tadtawan/fra532_lecture5_ws/install/mir_restapi:/opt/ros/humble /usr/bin/cmake --install /home/tadtawan/fra532_lecture5_ws/build/mir_gazebo
[0.100s] -- Install configuration: ""
[0.100s] -- Up-to-date: /home/tadtawan/fra532_lecture5_ws/install/mir_gazebo/share/mir_gazebo/launch
[0.100s] -- Up-to-date: /home/tadtawan/fra532_lecture5_ws/install/mir_gazebo/share/mir_gazebo/launch/include
[0.100s] -- Up-to-date: /home/tadtawan/fra532_lecture5_ws/install/mir_gazebo/share/mir_gazebo/launch/include/mir_gazebo_common.py
[0.100s] -- Up-to-date: /home/tadtawan/fra532_lecture5_ws/install/mir_gazebo/share/mir_gazebo/launch/mir_gazebo_launch.py
[0.100s] -- Up-to-date: /home/tadtawan/fra532_lecture5_ws/install/mir_gazebo/share/mir_gazebo/worlds
[0.100s] -- Up-to-date: /home/tadtawan/fra532_lecture5_ws/install/mir_gazebo/share/mir_gazebo/worlds/include
[0.100s] -- Up-to-date: /home/tadtawan/fra532_lecture5_ws/install/mir_gazebo/share/mir_gazebo/worlds/include/ground_plane
[0.100s] -- Up-to-date: /home/tadtawan/fra532_lecture5_ws/install/mir_gazebo/share/mir_gazebo/worlds/include/ground_plane/model.config
[0.100s] -- Up-to-date: /home/tadtawan/fra532_lecture5_ws/install/mir_gazebo/share/mir_gazebo/worlds/include/ground_plane/model-1_4.sdf
[0.100s] -- Up-to-date: /home/tadtawan/fra532_lecture5_ws/install/mir_gazebo/share/mir_gazebo/worlds/include/ground_plane/model-1_2.sdf
[0.100s] -- Up-to-date: /home/tadtawan/fra532_lecture5_ws/install/mir_gazebo/share/mir_gazebo/worlds/include/ground_plane/model-1_3.sdf
[0.100s] -- Up-to-date: /home/tadtawan/fra532_lecture5_ws/install/mir_gazebo/share/mir_gazebo/worlds/include/ground_plane/model.sdf
[0.100s] -- Up-to-date: /home/tadtawan/fra532_lecture5_ws/install/mir_gazebo/share/mir_gazebo/worlds/include/sun
[0.100s] -- Up-to-date: /home/tadtawan/fra532_lecture5_ws/install/mir_gazebo/share/mir_gazebo/worlds/include/sun/model.config
[0.100s] -- Up-to-date: /home/tadtawan/fra532_lecture5_ws/install/mir_gazebo/share/mir_gazebo/worlds/include/sun/model-1_4.sdf
[0.100s] -- Up-to-date: /home/tadtawan/fra532_lecture5_ws/install/mir_gazebo/share/mir_gazebo/worlds/include/sun/model-1_2.sdf
[0.100s] -- Up-to-date: /home/tadtawan/fra532_lecture5_ws/install/mir_gazebo/share/mir_gazebo/worlds/include/sun/model-1_3.sdf
[0.100s] -- Up-to-date: /home/tadtawan/fra532_lecture5_ws/install/mir_gazebo/share/mir_gazebo/worlds/include/sun/model.sdf
[0.100s] -- Up-to-date: /home/tadtawan/fra532_lecture5_ws/install/mir_gazebo/share/mir_gazebo/worlds/include/maze
[0.100s] -- Up-to-date: /home/tadtawan/fra532_lecture5_ws/install/mir_gazebo/share/mir_gazebo/worlds/include/maze/model.config
[0.100s] -- Up-to-date: /home/tadtawan/fra532_lecture5_ws/install/mir_gazebo/share/mir_gazebo/worlds/include/maze/model.sdf
[0.100s] -- Up-to-date: /home/tadtawan/fra532_lecture5_ws/install/mir_gazebo/share/mir_gazebo/worlds/empty.world
[0.101s] -- Up-to-date: /home/tadtawan/fra532_lecture5_ws/install/mir_gazebo/share/mir_gazebo/worlds/maze.world
[0.101s] -- Up-to-date: /home/tadtawan/fra532_lecture5_ws/install/mir_gazebo/share/mir_gazebo/maps
[0.101s] -- Up-to-date: /home/tadtawan/fra532_lecture5_ws/install/mir_gazebo/share/mir_gazebo/maps/maze.yaml
[0.101s] -- Up-to-date: /home/tadtawan/fra532_lecture5_ws/install/mir_gazebo/share/mir_gazebo/maps/maze_virtual_walls.png
[0.101s] -- Up-to-date: /home/tadtawan/fra532_lecture5_ws/install/mir_gazebo/share/mir_gazebo/maps/maze.png
[0.101s] -- Up-to-date: /home/tadtawan/fra532_lecture5_ws/install/mir_gazebo/share/mir_gazebo/maps/maze_virtual_walls.yaml
[0.101s] -- Up-to-date: /home/tadtawan/fra532_lecture5_ws/install/mir_gazebo/share/mir_gazebo/rviz
[0.101s] -- Up-to-date: /home/tadtawan/fra532_lecture5_ws/install/mir_gazebo/share/mir_gazebo/rviz/mir_visualization.rviz
[0.101s] -- Up-to-date: /home/tadtawan/fra532_lecture5_ws/install/mir_gazebo/share/ament_index/resource_index/package_run_dependencies/mir_gazebo
[0.101s] -- Up-to-date: /home/tadtawan/fra532_lecture5_ws/install/mir_gazebo/share/ament_index/resource_index/parent_prefix_path/mir_gazebo
[0.101s] -- Up-to-date: /home/tadtawan/fra532_lecture5_ws/install/mir_gazebo/share/mir_gazebo/environment/ament_prefix_path.sh
[0.101s] -- Up-to-date: /home/tadtawan/fra532_lecture5_ws/install/mir_gazebo/share/mir_gazebo/environment/ament_prefix_path.dsv
[0.101s] -- Up-to-date: /home/tadtawan/fra532_lecture5_ws/install/mir_gazebo/share/mir_gazebo/environment/path.sh
[0.101s] -- Up-to-date: /home/tadtawan/fra532_lecture5_ws/install/mir_gazebo/share/mir_gazebo/environment/path.dsv
[0.101s] -- Up-to-date: /home/tadtawan/fra532_lecture5_ws/install/mir_gazebo/share/mir_gazebo/local_setup.bash
[0.101s] -- Up-to-date: /home/tadtawan/fra532_lecture5_ws/install/mir_gazebo/share/mir_gazebo/local_setup.sh
[0.101s] -- Up-to-date: /home/tadtawan/fra532_lecture5_ws/install/mir_gazebo/share/mir_gazebo/local_setup.zsh
[0.101s] -- Up-to-date: /home/tadtawan/fra532_lecture5_ws/install/mir_gazebo/share/mir_gazebo/local_setup.dsv
[0.101s] -- Installing: /home/tadtawan/fra532_lecture5_ws/install/mir_gazebo/share/mir_gazebo/package.dsv
[0.101s] -- Up-to-date: /home/tadtawan/fra532_lecture5_ws/install/mir_gazebo/share/ament_index/resource_index/packages/mir_gazebo
[0.101s] -- Up-to-date: /home/tadtawan/fra532_lecture5_ws/install/mir_gazebo/share/mir_gazebo/cmake/mir_gazeboConfig.cmake
[0.101s] -- Up-to-date: /home/tadtawan/fra532_lecture5_ws/install/mir_gazebo/share/mir_gazebo/cmake/mir_gazeboConfig-version.cmake
[0.101s] -- Up-to-date: /home/tadtawan/fra532_lecture5_ws/install/mir_gazebo/share/mir_gazebo/package.xml
[0.102s] Invoked command in '/home/tadtawan/fra532_lecture5_ws/build/mir_gazebo' returned '0': CMAKE_PREFIX_PATH=/home/tadtawan/fra532_lecture5_ws/install/mir_description:/home/tadtawan/fra532_lecture5_ws/install/ira_laser_tools:/home/tadtawan/fra532_lecture5_ws/install/fra532_exam1:/home/tadtawan/fra532_lecture5_ws/install/mir_navigation:/home/tadtawan/fra532_lecture5_ws/install/package_name:/home/tadtawan/fra532_lecture5_ws/install/mir_robot:/home/tadtawan/fra532_lecture5_ws/install/mir_msgs:/home/tadtawan/fra532_lecture5_ws/install/mir_gazebo:/home/tadtawan/fra532_lecture5_ws/install/fra532_slam:/home/tadtawan/fra532_lecture5_ws/install/fra532_nav:/home/tadtawan/fra532_lecture5_ws/install/fra532_gazebo:/home/tadtawan/install/lab1_1:/home/tadtawan/aws-robomaker-small-warehouse-world/install/aws_robomaker_small_warehouse_world:/home/tadtawan/fra532_lecture5_ws/install/mir_driver:/home/tadtawan/fra532_lecture5_ws/install/twist_stamper:/home/tadtawan/fra532_lecture5_ws/install/mir_restapi:/opt/ros/humble /usr/bin/cmake --install /home/tadtawan/fra532_lecture5_ws/build/mir_gazebo
