[0.198s] Invoking command in '/home/tadtawan/fra532_lecture5_ws/build/fra532_gazebo': CMAKE_PREFIX_PATH=${CMAKE_PREFIX_PATH}:/home/tadtawan/fra532_lecture5_ws/install/mir_driver:/home/tadtawan/fra532_lecture5_ws/install/twist_stamper:/home/tadtawan/fra532_lecture5_ws/install/mir_restapi:/opt/ros/humble /usr/bin/cmake --build /home/tadtawan/fra532_lecture5_ws/build/fra532_gazebo -- -j16 -l16
[0.233s] -- Found ament_cmake: 1.3.11 (/opt/ros/humble/share/ament_cmake/cmake)
[0.374s] -- Found rclcpp: 16.0.11 (/opt/ros/humble/share/rclcpp/cmake)
[0.437s] -- Found rosidl_generator_c: 3.1.6 (/opt/ros/humble/share/rosidl_generator_c/cmake)
[0.440s] -- Found rosidl_adapter: 3.1.6 (/opt/ros/humble/share/rosidl_adapter/cmake)
[0.451s] -- Found rosidl_generator_cpp: 3.1.6 (/opt/ros/humble/share/rosidl_generator_cpp/cmake)
[0.474s] -- Using all available rosidl_typesupport_c: rosidl_typesupport_fastrtps_c;rosidl_typesupport_introspection_c
[0.494s] -- Using all available rosidl_typesupport_cpp: rosidl_typesupport_fastrtps_cpp;rosidl_typesupport_introspection_cpp
[0.551s] -- Found rmw_implementation_cmake: 6.1.2 (/opt/ros/humble/share/rmw_implementation_cmake/cmake)
[0.557s] -- Found rmw_fastrtps_cpp: 6.2.7 (/opt/ros/humble/share/rmw_fastrtps_cpp/cmake)
[0.660s] -- Using RMW implementation 'rmw_fastrtps_cpp' as default
[0.738s] -- Found rclpy: 3.3.15 (/opt/ros/humble/share/rclpy/cmake)
[0.831s] -- Configuring done
[0.843s] -- Generating done
[0.848s] -- Build files have been written to: /home/tadtawan/fra532_lecture5_ws/build/fra532_gazebo
[0.873s] [35m[1mConsolidate compiler generated dependencies of target cpp_node_test[0m
[0.882s] [100%] Built target cpp_node_test
[0.886s] [100%] Built target ament_cmake_python_copy_fra532_gazebo
[1.059s] running egg_info
[1.060s] writing fra532_gazebo.egg-info/PKG-INFO
[1.060s] writing dependency_links to fra532_gazebo.egg-info/dependency_links.txt
[1.060s] writing top-level names to fra532_gazebo.egg-info/top_level.txt
[1.062s] reading manifest file 'fra532_gazebo.egg-info/SOURCES.txt'
[1.063s] writing manifest file 'fra532_gazebo.egg-info/SOURCES.txt'
[1.090s] [100%] Built target ament_cmake_python_build_fra532_gazebo_egg
[1.104s] Invoked command in '/home/tadtawan/fra532_lecture5_ws/build/fra532_gazebo' returned '0': CMAKE_PREFIX_PATH=${CMAKE_PREFIX_PATH}:/home/tadtawan/fra532_lecture5_ws/install/mir_driver:/home/tadtawan/fra532_lecture5_ws/install/twist_stamper:/home/tadtawan/fra532_lecture5_ws/install/mir_restapi:/opt/ros/humble /usr/bin/cmake --build /home/tadtawan/fra532_lecture5_ws/build/fra532_gazebo -- -j16 -l16
[1.105s] Invoking command in '/home/tadtawan/fra532_lecture5_ws/build/fra532_gazebo': CMAKE_PREFIX_PATH=${CMAKE_PREFIX_PATH}:/home/tadtawan/fra532_lecture5_ws/install/mir_driver:/home/tadtawan/fra532_lecture5_ws/install/twist_stamper:/home/tadtawan/fra532_lecture5_ws/install/mir_restapi:/opt/ros/humble /usr/bin/cmake --install /home/tadtawan/fra532_lecture5_ws/build/fra532_gazebo
[1.112s] -- Install configuration: ""
[1.112s] -- Up-to-date: /home/tadtawan/fra532_lecture5_ws/install/fra532_gazebo/share/fra532_gazebo/environment/pythonpath.sh
[1.112s] -- Installing: /home/tadtawan/fra532_lecture5_ws/install/fra532_gazebo/share/fra532_gazebo/environment/pythonpath.dsv
[1.112s] -- Up-to-date: /home/tadtawan/fra532_lecture5_ws/install/fra532_gazebo/local/lib/python3.10/dist-packages/fra532_gazebo-0.0.0-py3.10.egg-info
[1.113s] -- Installing: /home/tadtawan/fra532_lecture5_ws/install/fra532_gazebo/local/lib/python3.10/dist-packages/fra532_gazebo-0.0.0-py3.10.egg-info/top_level.txt
[1.113s] -- Installing: /home/tadtawan/fra532_lecture5_ws/install/fra532_gazebo/local/lib/python3.10/dist-packages/fra532_gazebo-0.0.0-py3.10.egg-info/dependency_links.txt
[1.113s] -- Installing: /home/tadtawan/fra532_lecture5_ws/install/fra532_gazebo/local/lib/python3.10/dist-packages/fra532_gazebo-0.0.0-py3.10.egg-info/SOURCES.txt
[1.113s] -- Installing: /home/tadtawan/fra532_lecture5_ws/install/fra532_gazebo/local/lib/python3.10/dist-packages/fra532_gazebo-0.0.0-py3.10.egg-info/PKG-INFO
[1.113s] -- Up-to-date: /home/tadtawan/fra532_lecture5_ws/install/fra532_gazebo/local/lib/python3.10/dist-packages/fra532_gazebo
[1.113s] -- Up-to-date: /home/tadtawan/fra532_lecture5_ws/install/fra532_gazebo/local/lib/python3.10/dist-packages/fra532_gazebo/__init__.py
[1.114s] -- Up-to-date: /home/tadtawan/fra532_lecture5_ws/install/fra532_gazebo/local/lib/python3.10/dist-packages/fra532_gazebo/dummy_module.py
[1.141s] Listing '/home/tadtawan/fra532_lecture5_ws/install/fra532_gazebo/local/lib/python3.10/dist-packages/fra532_gazebo'...
[1.145s] -- Up-to-date: /home/tadtawan/fra532_lecture5_ws/install/fra532_gazebo/lib/fra532_gazebo/dummy_script.py
[1.145s] [31mCMake Error at cmake_install.cmake:70 (file):
[1.145s]   file INSTALL cannot find
[1.145s]   "/home/tadtawan/fra532_lecture5_ws/src/fra532_gazebo/scripts/aruco_detect.py":
[1.145s]   No such file or directory.
[1.145s] 
[1.145s] [0m
[1.147s] Invoked command in '/home/tadtawan/fra532_lecture5_ws/build/fra532_gazebo' returned '1': CMAKE_PREFIX_PATH=${CMAKE_PREFIX_PATH}:/home/tadtawan/fra532_lecture5_ws/install/mir_driver:/home/tadtawan/fra532_lecture5_ws/install/twist_stamper:/home/tadtawan/fra532_lecture5_ws/install/mir_restapi:/opt/ros/humble /usr/bin/cmake --install /home/tadtawan/fra532_lecture5_ws/build/fra532_gazebo
