[0.199s] Invoking command in '/home/tadtawan/fra532_lecture5_ws/build/fra532_gazebo': CMAKE_PREFIX_PATH=${CMAKE_PREFIX_PATH}:/home/tadtawan/fra532_lecture5_ws/install/mir_driver:/home/tadtawan/fra532_lecture5_ws/install/twist_stamper:/home/tadtawan/fra532_lecture5_ws/install/mir_restapi:/opt/ros/humble /usr/bin/cmake --build /home/tadtawan/fra532_lecture5_ws/build/fra532_gazebo -- -j16 -l16
[0.214s] -- Found ament_cmake: 1.3.11 (/opt/ros/humble/share/ament_cmake/cmake)
[0.306s] -- Found rclcpp: 16.0.11 (/opt/ros/humble/share/rclcpp/cmake)
[0.324s] -- Found rosidl_generator_c: 3.1.6 (/opt/ros/humble/share/rosidl_generator_c/cmake)
[0.325s] -- Found rosidl_adapter: 3.1.6 (/opt/ros/humble/share/rosidl_adapter/cmake)
[0.329s] -- Found rosidl_generator_cpp: 3.1.6 (/opt/ros/humble/share/rosidl_generator_cpp/cmake)
[0.335s] -- Using all available rosidl_typesupport_c: rosidl_typesupport_fastrtps_c;rosidl_typesupport_introspection_c
[0.343s] -- Using all available rosidl_typesupport_cpp: rosidl_typesupport_fastrtps_cpp;rosidl_typesupport_introspection_cpp
[0.365s] -- Found rmw_implementation_cmake: 6.1.2 (/opt/ros/humble/share/rmw_implementation_cmake/cmake)
[0.366s] -- Found rmw_fastrtps_cpp: 6.2.7 (/opt/ros/humble/share/rmw_fastrtps_cpp/cmake)
[0.452s] -- Using RMW implementation 'rmw_fastrtps_cpp' as default
[0.485s] -- Found rclpy: 3.3.15 (/opt/ros/humble/share/rclpy/cmake)
[0.582s] -- Configuring done
[0.588s] -- Generating done
[0.593s] -- Build files have been written to: /home/tadtawan/fra532_lecture5_ws/build/fra532_gazebo
[0.616s] [35m[1mConsolidate compiler generated dependencies of target cpp_node_test[0m
[0.627s] [100%] Built target cpp_node_test
[0.630s] [100%] Built target ament_cmake_python_copy_fra532_gazebo
[0.791s] running egg_info
[0.791s] writing fra532_gazebo.egg-info/PKG-INFO
[0.792s] writing dependency_links to fra532_gazebo.egg-info/dependency_links.txt
[0.792s] writing top-level names to fra532_gazebo.egg-info/top_level.txt
[0.794s] reading manifest file 'fra532_gazebo.egg-info/SOURCES.txt'
[0.794s] writing manifest file 'fra532_gazebo.egg-info/SOURCES.txt'
[0.815s] [100%] Built target ament_cmake_python_build_fra532_gazebo_egg
