[  0%] Built target ament_cmake_python_copy_fra532_nav
[100%] Built target cpp_node_test
running egg_info
writing fra532_nav.egg-info/PKG-INFO
writing dependency_links to fra532_nav.egg-info/dependency_links.txt
writing top-level names to fra532_nav.egg-info/top_level.txt
reading manifest file 'fra532_nav.egg-info/SOURCES.txt'
writing manifest file 'fra532_nav.egg-info/SOURCES.txt'
[100%] Built target ament_cmake_python_build_fra532_nav_egg
-- Install configuration: ""
-- Up-to-date: /home/tadtawan/fra532_lecture5_ws/install/fra532_nav/share/fra532_nav/environment/pythonpath.sh
-- Up-to-date: /home/tadtawan/fra532_lecture5_ws/install/fra532_nav/share/fra532_nav/environment/pythonpath.dsv
-- Up-to-date: /home/tadtawan/fra532_lecture5_ws/install/fra532_nav/local/lib/python3.10/dist-packages/fra532_nav-0.0.0-py3.10.egg-info
-- Installing: /home/tadtawan/fra532_lecture5_ws/install/fra532_nav/local/lib/python3.10/dist-packages/fra532_nav-0.0.0-py3.10.egg-info/top_level.txt
-- Installing: /home/tadtawan/fra532_lecture5_ws/install/fra532_nav/local/lib/python3.10/dist-packages/fra532_nav-0.0.0-py3.10.egg-info/dependency_links.txt
-- Installing: /home/tadtawan/fra532_lecture5_ws/install/fra532_nav/local/lib/python3.10/dist-packages/fra532_nav-0.0.0-py3.10.egg-info/SOURCES.txt
-- Installing: /home/tadtawan/fra532_lecture5_ws/install/fra532_nav/local/lib/python3.10/dist-packages/fra532_nav-0.0.0-py3.10.egg-info/PKG-INFO
-- Up-to-date: /home/tadtawan/fra532_lecture5_ws/install/fra532_nav/local/lib/python3.10/dist-packages/fra532_nav
-- Up-to-date: /home/tadtawan/fra532_lecture5_ws/install/fra532_nav/local/lib/python3.10/dist-packages/fra532_nav/__init__.py
-- Up-to-date: /home/tadtawan/fra532_lecture5_ws/install/fra532_nav/local/lib/python3.10/dist-packages/fra532_nav/dummy_module.py
Listing '/home/tadtawan/fra532_lecture5_ws/install/fra532_nav/local/lib/python3.10/dist-packages/fra532_nav'...
-- Up-to-date: /home/tadtawan/fra532_lecture5_ws/install/fra532_nav/lib/fra532_nav/dummy_script.py
-- Up-to-date: /home/tadtawan/fra532_lecture5_ws/install/fra532_nav/lib/fra532_nav/cpp_node_test
-- Up-to-date: /home/tadtawan/fra532_lecture5_ws/install/fra532_nav/share/fra532_nav/launch
-- Up-to-date: /home/tadtawan/fra532_lecture5_ws/install/fra532_nav/share/fra532_nav/launch/navigation.launch.py
-- Up-to-date: /home/tadtawan/fra532_lecture5_ws/install/fra532_nav/share/fra532_nav/maps
-- Up-to-date: /home/tadtawan/fra532_lecture5_ws/install/fra532_nav/share/fra532_nav/maps/map-nav.png
-- Up-to-date: /home/tadtawan/fra532_lecture5_ws/install/fra532_nav/share/fra532_nav/maps/map.pgm
-- Up-to-date: /home/tadtawan/fra532_lecture5_ws/install/fra532_nav/share/fra532_nav/maps/map.yaml
-- Up-to-date: /home/tadtawan/fra532_lecture5_ws/install/fra532_nav/share/fra532_nav/maps/map_nav.yaml
-- Up-to-date: /home/tadtawan/fra532_lecture5_ws/install/fra532_nav/share/fra532_nav/maps/map.png
-- Up-to-date: /home/tadtawan/fra532_lecture5_ws/install/fra532_nav/share/fra532_nav/maps/map_nav.pgm
-- Up-to-date: /home/tadtawan/fra532_lecture5_ws/install/fra532_nav/share/fra532_nav/params
-- Up-to-date: /home/tadtawan/fra532_lecture5_ws/install/fra532_nav/share/fra532_nav/params/basic_params.yaml
-- Up-to-date: /home/tadtawan/fra532_lecture5_ws/install/fra532_nav/share/fra532_nav/rviz
-- Up-to-date: /home/tadtawan/fra532_lecture5_ws/install/fra532_nav/share/fra532_nav/rviz/navigation.rviz
-- Up-to-date: /home/tadtawan/fra532_lecture5_ws/install/fra532_nav/share/ament_index/resource_index/package_run_dependencies/fra532_nav
-- Up-to-date: /home/tadtawan/fra532_lecture5_ws/install/fra532_nav/share/ament_index/resource_index/parent_prefix_path/fra532_nav
-- Up-to-date: /home/tadtawan/fra532_lecture5_ws/install/fra532_nav/share/fra532_nav/environment/ament_prefix_path.sh
-- Up-to-date: /home/tadtawan/fra532_lecture5_ws/install/fra532_nav/share/fra532_nav/environment/ament_prefix_path.dsv
-- Up-to-date: /home/tadtawan/fra532_lecture5_ws/install/fra532_nav/share/fra532_nav/environment/path.sh
-- Up-to-date: /home/tadtawan/fra532_lecture5_ws/install/fra532_nav/share/fra532_nav/environment/path.dsv
-- Up-to-date: /home/tadtawan/fra532_lecture5_ws/install/fra532_nav/share/fra532_nav/local_setup.bash
-- Up-to-date: /home/tadtawan/fra532_lecture5_ws/install/fra532_nav/share/fra532_nav/local_setup.sh
-- Up-to-date: /home/tadtawan/fra532_lecture5_ws/install/fra532_nav/share/fra532_nav/local_setup.zsh
-- Up-to-date: /home/tadtawan/fra532_lecture5_ws/install/fra532_nav/share/fra532_nav/local_setup.dsv
-- Installing: /home/tadtawan/fra532_lecture5_ws/install/fra532_nav/share/fra532_nav/package.dsv
-- Up-to-date: /home/tadtawan/fra532_lecture5_ws/install/fra532_nav/share/ament_index/resource_index/packages/fra532_nav
-- Up-to-date: /home/tadtawan/fra532_lecture5_ws/install/fra532_nav/share/fra532_nav/cmake/fra532_navConfig.cmake
-- Up-to-date: /home/tadtawan/fra532_lecture5_ws/install/fra532_nav/share/fra532_nav/cmake/fra532_navConfig-version.cmake
-- Up-to-date: /home/tadtawan/fra532_lecture5_ws/install/fra532_nav/share/fra532_nav/package.xml
