[0.007s] Invoking command in '/home/tadtawan/fra532_lecture5_ws/build/mir_robot': CMAKE_PREFIX_PATH=/home/tadtawan/fra532_lecture5_ws/install/mir_gazebo:/home/tadtawan/fra532_lecture5_ws/install/mir_description:/home/tadtawan/fra532_lecture5_ws/install/ira_laser_tools:/home/tadtawan/fra532_lecture5_ws/install/mir_navigation:/home/tadtawan/fra532_lecture5_ws/install/mir_robot:/home/tadtawan/fra532_lecture5_ws/install/mir_msgs:/home/tadtawan/fra532_lecture5_ws/install/fra532_slam:/home/tadtawan/fra532_lecture5_ws/install/fra532_nav:/home/tadtawan/fra532_lecture5_ws/install/fra532_gazebo:/home/tadtawan/fra532_lecture5_ws/install/fra532_exam1:/home/tadtawan/install/lab1_1:/home/tadtawan/aws-robomaker-small-warehouse-world/install/aws_robomaker_small_warehouse_world:/home/tadtawan/fra532_lecture5_ws/install/mir_driver:/home/tadtawan/fra532_lecture5_ws/install/twist_stamper:/home/tadtawan/fra532_lecture5_ws/install/mir_restapi:/opt/ros/humble /usr/bin/cmake --build /home/tadtawan/fra532_lecture5_ws/build/mir_robot -- -j16 -l16
[0.030s] Invoked command in '/home/tadtawan/fra532_lecture5_ws/build/mir_robot' returned '0': CMAKE_PREFIX_PATH=/home/tadtawan/fra532_lecture5_ws/install/mir_gazebo:/home/tadtawan/fra532_lecture5_ws/install/mir_description:/home/tadtawan/fra532_lecture5_ws/install/ira_laser_tools:/home/tadtawan/fra532_lecture5_ws/install/mir_navigation:/home/tadtawan/fra532_lecture5_ws/install/mir_robot:/home/tadtawan/fra532_lecture5_ws/install/mir_msgs:/home/tadtawan/fra532_lecture5_ws/install/fra532_slam:/home/tadtawan/fra532_lecture5_ws/install/fra532_nav:/home/tadtawan/fra532_lecture5_ws/install/fra532_gazebo:/home/tadtawan/fra532_lecture5_ws/install/fra532_exam1:/home/tadtawan/install/lab1_1:/home/tadtawan/aws-robomaker-small-warehouse-world/install/aws_robomaker_small_warehouse_world:/home/tadtawan/fra532_lecture5_ws/install/mir_driver:/home/tadtawan/fra532_lecture5_ws/install/twist_stamper:/home/tadtawan/fra532_lecture5_ws/install/mir_restapi:/opt/ros/humble /usr/bin/cmake --build /home/tadtawan/fra532_lecture5_ws/build/mir_robot -- -j16 -l16
[0.032s] Invoking command in '/home/tadtawan/fra532_lecture5_ws/build/mir_robot': CMAKE_PREFIX_PATH=/home/tadtawan/fra532_lecture5_ws/install/mir_gazebo:/home/tadtawan/fra532_lecture5_ws/install/mir_description:/home/tadtawan/fra532_lecture5_ws/install/ira_laser_tools:/home/tadtawan/fra532_lecture5_ws/install/mir_navigation:/home/tadtawan/fra532_lecture5_ws/install/mir_robot:/home/tadtawan/fra532_lecture5_ws/install/mir_msgs:/home/tadtawan/fra532_lecture5_ws/install/fra532_slam:/home/tadtawan/fra532_lecture5_ws/install/fra532_nav:/home/tadtawan/fra532_lecture5_ws/install/fra532_gazebo:/home/tadtawan/fra532_lecture5_ws/install/fra532_exam1:/home/tadtawan/install/lab1_1:/home/tadtawan/aws-robomaker-small-warehouse-world/install/aws_robomaker_small_warehouse_world:/home/tadtawan/fra532_lecture5_ws/install/mir_driver:/home/tadtawan/fra532_lecture5_ws/install/twist_stamper:/home/tadtawan/fra532_lecture5_ws/install/mir_restapi:/opt/ros/humble /usr/bin/cmake --install /home/tadtawan/fra532_lecture5_ws/build/mir_robot
[0.037s] -- Install configuration: ""
[0.037s] -- Up-to-date: /home/tadtawan/fra532_lecture5_ws/install/mir_robot/share/ament_index/resource_index/package_run_dependencies/mir_robot
[0.037s] -- Up-to-date: /home/tadtawan/fra532_lecture5_ws/install/mir_robot/share/ament_index/resource_index/parent_prefix_path/mir_robot
[0.037s] -- Up-to-date: /home/tadtawan/fra532_lecture5_ws/install/mir_robot/share/mir_robot/environment/ament_prefix_path.sh
[0.037s] -- Up-to-date: /home/tadtawan/fra532_lecture5_ws/install/mir_robot/share/mir_robot/environment/ament_prefix_path.dsv
[0.037s] -- Up-to-date: /home/tadtawan/fra532_lecture5_ws/install/mir_robot/share/mir_robot/environment/path.sh
[0.037s] -- Up-to-date: /home/tadtawan/fra532_lecture5_ws/install/mir_robot/share/mir_robot/environment/path.dsv
[0.037s] -- Up-to-date: /home/tadtawan/fra532_lecture5_ws/install/mir_robot/share/mir_robot/local_setup.bash
[0.037s] -- Up-to-date: /home/tadtawan/fra532_lecture5_ws/install/mir_robot/share/mir_robot/local_setup.sh
[0.037s] -- Up-to-date: /home/tadtawan/fra532_lecture5_ws/install/mir_robot/share/mir_robot/local_setup.zsh
[0.037s] -- Up-to-date: /home/tadtawan/fra532_lecture5_ws/install/mir_robot/share/mir_robot/local_setup.dsv
[0.037s] -- Installing: /home/tadtawan/fra532_lecture5_ws/install/mir_robot/share/mir_robot/package.dsv
[0.037s] -- Up-to-date: /home/tadtawan/fra532_lecture5_ws/install/mir_robot/share/ament_index/resource_index/packages/mir_robot
[0.037s] -- Up-to-date: /home/tadtawan/fra532_lecture5_ws/install/mir_robot/share/mir_robot/cmake/mir_robotConfig.cmake
[0.037s] -- Up-to-date: /home/tadtawan/fra532_lecture5_ws/install/mir_robot/share/mir_robot/cmake/mir_robotConfig-version.cmake
[0.037s] -- Up-to-date: /home/tadtawan/fra532_lecture5_ws/install/mir_robot/share/mir_robot/package.xml
[0.038s] Invoked command in '/home/tadtawan/fra532_lecture5_ws/build/mir_robot' returned '0': CMAKE_PREFIX_PATH=/home/tadtawan/fra532_lecture5_ws/install/mir_gazebo:/home/tadtawan/fra532_lecture5_ws/install/mir_description:/home/tadtawan/fra532_lecture5_ws/install/ira_laser_tools:/home/tadtawan/fra532_lecture5_ws/install/mir_navigation:/home/tadtawan/fra532_lecture5_ws/install/mir_robot:/home/tadtawan/fra532_lecture5_ws/install/mir_msgs:/home/tadtawan/fra532_lecture5_ws/install/fra532_slam:/home/tadtawan/fra532_lecture5_ws/install/fra532_nav:/home/tadtawan/fra532_lecture5_ws/install/fra532_gazebo:/home/tadtawan/fra532_lecture5_ws/install/fra532_exam1:/home/tadtawan/install/lab1_1:/home/tadtawan/aws-robomaker-small-warehouse-world/install/aws_robomaker_small_warehouse_world:/home/tadtawan/fra532_lecture5_ws/install/mir_driver:/home/tadtawan/fra532_lecture5_ws/install/twist_stamper:/home/tadtawan/fra532_lecture5_ws/install/mir_restapi:/opt/ros/humble /usr/bin/cmake --install /home/tadtawan/fra532_lecture5_ws/build/mir_robot
