[0.249s] Invoking command in '/home/tadtawan/fra532_lecture5_ws/build/fra532_slam': CMAKE_PREFIX_PATH=${CMAKE_PREFIX_PATH}:/home/tadtawan/fra532_lecture5_ws/install/mir_driver:/home/tadtawan/fra532_lecture5_ws/install/twist_stamper:/home/tadtawan/fra532_lecture5_ws/install/mir_restapi:/opt/ros/humble /usr/bin/cmake --build /home/tadtawan/fra532_lecture5_ws/build/fra532_slam -- -j16 -l16
[0.292s] [100%] Built target cpp_node_test
[0.297s] [100%] Built target ament_cmake_python_copy_fra532_slam
[0.492s] running egg_info
[0.492s] writing fra532_slam.egg-info/PKG-INFO
[0.492s] writing dependency_links to fra532_slam.egg-info/dependency_links.txt
[0.492s] writing top-level names to fra532_slam.egg-info/top_level.txt
[0.495s] reading manifest file 'fra532_slam.egg-info/SOURCES.txt'
[0.496s] writing manifest file 'fra532_slam.egg-info/SOURCES.txt'
[0.538s] [100%] Built target ament_cmake_python_build_fra532_slam_egg
[0.564s] Invoked command in '/home/tadtawan/fra532_lecture5_ws/build/fra532_slam' returned '0': CMAKE_PREFIX_PATH=${CMAKE_PREFIX_PATH}:/home/tadtawan/fra532_lecture5_ws/install/mir_driver:/home/tadtawan/fra532_lecture5_ws/install/twist_stamper:/home/tadtawan/fra532_lecture5_ws/install/mir_restapi:/opt/ros/humble /usr/bin/cmake --build /home/tadtawan/fra532_lecture5_ws/build/fra532_slam -- -j16 -l16
[0.565s] Invoking command in '/home/tadtawan/fra532_lecture5_ws/build/fra532_slam': CMAKE_PREFIX_PATH=${CMAKE_PREFIX_PATH}:/home/tadtawan/fra532_lecture5_ws/install/mir_driver:/home/tadtawan/fra532_lecture5_ws/install/twist_stamper:/home/tadtawan/fra532_lecture5_ws/install/mir_restapi:/opt/ros/humble /usr/bin/cmake --install /home/tadtawan/fra532_lecture5_ws/build/fra532_slam
[0.584s] -- Install configuration: ""
[0.585s] -- Up-to-date: /home/tadtawan/fra532_lecture5_ws/install/fra532_slam/share/fra532_slam/environment/pythonpath.sh
[0.585s] -- Up-to-date: /home/tadtawan/fra532_lecture5_ws/install/fra532_slam/share/fra532_slam/environment/pythonpath.dsv
[0.585s] -- Up-to-date: /home/tadtawan/fra532_lecture5_ws/install/fra532_slam/local/lib/python3.10/dist-packages/fra532_slam-0.0.0-py3.10.egg-info
[0.586s] -- Installing: /home/tadtawan/fra532_lecture5_ws/install/fra532_slam/local/lib/python3.10/dist-packages/fra532_slam-0.0.0-py3.10.egg-info/top_level.txt
[0.586s] -- Installing: /home/tadtawan/fra532_lecture5_ws/install/fra532_slam/local/lib/python3.10/dist-packages/fra532_slam-0.0.0-py3.10.egg-info/dependency_links.txt
[0.586s] -- Installing: /home/tadtawan/fra532_lecture5_ws/install/fra532_slam/local/lib/python3.10/dist-packages/fra532_slam-0.0.0-py3.10.egg-info/SOURCES.txt
[0.586s] -- Installing: /home/tadtawan/fra532_lecture5_ws/install/fra532_slam/local/lib/python3.10/dist-packages/fra532_slam-0.0.0-py3.10.egg-info/PKG-INFO
[0.586s] -- Up-to-date: /home/tadtawan/fra532_lecture5_ws/install/fra532_slam/local/lib/python3.10/dist-packages/fra532_slam
[0.586s] -- Up-to-date: /home/tadtawan/fra532_lecture5_ws/install/fra532_slam/local/lib/python3.10/dist-packages/fra532_slam/__init__.py
[0.586s] -- Up-to-date: /home/tadtawan/fra532_lecture5_ws/install/fra532_slam/local/lib/python3.10/dist-packages/fra532_slam/dummy_module.py
[0.601s] Listing '/home/tadtawan/fra532_lecture5_ws/install/fra532_slam/local/lib/python3.10/dist-packages/fra532_slam'...
[0.607s] -- Up-to-date: /home/tadtawan/fra532_lecture5_ws/install/fra532_slam/lib/fra532_slam/dummy_script.py
[0.608s] -- Up-to-date: /home/tadtawan/fra532_lecture5_ws/install/fra532_slam/lib/fra532_slam/cpp_node_test
[0.608s] -- Up-to-date: /home/tadtawan/fra532_lecture5_ws/install/fra532_slam/share/fra532_slam/launch
[0.608s] -- Up-to-date: /home/tadtawan/fra532_lecture5_ws/install/fra532_slam/share/fra532_slam/launch/save_map.launch.py
[0.608s] -- Up-to-date: /home/tadtawan/fra532_lecture5_ws/install/fra532_slam/share/fra532_slam/launch/mapping.launch.py
[0.608s] -- Up-to-date: /home/tadtawan/fra532_lecture5_ws/install/fra532_slam/share/fra532_slam/config
[0.609s] -- Up-to-date: /home/tadtawan/fra532_lecture5_ws/install/fra532_slam/share/fra532_slam/config/mapping_async.yaml
[0.609s] -- Up-to-date: /home/tadtawan/fra532_lecture5_ws/install/fra532_slam/share/fra532_slam/rviz
[0.609s] -- Up-to-date: /home/tadtawan/fra532_lecture5_ws/install/fra532_slam/share/fra532_slam/rviz/mapping.rviz
[0.609s] -- Up-to-date: /home/tadtawan/fra532_lecture5_ws/install/fra532_slam/share/ament_index/resource_index/package_run_dependencies/fra532_slam
[0.609s] -- Up-to-date: /home/tadtawan/fra532_lecture5_ws/install/fra532_slam/share/ament_index/resource_index/parent_prefix_path/fra532_slam
[0.609s] -- Up-to-date: /home/tadtawan/fra532_lecture5_ws/install/fra532_slam/share/fra532_slam/environment/ament_prefix_path.sh
[0.609s] -- Up-to-date: /home/tadtawan/fra532_lecture5_ws/install/fra532_slam/share/fra532_slam/environment/ament_prefix_path.dsv
[0.609s] -- Up-to-date: /home/tadtawan/fra532_lecture5_ws/install/fra532_slam/share/fra532_slam/environment/path.sh
[0.609s] -- Up-to-date: /home/tadtawan/fra532_lecture5_ws/install/fra532_slam/share/fra532_slam/environment/path.dsv
[0.609s] -- Up-to-date: /home/tadtawan/fra532_lecture5_ws/install/fra532_slam/share/fra532_slam/local_setup.bash
[0.609s] -- Up-to-date: /home/tadtawan/fra532_lecture5_ws/install/fra532_slam/share/fra532_slam/local_setup.sh
[0.609s] -- Up-to-date: /home/tadtawan/fra532_lecture5_ws/install/fra532_slam/share/fra532_slam/local_setup.zsh
[0.609s] -- Up-to-date: /home/tadtawan/fra532_lecture5_ws/install/fra532_slam/share/fra532_slam/local_setup.dsv
[0.610s] -- Installing: /home/tadtawan/fra532_lecture5_ws/install/fra532_slam/share/fra532_slam/package.dsv
[0.610s] -- Up-to-date: /home/tadtawan/fra532_lecture5_ws/install/fra532_slam/share/ament_index/resource_index/packages/fra532_slam
[0.610s] -- Up-to-date: /home/tadtawan/fra532_lecture5_ws/install/fra532_slam/share/fra532_slam/cmake/fra532_slamConfig.cmake
[0.610s] -- Up-to-date: /home/tadtawan/fra532_lecture5_ws/install/fra532_slam/share/fra532_slam/cmake/fra532_slamConfig-version.cmake
[0.610s] -- Up-to-date: /home/tadtawan/fra532_lecture5_ws/install/fra532_slam/share/fra532_slam/package.xml
[0.613s] Invoked command in '/home/tadtawan/fra532_lecture5_ws/build/fra532_slam' returned '0': CMAKE_PREFIX_PATH=${CMAKE_PREFIX_PATH}:/home/tadtawan/fra532_lecture5_ws/install/mir_driver:/home/tadtawan/fra532_lecture5_ws/install/twist_stamper:/home/tadtawan/fra532_lecture5_ws/install/mir_restapi:/opt/ros/humble /usr/bin/cmake --install /home/tadtawan/fra532_lecture5_ws/build/fra532_slam
