[0.196s] Invoking command in '/home/tadtawan/fra532_lecture5_ws/build/fra532_gazebo': CMAKE_PREFIX_PATH=${CMAKE_PREFIX_PATH}:/home/tadtawan/fra532_lecture5_ws/install/mir_driver:/home/tadtawan/fra532_lecture5_ws/install/twist_stamper:/home/tadtawan/fra532_lecture5_ws/install/mir_restapi:/opt/ros/humble /usr/bin/cmake /home/tadtawan/fra532_lecture5_ws/src/fra532_gazebo -DCMAKE_INSTALL_PREFIX=/home/tadtawan/fra532_lecture5_ws/install/fra532_gazebo
[0.240s] -- The C compiler identification is GNU 11.4.0
[0.285s] -- The CXX compiler identification is GNU 11.4.0
[0.292s] -- Detecting C compiler ABI info
[0.346s] -- Detecting C compiler ABI info - done
[0.355s] -- Check for working C compiler: /usr/bin/cc - skipped
[0.356s] -- Detecting C compile features
[0.356s] -- Detecting C compile features - done
[0.359s] -- Detecting CXX compiler ABI info
[0.423s] -- Detecting CXX compiler ABI info - done
[0.433s] -- Check for working CXX compiler: /usr/bin/c++ - skipped
[0.433s] -- Detecting CXX compile features
[0.433s] -- Detecting CXX compile features - done
[0.436s] -- Found ament_cmake: 1.3.11 (/opt/ros/humble/share/ament_cmake/cmake)
[0.581s] -- Found Python3: /usr/bin/python3 (found version "3.10.12") found components: Interpreter 
[0.672s] -- Found rclcpp: 16.0.11 (/opt/ros/humble/share/rclcpp/cmake)
[0.706s] -- Found rosidl_generator_c: 3.1.6 (/opt/ros/humble/share/rosidl_generator_c/cmake)
[0.709s] -- Found rosidl_adapter: 3.1.6 (/opt/ros/humble/share/rosidl_adapter/cmake)
[0.716s] -- Found rosidl_generator_cpp: 3.1.6 (/opt/ros/humble/share/rosidl_generator_cpp/cmake)
[0.726s] -- Using all available rosidl_typesupport_c: rosidl_typesupport_fastrtps_c;rosidl_typesupport_introspection_c
[0.740s] -- Using all available rosidl_typesupport_cpp: rosidl_typesupport_fastrtps_cpp;rosidl_typesupport_introspection_cpp
[0.786s] -- Found rmw_implementation_cmake: 6.1.2 (/opt/ros/humble/share/rmw_implementation_cmake/cmake)
[0.788s] -- Found rmw_fastrtps_cpp: 6.2.7 (/opt/ros/humble/share/rmw_fastrtps_cpp/cmake)
[0.855s] -- Found OpenSSL: /usr/lib/x86_64-linux-gnu/libcrypto.so (found version "3.0.2")  
[0.883s] -- Found FastRTPS: /opt/ros/humble/include  
[0.927s] -- Using RMW implementation 'rmw_fastrtps_cpp' as default
[0.936s] -- Looking for pthread.h
[1.017s] -- Looking for pthread.h - found
[1.017s] -- Performing Test CMAKE_HAVE_LIBC_PTHREAD
[1.073s] -- Performing Test CMAKE_HAVE_LIBC_PTHREAD - Success
[1.074s] -- Found Threads: TRUE  
[1.112s] -- Found rclpy: 3.3.15 (/opt/ros/humble/share/rclpy/cmake)
[1.229s] -- Configuring done
[1.238s] -- Generating done
[1.242s] -- Build files have been written to: /home/tadtawan/fra532_lecture5_ws/build/fra532_gazebo
[1.252s] Invoked command in '/home/tadtawan/fra532_lecture5_ws/build/fra532_gazebo' returned '0': CMAKE_PREFIX_PATH=${CMAKE_PREFIX_PATH}:/home/tadtawan/fra532_lecture5_ws/install/mir_driver:/home/tadtawan/fra532_lecture5_ws/install/twist_stamper:/home/tadtawan/fra532_lecture5_ws/install/mir_restapi:/opt/ros/humble /usr/bin/cmake /home/tadtawan/fra532_lecture5_ws/src/fra532_gazebo -DCMAKE_INSTALL_PREFIX=/home/tadtawan/fra532_lecture5_ws/install/fra532_gazebo
[1.254s] Invoking command in '/home/tadtawan/fra532_lecture5_ws/build/fra532_gazebo': CMAKE_PREFIX_PATH=${CMAKE_PREFIX_PATH}:/home/tadtawan/fra532_lecture5_ws/install/mir_driver:/home/tadtawan/fra532_lecture5_ws/install/twist_stamper:/home/tadtawan/fra532_lecture5_ws/install/mir_restapi:/opt/ros/humble /usr/bin/cmake --build /home/tadtawan/fra532_lecture5_ws/build/fra532_gazebo -- -j16 -l16
[1.299s] [ 50%] [32mBuilding CXX object CMakeFiles/cpp_node_test.dir/src/cpp_node.cpp.o[0m
[1.311s] [ 50%] Built target ament_cmake_python_copy_fra532_gazebo
[1.548s] [100%] [32m[1mLinking CXX executable cpp_node_test[0m
[1.604s] running egg_info
[1.604s] creating fra532_gazebo.egg-info
[1.604s] writing fra532_gazebo.egg-info/PKG-INFO
[1.604s] writing dependency_links to fra532_gazebo.egg-info/dependency_links.txt
[1.604s] writing top-level names to fra532_gazebo.egg-info/top_level.txt
[1.604s] writing manifest file 'fra532_gazebo.egg-info/SOURCES.txt'
[1.604s] reading manifest file 'fra532_gazebo.egg-info/SOURCES.txt'
[1.605s] writing manifest file 'fra532_gazebo.egg-info/SOURCES.txt'
[1.653s] [100%] Built target ament_cmake_python_build_fra532_gazebo_egg
[1.674s] [100%] Built target cpp_node_test
[1.682s] Invoked command in '/home/tadtawan/fra532_lecture5_ws/build/fra532_gazebo' returned '0': CMAKE_PREFIX_PATH=${CMAKE_PREFIX_PATH}:/home/tadtawan/fra532_lecture5_ws/install/mir_driver:/home/tadtawan/fra532_lecture5_ws/install/twist_stamper:/home/tadtawan/fra532_lecture5_ws/install/mir_restapi:/opt/ros/humble /usr/bin/cmake --build /home/tadtawan/fra532_lecture5_ws/build/fra532_gazebo -- -j16 -l16
[1.684s] Invoking command in '/home/tadtawan/fra532_lecture5_ws/build/fra532_gazebo': CMAKE_PREFIX_PATH=${CMAKE_PREFIX_PATH}:/home/tadtawan/fra532_lecture5_ws/install/mir_driver:/home/tadtawan/fra532_lecture5_ws/install/twist_stamper:/home/tadtawan/fra532_lecture5_ws/install/mir_restapi:/opt/ros/humble /usr/bin/cmake --install /home/tadtawan/fra532_lecture5_ws/build/fra532_gazebo
[1.691s] -- Install configuration: ""
[1.691s] -- Installing: /home/tadtawan/fra532_lecture5_ws/install/fra532_gazebo/share/fra532_gazebo/environment/pythonpath.sh
[1.691s] -- Installing: /home/tadtawan/fra532_lecture5_ws/install/fra532_gazebo/share/fra532_gazebo/environment/pythonpath.dsv
[1.691s] -- Installing: /home/tadtawan/fra532_lecture5_ws/install/fra532_gazebo/local/lib/python3.10/dist-packages/fra532_gazebo-0.0.0-py3.10.egg-info
[1.691s] -- Installing: /home/tadtawan/fra532_lecture5_ws/install/fra532_gazebo/local/lib/python3.10/dist-packages/fra532_gazebo-0.0.0-py3.10.egg-info/top_level.txt
[1.691s] -- Installing: /home/tadtawan/fra532_lecture5_ws/install/fra532_gazebo/local/lib/python3.10/dist-packages/fra532_gazebo-0.0.0-py3.10.egg-info/dependency_links.txt
[1.691s] -- Installing: /home/tadtawan/fra532_lecture5_ws/install/fra532_gazebo/local/lib/python3.10/dist-packages/fra532_gazebo-0.0.0-py3.10.egg-info/SOURCES.txt
[1.692s] -- Installing: /home/tadtawan/fra532_lecture5_ws/install/fra532_gazebo/local/lib/python3.10/dist-packages/fra532_gazebo-0.0.0-py3.10.egg-info/PKG-INFO
[1.692s] -- Installing: /home/tadtawan/fra532_lecture5_ws/install/fra532_gazebo/local/lib/python3.10/dist-packages/fra532_gazebo
[1.692s] -- Installing: /home/tadtawan/fra532_lecture5_ws/install/fra532_gazebo/local/lib/python3.10/dist-packages/fra532_gazebo/__init__.py
[1.692s] -- Installing: /home/tadtawan/fra532_lecture5_ws/install/fra532_gazebo/local/lib/python3.10/dist-packages/fra532_gazebo/dummy_module.py
[1.717s] Listing '/home/tadtawan/fra532_lecture5_ws/install/fra532_gazebo/local/lib/python3.10/dist-packages/fra532_gazebo'...
[1.717s] Compiling '/home/tadtawan/fra532_lecture5_ws/install/fra532_gazebo/local/lib/python3.10/dist-packages/fra532_gazebo/__init__.py'...
[1.717s] Compiling '/home/tadtawan/fra532_lecture5_ws/install/fra532_gazebo/local/lib/python3.10/dist-packages/fra532_gazebo/dummy_module.py'...
[1.722s] -- Installing: /home/tadtawan/fra532_lecture5_ws/install/fra532_gazebo/lib/fra532_gazebo/dummy_script.py
[1.722s] -- Installing: /home/tadtawan/fra532_lecture5_ws/install/fra532_gazebo/lib/fra532_gazebo/cpp_node_test
[1.722s] -- Set runtime path of "/home/tadtawan/fra532_lecture5_ws/install/fra532_gazebo/lib/fra532_gazebo/cpp_node_test" to ""
[1.722s] -- Installing: /home/tadtawan/fra532_lecture5_ws/install/fra532_gazebo/share/fra532_gazebo/launch
[1.722s] -- Installing: /home/tadtawan/fra532_lecture5_ws/install/fra532_gazebo/share/fra532_gazebo/launch/sim.launch.py
[1.722s] -- Installing: /home/tadtawan/fra532_lecture5_ws/install/fra532_gazebo/share/ament_index/resource_index/package_run_dependencies/fra532_gazebo
[1.722s] -- Installing: /home/tadtawan/fra532_lecture5_ws/install/fra532_gazebo/share/ament_index/resource_index/parent_prefix_path/fra532_gazebo
[1.722s] -- Installing: /home/tadtawan/fra532_lecture5_ws/install/fra532_gazebo/share/fra532_gazebo/environment/ament_prefix_path.sh
[1.722s] -- Installing: /home/tadtawan/fra532_lecture5_ws/install/fra532_gazebo/share/fra532_gazebo/environment/ament_prefix_path.dsv
[1.722s] -- Installing: /home/tadtawan/fra532_lecture5_ws/install/fra532_gazebo/share/fra532_gazebo/environment/path.sh
[1.722s] -- Installing: /home/tadtawan/fra532_lecture5_ws/install/fra532_gazebo/share/fra532_gazebo/environment/path.dsv
[1.722s] -- Installing: /home/tadtawan/fra532_lecture5_ws/install/fra532_gazebo/share/fra532_gazebo/local_setup.bash
[1.723s] -- Installing: /home/tadtawan/fra532_lecture5_ws/install/fra532_gazebo/share/fra532_gazebo/local_setup.sh
[1.723s] -- Installing: /home/tadtawan/fra532_lecture5_ws/install/fra532_gazebo/share/fra532_gazebo/local_setup.zsh
[1.723s] -- Installing: /home/tadtawan/fra532_lecture5_ws/install/fra532_gazebo/share/fra532_gazebo/local_setup.dsv
[1.723s] -- Installing: /home/tadtawan/fra532_lecture5_ws/install/fra532_gazebo/share/fra532_gazebo/package.dsv
[1.723s] -- Installing: /home/tadtawan/fra532_lecture5_ws/install/fra532_gazebo/share/ament_index/resource_index/packages/fra532_gazebo
[1.723s] -- Installing: /home/tadtawan/fra532_lecture5_ws/install/fra532_gazebo/share/fra532_gazebo/cmake/fra532_gazeboConfig.cmake
[1.723s] -- Installing: /home/tadtawan/fra532_lecture5_ws/install/fra532_gazebo/share/fra532_gazebo/cmake/fra532_gazeboConfig-version.cmake
[1.723s] -- Installing: /home/tadtawan/fra532_lecture5_ws/install/fra532_gazebo/share/fra532_gazebo/package.xml
[1.726s] Invoked command in '/home/tadtawan/fra532_lecture5_ws/build/fra532_gazebo' returned '0': CMAKE_PREFIX_PATH=${CMAKE_PREFIX_PATH}:/home/tadtawan/fra532_lecture5_ws/install/mir_driver:/home/tadtawan/fra532_lecture5_ws/install/twist_stamper:/home/tadtawan/fra532_lecture5_ws/install/mir_restapi:/opt/ros/humble /usr/bin/cmake --install /home/tadtawan/fra532_lecture5_ws/build/fra532_gazebo
