[0.196s] Invoking command in '/home/tadtawan/fra532_lecture5_ws/build/fra532_nav': CMAKE_PREFIX_PATH=${CMAKE_PREFIX_PATH}:/home/tadtawan/fra532_lecture5_ws/install/mir_driver:/home/tadtawan/fra532_lecture5_ws/install/twist_stamper:/home/tadtawan/fra532_lecture5_ws/install/mir_restapi:/opt/ros/humble /usr/bin/cmake /home/tadtawan/fra532_lecture5_ws/src/fra532_nav -DCMAKE_INSTALL_PREFIX=/home/tadtawan/fra532_lecture5_ws/install/fra532_nav
[0.241s] -- The C compiler identification is GNU 11.4.0
[0.288s] -- The CXX compiler identification is GNU 11.4.0
[0.296s] -- Detecting C compiler ABI info
[0.347s] -- Detecting C compiler ABI info - done
[0.355s] -- Check for working C compiler: /usr/bin/cc - skipped
[0.356s] -- Detecting C compile features
[0.356s] -- Detecting C compile features - done
[0.358s] -- Detecting CXX compiler ABI info
[0.421s] -- Detecting CXX compiler ABI info - done
[0.427s] -- Check for working CXX compiler: /usr/bin/c++ - skipped
[0.427s] -- Detecting CXX compile features
[0.427s] -- Detecting CXX compile features - done
[0.429s] -- Found ament_cmake: 1.3.11 (/opt/ros/humble/share/ament_cmake/cmake)
[0.552s] -- Found Python3: /usr/bin/python3 (found version "3.10.12") found components: Interpreter 
[0.635s] -- Found rclcpp: 16.0.11 (/opt/ros/humble/share/rclcpp/cmake)
[0.673s] -- Found rosidl_generator_c: 3.1.6 (/opt/ros/humble/share/rosidl_generator_c/cmake)
[0.677s] -- Found rosidl_adapter: 3.1.6 (/opt/ros/humble/share/rosidl_adapter/cmake)
[0.683s] -- Found rosidl_generator_cpp: 3.1.6 (/opt/ros/humble/share/rosidl_generator_cpp/cmake)
[0.692s] -- Using all available rosidl_typesupport_c: rosidl_typesupport_fastrtps_c;rosidl_typesupport_introspection_c
[0.704s] -- Using all available rosidl_typesupport_cpp: rosidl_typesupport_fastrtps_cpp;rosidl_typesupport_introspection_cpp
[0.736s] -- Found rmw_implementation_cmake: 6.1.2 (/opt/ros/humble/share/rmw_implementation_cmake/cmake)
[0.738s] -- Found rmw_fastrtps_cpp: 6.2.7 (/opt/ros/humble/share/rmw_fastrtps_cpp/cmake)
[0.802s] -- Found OpenSSL: /usr/lib/x86_64-linux-gnu/libcrypto.so (found version "3.0.2")  
[0.822s] -- Found FastRTPS: /opt/ros/humble/include  
[0.856s] -- Using RMW implementation 'rmw_fastrtps_cpp' as default
[0.863s] -- Looking for pthread.h
[0.910s] -- Looking for pthread.h - found
[0.910s] -- Performing Test CMAKE_HAVE_LIBC_PTHREAD
[0.974s] -- Performing Test CMAKE_HAVE_LIBC_PTHREAD - Success
[0.978s] -- Found Threads: TRUE  
[1.032s] -- Found rclpy: 3.3.15 (/opt/ros/humble/share/rclpy/cmake)
[1.153s] -- Configuring done
[1.159s] -- Generating done
[1.163s] -- Build files have been written to: /home/tadtawan/fra532_lecture5_ws/build/fra532_nav
[1.172s] Invoked command in '/home/tadtawan/fra532_lecture5_ws/build/fra532_nav' returned '0': CMAKE_PREFIX_PATH=${CMAKE_PREFIX_PATH}:/home/tadtawan/fra532_lecture5_ws/install/mir_driver:/home/tadtawan/fra532_lecture5_ws/install/twist_stamper:/home/tadtawan/fra532_lecture5_ws/install/mir_restapi:/opt/ros/humble /usr/bin/cmake /home/tadtawan/fra532_lecture5_ws/src/fra532_nav -DCMAKE_INSTALL_PREFIX=/home/tadtawan/fra532_lecture5_ws/install/fra532_nav
[1.174s] Invoking command in '/home/tadtawan/fra532_lecture5_ws/build/fra532_nav': CMAKE_PREFIX_PATH=${CMAKE_PREFIX_PATH}:/home/tadtawan/fra532_lecture5_ws/install/mir_driver:/home/tadtawan/fra532_lecture5_ws/install/twist_stamper:/home/tadtawan/fra532_lecture5_ws/install/mir_restapi:/opt/ros/humble /usr/bin/cmake --build /home/tadtawan/fra532_lecture5_ws/build/fra532_nav -- -j16 -l16
[1.209s] [ 50%] [32mBuilding CXX object CMakeFiles/cpp_node_test.dir/src/cpp_node.cpp.o[0m
[1.216s] [ 50%] Built target ament_cmake_python_copy_fra532_nav
[1.411s] [100%] [32m[1mLinking CXX executable cpp_node_test[0m
[1.445s] running egg_info
[1.445s] creating fra532_nav.egg-info
[1.446s] writing fra532_nav.egg-info/PKG-INFO
[1.446s] writing dependency_links to fra532_nav.egg-info/dependency_links.txt
[1.446s] writing top-level names to fra532_nav.egg-info/top_level.txt
[1.446s] writing manifest file 'fra532_nav.egg-info/SOURCES.txt'
[1.449s] reading manifest file 'fra532_nav.egg-info/SOURCES.txt'
[1.450s] writing manifest file 'fra532_nav.egg-info/SOURCES.txt'
[1.496s] [100%] Built target ament_cmake_python_build_fra532_nav_egg
[1.547s] [100%] Built target cpp_node_test
[1.557s] Invoked command in '/home/tadtawan/fra532_lecture5_ws/build/fra532_nav' returned '0': CMAKE_PREFIX_PATH=${CMAKE_PREFIX_PATH}:/home/tadtawan/fra532_lecture5_ws/install/mir_driver:/home/tadtawan/fra532_lecture5_ws/install/twist_stamper:/home/tadtawan/fra532_lecture5_ws/install/mir_restapi:/opt/ros/humble /usr/bin/cmake --build /home/tadtawan/fra532_lecture5_ws/build/fra532_nav -- -j16 -l16
[1.567s] Invoking command in '/home/tadtawan/fra532_lecture5_ws/build/fra532_nav': CMAKE_PREFIX_PATH=${CMAKE_PREFIX_PATH}:/home/tadtawan/fra532_lecture5_ws/install/mir_driver:/home/tadtawan/fra532_lecture5_ws/install/twist_stamper:/home/tadtawan/fra532_lecture5_ws/install/mir_restapi:/opt/ros/humble /usr/bin/cmake --install /home/tadtawan/fra532_lecture5_ws/build/fra532_nav
[1.575s] -- Install configuration: ""
[1.575s] -- Installing: /home/tadtawan/fra532_lecture5_ws/install/fra532_nav/share/fra532_nav/environment/pythonpath.sh
[1.576s] -- Installing: /home/tadtawan/fra532_lecture5_ws/install/fra532_nav/share/fra532_nav/environment/pythonpath.dsv
[1.576s] -- Installing: /home/tadtawan/fra532_lecture5_ws/install/fra532_nav/local/lib/python3.10/dist-packages/fra532_nav-0.0.0-py3.10.egg-info
[1.576s] -- Installing: /home/tadtawan/fra532_lecture5_ws/install/fra532_nav/local/lib/python3.10/dist-packages/fra532_nav-0.0.0-py3.10.egg-info/top_level.txt
[1.576s] -- Installing: /home/tadtawan/fra532_lecture5_ws/install/fra532_nav/local/lib/python3.10/dist-packages/fra532_nav-0.0.0-py3.10.egg-info/dependency_links.txt
[1.576s] -- Installing: /home/tadtawan/fra532_lecture5_ws/install/fra532_nav/local/lib/python3.10/dist-packages/fra532_nav-0.0.0-py3.10.egg-info/SOURCES.txt
[1.576s] -- Installing: /home/tadtawan/fra532_lecture5_ws/install/fra532_nav/local/lib/python3.10/dist-packages/fra532_nav-0.0.0-py3.10.egg-info/PKG-INFO
[1.576s] -- Installing: /home/tadtawan/fra532_lecture5_ws/install/fra532_nav/local/lib/python3.10/dist-packages/fra532_nav
[1.576s] -- Installing: /home/tadtawan/fra532_lecture5_ws/install/fra532_nav/local/lib/python3.10/dist-packages/fra532_nav/__init__.py
[1.576s] -- Installing: /home/tadtawan/fra532_lecture5_ws/install/fra532_nav/local/lib/python3.10/dist-packages/fra532_nav/dummy_module.py
[1.616s] Listing '/home/tadtawan/fra532_lecture5_ws/install/fra532_nav/local/lib/python3.10/dist-packages/fra532_nav'...
[1.616s] Compiling '/home/tadtawan/fra532_lecture5_ws/install/fra532_nav/local/lib/python3.10/dist-packages/fra532_nav/__init__.py'...
[1.616s] Compiling '/home/tadtawan/fra532_lecture5_ws/install/fra532_nav/local/lib/python3.10/dist-packages/fra532_nav/dummy_module.py'...
[1.624s] -- Installing: /home/tadtawan/fra532_lecture5_ws/install/fra532_nav/lib/fra532_nav/dummy_script.py
[1.624s] -- Installing: /home/tadtawan/fra532_lecture5_ws/install/fra532_nav/lib/fra532_nav/cpp_node_test
[1.624s] -- Set runtime path of "/home/tadtawan/fra532_lecture5_ws/install/fra532_nav/lib/fra532_nav/cpp_node_test" to ""
[1.624s] -- Installing: /home/tadtawan/fra532_lecture5_ws/install/fra532_nav/share/fra532_nav/launch
[1.624s] -- Installing: /home/tadtawan/fra532_lecture5_ws/install/fra532_nav/share/fra532_nav/launch/navigation.launch.py
[1.624s] -- Installing: /home/tadtawan/fra532_lecture5_ws/install/fra532_nav/share/fra532_nav/maps
[1.624s] -- Installing: /home/tadtawan/fra532_lecture5_ws/install/fra532_nav/share/fra532_nav/maps/map-nav.png
[1.624s] -- Installing: /home/tadtawan/fra532_lecture5_ws/install/fra532_nav/share/fra532_nav/maps/map.pgm
[1.625s] -- Installing: /home/tadtawan/fra532_lecture5_ws/install/fra532_nav/share/fra532_nav/maps/map.yaml
[1.625s] -- Installing: /home/tadtawan/fra532_lecture5_ws/install/fra532_nav/share/fra532_nav/maps/map_nav.yaml
[1.625s] -- Installing: /home/tadtawan/fra532_lecture5_ws/install/fra532_nav/share/fra532_nav/maps/map.png
[1.625s] -- Installing: /home/tadtawan/fra532_lecture5_ws/install/fra532_nav/share/fra532_nav/maps/map_nav.pgm
[1.626s] -- Installing: /home/tadtawan/fra532_lecture5_ws/install/fra532_nav/share/fra532_nav/params
[1.626s] -- Installing: /home/tadtawan/fra532_lecture5_ws/install/fra532_nav/share/fra532_nav/params/basic_params.yaml
[1.626s] -- Installing: /home/tadtawan/fra532_lecture5_ws/install/fra532_nav/share/fra532_nav/rviz
[1.626s] -- Installing: /home/tadtawan/fra532_lecture5_ws/install/fra532_nav/share/fra532_nav/rviz/navigation.rviz
[1.626s] -- Installing: /home/tadtawan/fra532_lecture5_ws/install/fra532_nav/share/ament_index/resource_index/package_run_dependencies/fra532_nav
[1.626s] -- Installing: /home/tadtawan/fra532_lecture5_ws/install/fra532_nav/share/ament_index/resource_index/parent_prefix_path/fra532_nav
[1.626s] -- Installing: /home/tadtawan/fra532_lecture5_ws/install/fra532_nav/share/fra532_nav/environment/ament_prefix_path.sh
[1.626s] -- Installing: /home/tadtawan/fra532_lecture5_ws/install/fra532_nav/share/fra532_nav/environment/ament_prefix_path.dsv
[1.626s] -- Installing: /home/tadtawan/fra532_lecture5_ws/install/fra532_nav/share/fra532_nav/environment/path.sh
[1.626s] -- Installing: /home/tadtawan/fra532_lecture5_ws/install/fra532_nav/share/fra532_nav/environment/path.dsv
[1.626s] -- Installing: /home/tadtawan/fra532_lecture5_ws/install/fra532_nav/share/fra532_nav/local_setup.bash
[1.627s] -- Installing: /home/tadtawan/fra532_lecture5_ws/install/fra532_nav/share/fra532_nav/local_setup.sh
[1.627s] -- Installing: /home/tadtawan/fra532_lecture5_ws/install/fra532_nav/share/fra532_nav/local_setup.zsh
[1.627s] -- Installing: /home/tadtawan/fra532_lecture5_ws/install/fra532_nav/share/fra532_nav/local_setup.dsv
[1.627s] -- Installing: /home/tadtawan/fra532_lecture5_ws/install/fra532_nav/share/fra532_nav/package.dsv
[1.627s] -- Installing: /home/tadtawan/fra532_lecture5_ws/install/fra532_nav/share/ament_index/resource_index/packages/fra532_nav
[1.627s] -- Installing: /home/tadtawan/fra532_lecture5_ws/install/fra532_nav/share/fra532_nav/cmake/fra532_navConfig.cmake
[1.627s] -- Installing: /home/tadtawan/fra532_lecture5_ws/install/fra532_nav/share/fra532_nav/cmake/fra532_navConfig-version.cmake
[1.627s] -- Installing: /home/tadtawan/fra532_lecture5_ws/install/fra532_nav/share/fra532_nav/package.xml
[1.632s] Invoked command in '/home/tadtawan/fra532_lecture5_ws/build/fra532_nav' returned '0': CMAKE_PREFIX_PATH=${CMAKE_PREFIX_PATH}:/home/tadtawan/fra532_lecture5_ws/install/mir_driver:/home/tadtawan/fra532_lecture5_ws/install/twist_stamper:/home/tadtawan/fra532_lecture5_ws/install/mir_restapi:/opt/ros/humble /usr/bin/cmake --install /home/tadtawan/fra532_lecture5_ws/build/fra532_nav
