[  2%] Built target mir_msgs__cpp
[ 12%] Built target mir_msgs__rosidl_generator_c
[ 12%] Built target ament_cmake_python_copy_mir_msgs
[ 34%] Built target mir_msgs__rosidl_typesupport_c
[ 40%] Built target mir_msgs__rosidl_typesupport_cpp
[ 44%] Built target mir_msgs__rosidl_typesupport_introspection_c
[ 55%] Built target mir_msgs__rosidl_typesupport_fastrtps_cpp
[ 65%] Built target mir_msgs__rosidl_typesupport_introspection_cpp
[ 76%] Built target mir_msgs__rosidl_typesupport_fastrtps_c
[ 76%] Built target mir_msgs
[ 78%] Built target mir_msgs__py
[ 87%] Built target mir_msgs__rosidl_generator_py
[100%] Built target mir_msgs__rosidl_typesupport_introspection_c__pyext
[100%] Built target mir_msgs__rosidl_typesupport_c__pyext
[100%] Built target mir_msgs__rosidl_typesupport_fastrtps_c__pyext
running egg_info
writing mir_msgs.egg-info/PKG-INFO
writing dependency_links to mir_msgs.egg-info/dependency_links.txt
writing top-level names to mir_msgs.egg-info/top_level.txt
reading manifest file 'mir_msgs.egg-info/SOURCES.txt'
writing manifest file 'mir_msgs.egg-info/SOURCES.txt'
[100%] Built target ament_cmake_python_build_mir_msgs_egg
-- Install configuration: ""
-- Up-to-date: /home/tadtawan/fra532_lecture5_ws/install/mir_msgs/share/ament_index/resource_index/rosidl_interfaces/mir_msgs
-- Up-to-date: /home/tadtawan/fra532_lecture5_ws/install/mir_msgs/include/mir_msgs/mir_msgs
-- Up-to-date: /home/tadtawan/fra532_lecture5_ws/install/mir_msgs/include/mir_msgs/mir_msgs/msg
-- Up-to-date: /home/tadtawan/fra532_lecture5_ws/install/mir_msgs/include/mir_msgs/mir_msgs/msg/battery_currents.h
-- Up-to-date: /home/tadtawan/fra532_lecture5_ws/install/mir_msgs/include/mir_msgs/mir_msgs/msg/detail
-- Up-to-date: /home/tadtawan/fra532_lecture5_ws/install/mir_msgs/include/mir_msgs/mir_msgs/msg/detail/bms_data__functions.c
-- Up-to-date: /home/tadtawan/fra532_lecture5_ws/install/mir_msgs/include/mir_msgs/mir_msgs/msg/detail/battery_currents__functions.h
-- Up-to-date: /home/tadtawan/fra532_lecture5_ws/install/mir_msgs/include/mir_msgs/mir_msgs/msg/detail/battery_currents__struct.h
-- Up-to-date: /home/tadtawan/fra532_lecture5_ws/install/mir_msgs/include/mir_msgs/mir_msgs/msg/detail/battery_currents__type_support.h
-- Up-to-date: /home/tadtawan/fra532_lecture5_ws/install/mir_msgs/include/mir_msgs/mir_msgs/msg/detail/bms_data__type_support.h
-- Up-to-date: /home/tadtawan/fra532_lecture5_ws/install/mir_msgs/include/mir_msgs/mir_msgs/msg/detail/battery_currents__functions.c
-- Up-to-date: /home/tadtawan/fra532_lecture5_ws/install/mir_msgs/include/mir_msgs/mir_msgs/msg/detail/bms_data__functions.h
-- Up-to-date: /home/tadtawan/fra532_lecture5_ws/install/mir_msgs/include/mir_msgs/mir_msgs/msg/detail/bms_data__struct.h
-- Up-to-date: /home/tadtawan/fra532_lecture5_ws/install/mir_msgs/include/mir_msgs/mir_msgs/msg/rosidl_generator_c__visibility_control.h
-- Up-to-date: /home/tadtawan/fra532_lecture5_ws/install/mir_msgs/include/mir_msgs/mir_msgs/msg/bms_data.h
-- Up-to-date: /home/tadtawan/fra532_lecture5_ws/install/mir_msgs/include/mir_msgs/mir_msgs/srv
-- Up-to-date: /home/tadtawan/fra532_lecture5_ws/install/mir_msgs/include/mir_msgs/mir_msgs/srv/detail
-- Up-to-date: /home/tadtawan/fra532_lecture5_ws/install/mir_msgs/include/mir_msgs/mir_msgs/srv/detail/exec_mission__type_support.h
-- Up-to-date: /home/tadtawan/fra532_lecture5_ws/install/mir_msgs/include/mir_msgs/mir_msgs/srv/detail/exec_mission__functions.c
-- Up-to-date: /home/tadtawan/fra532_lecture5_ws/install/mir_msgs/include/mir_msgs/mir_msgs/srv/detail/exec_mission__functions.h
-- Up-to-date: /home/tadtawan/fra532_lecture5_ws/install/mir_msgs/include/mir_msgs/mir_msgs/srv/detail/exec_mission__struct.h
-- Up-to-date: /home/tadtawan/fra532_lecture5_ws/install/mir_msgs/include/mir_msgs/mir_msgs/srv/exec_mission.h
-- Up-to-date: /home/tadtawan/fra532_lecture5_ws/install/mir_msgs/share/mir_msgs/environment/library_path.sh
-- Up-to-date: /home/tadtawan/fra532_lecture5_ws/install/mir_msgs/share/mir_msgs/environment/library_path.dsv
-- Up-to-date: /home/tadtawan/fra532_lecture5_ws/install/mir_msgs/lib/libmir_msgs__rosidl_generator_c.so
-- Up-to-date: /home/tadtawan/fra532_lecture5_ws/install/mir_msgs/include/mir_msgs/mir_msgs
-- Up-to-date: /home/tadtawan/fra532_lecture5_ws/install/mir_msgs/include/mir_msgs/mir_msgs/msg
-- Up-to-date: /home/tadtawan/fra532_lecture5_ws/install/mir_msgs/include/mir_msgs/mir_msgs/msg/rosidl_typesupport_fastrtps_c__visibility_control.h
-- Up-to-date: /home/tadtawan/fra532_lecture5_ws/install/mir_msgs/include/mir_msgs/mir_msgs/msg/detail
-- Up-to-date: /home/tadtawan/fra532_lecture5_ws/install/mir_msgs/include/mir_msgs/mir_msgs/msg/detail/battery_currents__rosidl_typesupport_fastrtps_c.h
-- Up-to-date: /home/tadtawan/fra532_lecture5_ws/install/mir_msgs/include/mir_msgs/mir_msgs/msg/detail/bms_data__rosidl_typesupport_fastrtps_c.h
-- Up-to-date: /home/tadtawan/fra532_lecture5_ws/install/mir_msgs/include/mir_msgs/mir_msgs/srv
-- Up-to-date: /home/tadtawan/fra532_lecture5_ws/install/mir_msgs/include/mir_msgs/mir_msgs/srv/detail
-- Up-to-date: /home/tadtawan/fra532_lecture5_ws/install/mir_msgs/include/mir_msgs/mir_msgs/srv/detail/exec_mission__rosidl_typesupport_fastrtps_c.h
-- Up-to-date: /home/tadtawan/fra532_lecture5_ws/install/mir_msgs/lib/libmir_msgs__rosidl_typesupport_fastrtps_c.so
-- Up-to-date: /home/tadtawan/fra532_lecture5_ws/install/mir_msgs/include/mir_msgs/mir_msgs
-- Up-to-date: /home/tadtawan/fra532_lecture5_ws/install/mir_msgs/include/mir_msgs/mir_msgs/msg
-- Up-to-date: /home/tadtawan/fra532_lecture5_ws/install/mir_msgs/include/mir_msgs/mir_msgs/msg/battery_currents.hpp
-- Up-to-date: /home/tadtawan/fra532_lecture5_ws/install/mir_msgs/include/mir_msgs/mir_msgs/msg/rosidl_generator_cpp__visibility_control.hpp
-- Up-to-date: /home/tadtawan/fra532_lecture5_ws/install/mir_msgs/include/mir_msgs/mir_msgs/msg/detail
-- Up-to-date: /home/tadtawan/fra532_lecture5_ws/install/mir_msgs/include/mir_msgs/mir_msgs/msg/detail/battery_currents__type_support.hpp
-- Up-to-date: /home/tadtawan/fra532_lecture5_ws/install/mir_msgs/include/mir_msgs/mir_msgs/msg/detail/bms_data__struct.hpp
-- Up-to-date: /home/tadtawan/fra532_lecture5_ws/install/mir_msgs/include/mir_msgs/mir_msgs/msg/detail/battery_currents__builder.hpp
-- Up-to-date: /home/tadtawan/fra532_lecture5_ws/install/mir_msgs/include/mir_msgs/mir_msgs/msg/detail/bms_data__traits.hpp
-- Up-to-date: /home/tadtawan/fra532_lecture5_ws/install/mir_msgs/include/mir_msgs/mir_msgs/msg/detail/battery_currents__traits.hpp
-- Up-to-date: /home/tadtawan/fra532_lecture5_ws/install/mir_msgs/include/mir_msgs/mir_msgs/msg/detail/battery_currents__struct.hpp
-- Up-to-date: /home/tadtawan/fra532_lecture5_ws/install/mir_msgs/include/mir_msgs/mir_msgs/msg/detail/bms_data__builder.hpp
-- Up-to-date: /home/tadtawan/fra532_lecture5_ws/install/mir_msgs/include/mir_msgs/mir_msgs/msg/detail/bms_data__type_support.hpp
-- Up-to-date: /home/tadtawan/fra532_lecture5_ws/install/mir_msgs/include/mir_msgs/mir_msgs/msg/bms_data.hpp
-- Up-to-date: /home/tadtawan/fra532_lecture5_ws/install/mir_msgs/include/mir_msgs/mir_msgs/srv
-- Up-to-date: /home/tadtawan/fra532_lecture5_ws/install/mir_msgs/include/mir_msgs/mir_msgs/srv/exec_mission.hpp
-- Up-to-date: /home/tadtawan/fra532_lecture5_ws/install/mir_msgs/include/mir_msgs/mir_msgs/srv/detail
-- Up-to-date: /home/tadtawan/fra532_lecture5_ws/install/mir_msgs/include/mir_msgs/mir_msgs/srv/detail/exec_mission__type_support.hpp
-- Up-to-date: /home/tadtawan/fra532_lecture5_ws/install/mir_msgs/include/mir_msgs/mir_msgs/srv/detail/exec_mission__builder.hpp
-- Up-to-date: /home/tadtawan/fra532_lecture5_ws/install/mir_msgs/include/mir_msgs/mir_msgs/srv/detail/exec_mission__struct.hpp
-- Up-to-date: /home/tadtawan/fra532_lecture5_ws/install/mir_msgs/include/mir_msgs/mir_msgs/srv/detail/exec_mission__traits.hpp
-- Up-to-date: /home/tadtawan/fra532_lecture5_ws/install/mir_msgs/include/mir_msgs/mir_msgs
-- Up-to-date: /home/tadtawan/fra532_lecture5_ws/install/mir_msgs/include/mir_msgs/mir_msgs/msg
-- Up-to-date: /home/tadtawan/fra532_lecture5_ws/install/mir_msgs/include/mir_msgs/mir_msgs/msg/rosidl_typesupport_fastrtps_cpp__visibility_control.h
-- Up-to-date: /home/tadtawan/fra532_lecture5_ws/install/mir_msgs/include/mir_msgs/mir_msgs/msg/detail
-- Up-to-date: /home/tadtawan/fra532_lecture5_ws/install/mir_msgs/include/mir_msgs/mir_msgs/msg/detail/dds_fastrtps
-- Up-to-date: /home/tadtawan/fra532_lecture5_ws/install/mir_msgs/include/mir_msgs/mir_msgs/msg/detail/battery_currents__rosidl_typesupport_fastrtps_cpp.hpp
-- Up-to-date: /home/tadtawan/fra532_lecture5_ws/install/mir_msgs/include/mir_msgs/mir_msgs/msg/detail/bms_data__rosidl_typesupport_fastrtps_cpp.hpp
-- Up-to-date: /home/tadtawan/fra532_lecture5_ws/install/mir_msgs/include/mir_msgs/mir_msgs/srv
-- Up-to-date: /home/tadtawan/fra532_lecture5_ws/install/mir_msgs/include/mir_msgs/mir_msgs/srv/detail
-- Up-to-date: /home/tadtawan/fra532_lecture5_ws/install/mir_msgs/include/mir_msgs/mir_msgs/srv/detail/dds_fastrtps
-- Up-to-date: /home/tadtawan/fra532_lecture5_ws/install/mir_msgs/include/mir_msgs/mir_msgs/srv/detail/exec_mission__rosidl_typesupport_fastrtps_cpp.hpp
-- Up-to-date: /home/tadtawan/fra532_lecture5_ws/install/mir_msgs/lib/libmir_msgs__rosidl_typesupport_fastrtps_cpp.so
-- Up-to-date: /home/tadtawan/fra532_lecture5_ws/install/mir_msgs/include/mir_msgs/mir_msgs
-- Up-to-date: /home/tadtawan/fra532_lecture5_ws/install/mir_msgs/include/mir_msgs/mir_msgs/msg
-- Up-to-date: /home/tadtawan/fra532_lecture5_ws/install/mir_msgs/include/mir_msgs/mir_msgs/msg/detail
-- Up-to-date: /home/tadtawan/fra532_lecture5_ws/install/mir_msgs/include/mir_msgs/mir_msgs/msg/detail/bms_data__rosidl_typesupport_introspection_c.h
-- Up-to-date: /home/tadtawan/fra532_lecture5_ws/install/mir_msgs/include/mir_msgs/mir_msgs/msg/detail/battery_currents__type_support.c
-- Up-to-date: /home/tadtawan/fra532_lecture5_ws/install/mir_msgs/include/mir_msgs/mir_msgs/msg/detail/bms_data__type_support.c
-- Up-to-date: /home/tadtawan/fra532_lecture5_ws/install/mir_msgs/include/mir_msgs/mir_msgs/msg/detail/battery_currents__rosidl_typesupport_introspection_c.h
-- Up-to-date: /home/tadtawan/fra532_lecture5_ws/install/mir_msgs/include/mir_msgs/mir_msgs/msg/rosidl_typesupport_introspection_c__visibility_control.h
-- Up-to-date: /home/tadtawan/fra532_lecture5_ws/install/mir_msgs/include/mir_msgs/mir_msgs/srv
-- Up-to-date: /home/tadtawan/fra532_lecture5_ws/install/mir_msgs/include/mir_msgs/mir_msgs/srv/detail
-- Up-to-date: /home/tadtawan/fra532_lecture5_ws/install/mir_msgs/include/mir_msgs/mir_msgs/srv/detail/exec_mission__rosidl_typesupport_introspection_c.h
-- Up-to-date: /home/tadtawan/fra532_lecture5_ws/install/mir_msgs/include/mir_msgs/mir_msgs/srv/detail/exec_mission__type_support.c
-- Up-to-date: /home/tadtawan/fra532_lecture5_ws/install/mir_msgs/lib/libmir_msgs__rosidl_typesupport_introspection_c.so
-- Up-to-date: /home/tadtawan/fra532_lecture5_ws/install/mir_msgs/lib/libmir_msgs__rosidl_typesupport_c.so
-- Up-to-date: /home/tadtawan/fra532_lecture5_ws/install/mir_msgs/include/mir_msgs/mir_msgs
-- Up-to-date: /home/tadtawan/fra532_lecture5_ws/install/mir_msgs/include/mir_msgs/mir_msgs/msg
-- Up-to-date: /home/tadtawan/fra532_lecture5_ws/install/mir_msgs/include/mir_msgs/mir_msgs/msg/detail
-- Up-to-date: /home/tadtawan/fra532_lecture5_ws/install/mir_msgs/include/mir_msgs/mir_msgs/msg/detail/bms_data__type_support.cpp
-- Up-to-date: /home/tadtawan/fra532_lecture5_ws/install/mir_msgs/include/mir_msgs/mir_msgs/msg/detail/bms_data__rosidl_typesupport_introspection_cpp.hpp
-- Up-to-date: /home/tadtawan/fra532_lecture5_ws/install/mir_msgs/include/mir_msgs/mir_msgs/msg/detail/battery_currents__rosidl_typesupport_introspection_cpp.hpp
-- Up-to-date: /home/tadtawan/fra532_lecture5_ws/install/mir_msgs/include/mir_msgs/mir_msgs/msg/detail/battery_currents__type_support.cpp
-- Up-to-date: /home/tadtawan/fra532_lecture5_ws/install/mir_msgs/include/mir_msgs/mir_msgs/srv
-- Up-to-date: /home/tadtawan/fra532_lecture5_ws/install/mir_msgs/include/mir_msgs/mir_msgs/srv/detail
-- Up-to-date: /home/tadtawan/fra532_lecture5_ws/install/mir_msgs/include/mir_msgs/mir_msgs/srv/detail/exec_mission__rosidl_typesupport_introspection_cpp.hpp
-- Up-to-date: /home/tadtawan/fra532_lecture5_ws/install/mir_msgs/include/mir_msgs/mir_msgs/srv/detail/exec_mission__type_support.cpp
-- Up-to-date: /home/tadtawan/fra532_lecture5_ws/install/mir_msgs/lib/libmir_msgs__rosidl_typesupport_introspection_cpp.so
-- Up-to-date: /home/tadtawan/fra532_lecture5_ws/install/mir_msgs/lib/libmir_msgs__rosidl_typesupport_cpp.so
-- Up-to-date: /home/tadtawan/fra532_lecture5_ws/install/mir_msgs/share/mir_msgs/environment/pythonpath.sh
-- Up-to-date: /home/tadtawan/fra532_lecture5_ws/install/mir_msgs/share/mir_msgs/environment/pythonpath.dsv
-- Up-to-date: /home/tadtawan/fra532_lecture5_ws/install/mir_msgs/local/lib/python3.10/dist-packages/mir_msgs-1.1.1-py3.10.egg-info
-- Installing: /home/tadtawan/fra532_lecture5_ws/install/mir_msgs/local/lib/python3.10/dist-packages/mir_msgs-1.1.1-py3.10.egg-info/top_level.txt
-- Installing: /home/tadtawan/fra532_lecture5_ws/install/mir_msgs/local/lib/python3.10/dist-packages/mir_msgs-1.1.1-py3.10.egg-info/dependency_links.txt
-- Installing: /home/tadtawan/fra532_lecture5_ws/install/mir_msgs/local/lib/python3.10/dist-packages/mir_msgs-1.1.1-py3.10.egg-info/SOURCES.txt
-- Installing: /home/tadtawan/fra532_lecture5_ws/install/mir_msgs/local/lib/python3.10/dist-packages/mir_msgs-1.1.1-py3.10.egg-info/PKG-INFO
-- Up-to-date: /home/tadtawan/fra532_lecture5_ws/install/mir_msgs/local/lib/python3.10/dist-packages/mir_msgs
-- Up-to-date: /home/tadtawan/fra532_lecture5_ws/install/mir_msgs/local/lib/python3.10/dist-packages/mir_msgs/msg
-- Up-to-date: /home/tadtawan/fra532_lecture5_ws/install/mir_msgs/local/lib/python3.10/dist-packages/mir_msgs/msg/_bms_data.py
-- Up-to-date: /home/tadtawan/fra532_lecture5_ws/install/mir_msgs/local/lib/python3.10/dist-packages/mir_msgs/msg/__init__.py
-- Up-to-date: /home/tadtawan/fra532_lecture5_ws/install/mir_msgs/local/lib/python3.10/dist-packages/mir_msgs/msg/_battery_currents.py
-- Up-to-date: /home/tadtawan/fra532_lecture5_ws/install/mir_msgs/local/lib/python3.10/dist-packages/mir_msgs/msg/_bms_data_s.c
-- Up-to-date: /home/tadtawan/fra532_lecture5_ws/install/mir_msgs/local/lib/python3.10/dist-packages/mir_msgs/msg/_battery_currents_s.c
-- Up-to-date: /home/tadtawan/fra532_lecture5_ws/install/mir_msgs/local/lib/python3.10/dist-packages/mir_msgs/_mir_msgs_s.ep.rosidl_typesupport_fastrtps_c.c
-- Up-to-date: /home/tadtawan/fra532_lecture5_ws/install/mir_msgs/local/lib/python3.10/dist-packages/mir_msgs/mir_msgs_s__rosidl_typesupport_introspection_c.cpython-310-x86_64-linux-gnu.so
-- Up-to-date: /home/tadtawan/fra532_lecture5_ws/install/mir_msgs/local/lib/python3.10/dist-packages/mir_msgs/_mir_msgs_s.ep.rosidl_typesupport_introspection_c.c
-- Up-to-date: /home/tadtawan/fra532_lecture5_ws/install/mir_msgs/local/lib/python3.10/dist-packages/mir_msgs/mir_msgs_s__rosidl_typesupport_fastrtps_c.cpython-310-x86_64-linux-gnu.so
-- Up-to-date: /home/tadtawan/fra532_lecture5_ws/install/mir_msgs/local/lib/python3.10/dist-packages/mir_msgs/libmir_msgs__rosidl_generator_py.so
-- Up-to-date: /home/tadtawan/fra532_lecture5_ws/install/mir_msgs/local/lib/python3.10/dist-packages/mir_msgs/_mir_msgs_s.ep.rosidl_typesupport_c.c
-- Up-to-date: /home/tadtawan/fra532_lecture5_ws/install/mir_msgs/local/lib/python3.10/dist-packages/mir_msgs/__init__.py
-- Up-to-date: /home/tadtawan/fra532_lecture5_ws/install/mir_msgs/local/lib/python3.10/dist-packages/mir_msgs/mir_msgs_s__rosidl_typesupport_c.cpython-310-x86_64-linux-gnu.so
-- Up-to-date: /home/tadtawan/fra532_lecture5_ws/install/mir_msgs/local/lib/python3.10/dist-packages/mir_msgs/srv
-- Up-to-date: /home/tadtawan/fra532_lecture5_ws/install/mir_msgs/local/lib/python3.10/dist-packages/mir_msgs/srv/_exec_mission_s.c
-- Up-to-date: /home/tadtawan/fra532_lecture5_ws/install/mir_msgs/local/lib/python3.10/dist-packages/mir_msgs/srv/_exec_mission.py
-- Up-to-date: /home/tadtawan/fra532_lecture5_ws/install/mir_msgs/local/lib/python3.10/dist-packages/mir_msgs/srv/__init__.py
Listing '/home/tadtawan/fra532_lecture5_ws/install/mir_msgs/local/lib/python3.10/dist-packages/mir_msgs'...
Listing '/home/tadtawan/fra532_lecture5_ws/install/mir_msgs/local/lib/python3.10/dist-packages/mir_msgs/msg'...
Listing '/home/tadtawan/fra532_lecture5_ws/install/mir_msgs/local/lib/python3.10/dist-packages/mir_msgs/srv'...
-- Up-to-date: /home/tadtawan/fra532_lecture5_ws/install/mir_msgs/local/lib/python3.10/dist-packages/mir_msgs/mir_msgs_s__rosidl_typesupport_fastrtps_c.cpython-310-x86_64-linux-gnu.so
-- Up-to-date: /home/tadtawan/fra532_lecture5_ws/install/mir_msgs/local/lib/python3.10/dist-packages/mir_msgs/mir_msgs_s__rosidl_typesupport_introspection_c.cpython-310-x86_64-linux-gnu.so
-- Up-to-date: /home/tadtawan/fra532_lecture5_ws/install/mir_msgs/local/lib/python3.10/dist-packages/mir_msgs/mir_msgs_s__rosidl_typesupport_c.cpython-310-x86_64-linux-gnu.so
-- Up-to-date: /home/tadtawan/fra532_lecture5_ws/install/mir_msgs/lib/libmir_msgs__rosidl_generator_py.so
-- Up-to-date: /home/tadtawan/fra532_lecture5_ws/install/mir_msgs/share/mir_msgs/msg/BatteryCurrents.idl
-- Up-to-date: /home/tadtawan/fra532_lecture5_ws/install/mir_msgs/share/mir_msgs/msg/BMSData.idl
-- Up-to-date: /home/tadtawan/fra532_lecture5_ws/install/mir_msgs/share/mir_msgs/srv/ExecMission.idl
-- Up-to-date: /home/tadtawan/fra532_lecture5_ws/install/mir_msgs/share/mir_msgs/msg/BatteryCurrents.msg
-- Up-to-date: /home/tadtawan/fra532_lecture5_ws/install/mir_msgs/share/mir_msgs/msg/BMSData.msg
-- Up-to-date: /home/tadtawan/fra532_lecture5_ws/install/mir_msgs/share/mir_msgs/srv/ExecMission.srv
-- Up-to-date: /home/tadtawan/fra532_lecture5_ws/install/mir_msgs/share/mir_msgs/srv/ExecMission_Request.msg
-- Up-to-date: /home/tadtawan/fra532_lecture5_ws/install/mir_msgs/share/mir_msgs/srv/ExecMission_Response.msg
-- Up-to-date: /home/tadtawan/fra532_lecture5_ws/install/mir_msgs/share/ament_index/resource_index/package_run_dependencies/mir_msgs
-- Up-to-date: /home/tadtawan/fra532_lecture5_ws/install/mir_msgs/share/ament_index/resource_index/parent_prefix_path/mir_msgs
-- Up-to-date: /home/tadtawan/fra532_lecture5_ws/install/mir_msgs/share/mir_msgs/environment/ament_prefix_path.sh
-- Up-to-date: /home/tadtawan/fra532_lecture5_ws/install/mir_msgs/share/mir_msgs/environment/ament_prefix_path.dsv
-- Up-to-date: /home/tadtawan/fra532_lecture5_ws/install/mir_msgs/share/mir_msgs/environment/path.sh
-- Up-to-date: /home/tadtawan/fra532_lecture5_ws/install/mir_msgs/share/mir_msgs/environment/path.dsv
-- Up-to-date: /home/tadtawan/fra532_lecture5_ws/install/mir_msgs/share/mir_msgs/local_setup.bash
-- Up-to-date: /home/tadtawan/fra532_lecture5_ws/install/mir_msgs/share/mir_msgs/local_setup.sh
-- Up-to-date: /home/tadtawan/fra532_lecture5_ws/install/mir_msgs/share/mir_msgs/local_setup.zsh
-- Up-to-date: /home/tadtawan/fra532_lecture5_ws/install/mir_msgs/share/mir_msgs/local_setup.dsv
-- Installing: /home/tadtawan/fra532_lecture5_ws/install/mir_msgs/share/mir_msgs/package.dsv
-- Up-to-date: /home/tadtawan/fra532_lecture5_ws/install/mir_msgs/share/ament_index/resource_index/packages/mir_msgs
-- Up-to-date: /home/tadtawan/fra532_lecture5_ws/install/mir_msgs/share/mir_msgs/cmake/export_mir_msgs__rosidl_generator_cExport.cmake
-- Up-to-date: /home/tadtawan/fra532_lecture5_ws/install/mir_msgs/share/mir_msgs/cmake/export_mir_msgs__rosidl_generator_cExport-noconfig.cmake
-- Up-to-date: /home/tadtawan/fra532_lecture5_ws/install/mir_msgs/share/mir_msgs/cmake/export_mir_msgs__rosidl_typesupport_fastrtps_cExport.cmake
-- Up-to-date: /home/tadtawan/fra532_lecture5_ws/install/mir_msgs/share/mir_msgs/cmake/export_mir_msgs__rosidl_typesupport_fastrtps_cExport-noconfig.cmake
-- Up-to-date: /home/tadtawan/fra532_lecture5_ws/install/mir_msgs/share/mir_msgs/cmake/export_mir_msgs__rosidl_generator_cppExport.cmake
-- Up-to-date: /home/tadtawan/fra532_lecture5_ws/install/mir_msgs/share/mir_msgs/cmake/export_mir_msgs__rosidl_typesupport_fastrtps_cppExport.cmake
-- Up-to-date: /home/tadtawan/fra532_lecture5_ws/install/mir_msgs/share/mir_msgs/cmake/export_mir_msgs__rosidl_typesupport_fastrtps_cppExport-noconfig.cmake
-- Up-to-date: /home/tadtawan/fra532_lecture5_ws/install/mir_msgs/share/mir_msgs/cmake/mir_msgs__rosidl_typesupport_introspection_cExport.cmake
-- Up-to-date: /home/tadtawan/fra532_lecture5_ws/install/mir_msgs/share/mir_msgs/cmake/mir_msgs__rosidl_typesupport_introspection_cExport-noconfig.cmake
-- Up-to-date: /home/tadtawan/fra532_lecture5_ws/install/mir_msgs/share/mir_msgs/cmake/mir_msgs__rosidl_typesupport_cExport.cmake
-- Up-to-date: /home/tadtawan/fra532_lecture5_ws/install/mir_msgs/share/mir_msgs/cmake/mir_msgs__rosidl_typesupport_cExport-noconfig.cmake
-- Up-to-date: /home/tadtawan/fra532_lecture5_ws/install/mir_msgs/share/mir_msgs/cmake/mir_msgs__rosidl_typesupport_introspection_cppExport.cmake
-- Up-to-date: /home/tadtawan/fra532_lecture5_ws/install/mir_msgs/share/mir_msgs/cmake/mir_msgs__rosidl_typesupport_introspection_cppExport-noconfig.cmake
-- Up-to-date: /home/tadtawan/fra532_lecture5_ws/install/mir_msgs/share/mir_msgs/cmake/mir_msgs__rosidl_typesupport_cppExport.cmake
-- Up-to-date: /home/tadtawan/fra532_lecture5_ws/install/mir_msgs/share/mir_msgs/cmake/mir_msgs__rosidl_typesupport_cppExport-noconfig.cmake
-- Up-to-date: /home/tadtawan/fra532_lecture5_ws/install/mir_msgs/share/mir_msgs/cmake/export_mir_msgs__rosidl_generator_pyExport.cmake
-- Up-to-date: /home/tadtawan/fra532_lecture5_ws/install/mir_msgs/share/mir_msgs/cmake/export_mir_msgs__rosidl_generator_pyExport-noconfig.cmake
-- Up-to-date: /home/tadtawan/fra532_lecture5_ws/install/mir_msgs/share/mir_msgs/cmake/rosidl_cmake-extras.cmake
-- Up-to-date: /home/tadtawan/fra532_lecture5_ws/install/mir_msgs/share/mir_msgs/cmake/ament_cmake_export_dependencies-extras.cmake
-- Up-to-date: /home/tadtawan/fra532_lecture5_ws/install/mir_msgs/share/mir_msgs/cmake/ament_cmake_export_include_directories-extras.cmake
-- Up-to-date: /home/tadtawan/fra532_lecture5_ws/install/mir_msgs/share/mir_msgs/cmake/ament_cmake_export_libraries-extras.cmake
-- Up-to-date: /home/tadtawan/fra532_lecture5_ws/install/mir_msgs/share/mir_msgs/cmake/ament_cmake_export_targets-extras.cmake
-- Up-to-date: /home/tadtawan/fra532_lecture5_ws/install/mir_msgs/share/mir_msgs/cmake/rosidl_cmake_export_typesupport_targets-extras.cmake
-- Up-to-date: /home/tadtawan/fra532_lecture5_ws/install/mir_msgs/share/mir_msgs/cmake/rosidl_cmake_export_typesupport_libraries-extras.cmake
-- Up-to-date: /home/tadtawan/fra532_lecture5_ws/install/mir_msgs/share/mir_msgs/cmake/mir_msgsConfig.cmake
-- Up-to-date: /home/tadtawan/fra532_lecture5_ws/install/mir_msgs/share/mir_msgs/cmake/mir_msgsConfig-version.cmake
-- Up-to-date: /home/tadtawan/fra532_lecture5_ws/install/mir_msgs/share/mir_msgs/package.xml
