-- Install configuration: ""
-- Up-to-date: /home/tadtawan/fra532_lecture5_ws/install/mir_navigation/share/mir_navigation/config
-- Up-to-date: /home/tadtawan/fra532_lecture5_ws/install/mir_navigation/share/mir_navigation/config/mir_mapping_async_sim_namespaced.yaml
-- Up-to-date: /home/tadtawan/fra532_lecture5_ws/install/mir_navigation/share/mir_navigation/config/mir_mapping_async_sim.yaml
-- Up-to-date: /home/tadtawan/fra532_lecture5_ws/install/mir_navigation/share/mir_navigation/config/mir_mapping_async_namespaced.yaml
-- Up-to-date: /home/tadtawan/fra532_lecture5_ws/install/mir_navigation/share/mir_navigation/config/mir_nav_params.yaml
-- Up-to-date: /home/tadtawan/fra532_lecture5_ws/install/mir_navigation/share/mir_navigation/config/mir_mapping_async.yaml
-- Up-to-date: /home/tadtawan/fra532_lecture5_ws/install/mir_navigation/share/mir_navigation/config/mir_nav_params_namespaced.yaml
-- Up-to-date: /home/tadtawan/fra532_lecture5_ws/install/mir_navigation/share/mir_navigation/launch
-- Up-to-date: /home/tadtawan/fra532_lecture5_ws/install/mir_navigation/share/mir_navigation/launch/include
-- Up-to-date: /home/tadtawan/fra532_lecture5_ws/install/mir_navigation/share/mir_navigation/launch/include/mapping.py
-- Up-to-date: /home/tadtawan/fra532_lecture5_ws/install/mir_navigation/share/mir_navigation/launch/include/amcl.py
-- Up-to-date: /home/tadtawan/fra532_lecture5_ws/install/mir_navigation/share/mir_navigation/launch/include/navigation.py
-- Up-to-date: /home/tadtawan/fra532_lecture5_ws/install/mir_navigation/share/mir_navigation/launch/mir_nav_launch.py
-- Up-to-date: /home/tadtawan/fra532_lecture5_ws/install/mir_navigation/share/mir_navigation/launch/mir_mapping_launch.py
-- Up-to-date: /home/tadtawan/fra532_lecture5_ws/install/mir_navigation/share/mir_navigation/rviz
-- Up-to-date: /home/tadtawan/fra532_lecture5_ws/install/mir_navigation/share/mir_navigation/rviz/mir_mapping_nav.rviz
-- Up-to-date: /home/tadtawan/fra532_lecture5_ws/install/mir_navigation/share/mir_navigation/rviz/mir_nav.rviz
-- Up-to-date: /home/tadtawan/fra532_lecture5_ws/install/mir_navigation/share/mir_navigation/rviz/mir_visu.rviz
-- Up-to-date: /home/tadtawan/fra532_lecture5_ws/install/mir_navigation/share/mir_navigation/rviz/mir_mapping.rviz
-- Up-to-date: /home/tadtawan/fra532_lecture5_ws/install/mir_navigation/share/mir_navigation/maps
-- Up-to-date: /home/tadtawan/fra532_lecture5_ws/install/mir_navigation/share/mir_navigation/maps/maze.yaml
-- Up-to-date: /home/tadtawan/fra532_lecture5_ws/install/mir_navigation/share/mir_navigation/maps/maze.posegraph
-- Up-to-date: /home/tadtawan/fra532_lecture5_ws/install/mir_navigation/share/mir_navigation/maps/maze.data
-- Up-to-date: /home/tadtawan/fra532_lecture5_ws/install/mir_navigation/share/mir_navigation/maps/maze.pgm
-- Up-to-date: /home/tadtawan/fra532_lecture5_ws/install/mir_navigation/share/mir_navigation/behavior_trees
-- Up-to-date: /home/tadtawan/fra532_lecture5_ws/install/mir_navigation/share/mir_navigation/behavior_trees/navigate_to_pose_w_replanning_and_recovery.xml
-- Up-to-date: /home/tadtawan/fra532_lecture5_ws/install/mir_navigation/share/ament_index/resource_index/package_run_dependencies/mir_navigation
-- Up-to-date: /home/tadtawan/fra532_lecture5_ws/install/mir_navigation/share/ament_index/resource_index/parent_prefix_path/mir_navigation
-- Up-to-date: /home/tadtawan/fra532_lecture5_ws/install/mir_navigation/share/mir_navigation/environment/ament_prefix_path.sh
-- Up-to-date: /home/tadtawan/fra532_lecture5_ws/install/mir_navigation/share/mir_navigation/environment/ament_prefix_path.dsv
-- Up-to-date: /home/tadtawan/fra532_lecture5_ws/install/mir_navigation/share/mir_navigation/environment/path.sh
-- Up-to-date: /home/tadtawan/fra532_lecture5_ws/install/mir_navigation/share/mir_navigation/environment/path.dsv
-- Up-to-date: /home/tadtawan/fra532_lecture5_ws/install/mir_navigation/share/mir_navigation/local_setup.bash
-- Up-to-date: /home/tadtawan/fra532_lecture5_ws/install/mir_navigation/share/mir_navigation/local_setup.sh
-- Up-to-date: /home/tadtawan/fra532_lecture5_ws/install/mir_navigation/share/mir_navigation/local_setup.zsh
-- Up-to-date: /home/tadtawan/fra532_lecture5_ws/install/mir_navigation/share/mir_navigation/local_setup.dsv
-- Up-to-date: /home/tadtawan/fra532_lecture5_ws/install/mir_navigation/share/mir_navigation/package.dsv
-- Up-to-date: /home/tadtawan/fra532_lecture5_ws/install/mir_navigation/share/ament_index/resource_index/packages/mir_navigation
-- Up-to-date: /home/tadtawan/fra532_lecture5_ws/install/mir_navigation/share/mir_navigation/cmake/mir_navigationConfig.cmake
-- Up-to-date: /home/tadtawan/fra532_lecture5_ws/install/mir_navigation/share/mir_navigation/cmake/mir_navigationConfig-version.cmake
-- Up-to-date: /home/tadtawan/fra532_lecture5_ws/install/mir_navigation/share/mir_navigation/package.xml
