[0.229s] Invoking command in '/home/tadtawan/fra532_lecture5_ws/build/fra532_gazebo': CMAKE_PREFIX_PATH=${CMAKE_PREFIX_PATH}:/home/tadtawan/fra532_lecture5_ws/install/mir_driver:/home/tadtawan/fra532_lecture5_ws/install/twist_stamper:/home/tadtawan/fra532_lecture5_ws/install/mir_restapi:/opt/ros/humble /usr/bin/cmake --build /home/tadtawan/fra532_lecture5_ws/build/fra532_gazebo -- -j16 -l16
[0.268s] [100%] Built target cpp_node_test
[0.274s] [100%] Built target ament_cmake_python_copy_fra532_gazebo
[0.465s] running egg_info
[0.466s] writing fra532_gazebo.egg-info/PKG-INFO
[0.469s] writing dependency_links to fra532_gazebo.egg-info/dependency_links.txt
[0.471s] writing top-level names to fra532_gazebo.egg-info/top_level.txt
[0.477s] reading manifest file 'fra532_gazebo.egg-info/SOURCES.txt'
[0.477s] writing manifest file 'fra532_gazebo.egg-info/SOURCES.txt'
[0.504s] [100%] Built target ament_cmake_python_build_fra532_gazebo_egg
[0.535s] Invoked command in '/home/tadtawan/fra532_lecture5_ws/build/fra532_gazebo' returned '0': CMAKE_PREFIX_PATH=${CMAKE_PREFIX_PATH}:/home/tadtawan/fra532_lecture5_ws/install/mir_driver:/home/tadtawan/fra532_lecture5_ws/install/twist_stamper:/home/tadtawan/fra532_lecture5_ws/install/mir_restapi:/opt/ros/humble /usr/bin/cmake --build /home/tadtawan/fra532_lecture5_ws/build/fra532_gazebo -- -j16 -l16
[0.537s] Invoking command in '/home/tadtawan/fra532_lecture5_ws/build/fra532_gazebo': CMAKE_PREFIX_PATH=${CMAKE_PREFIX_PATH}:/home/tadtawan/fra532_lecture5_ws/install/mir_driver:/home/tadtawan/fra532_lecture5_ws/install/twist_stamper:/home/tadtawan/fra532_lecture5_ws/install/mir_restapi:/opt/ros/humble /usr/bin/cmake --install /home/tadtawan/fra532_lecture5_ws/build/fra532_gazebo
[0.543s] -- Install configuration: ""
[0.544s] -- Up-to-date: /home/tadtawan/fra532_lecture5_ws/install/fra532_gazebo/share/fra532_gazebo/environment/pythonpath.sh
[0.544s] -- Up-to-date: /home/tadtawan/fra532_lecture5_ws/install/fra532_gazebo/share/fra532_gazebo/environment/pythonpath.dsv
[0.544s] -- Up-to-date: /home/tadtawan/fra532_lecture5_ws/install/fra532_gazebo/local/lib/python3.10/dist-packages/fra532_gazebo-0.0.0-py3.10.egg-info
[0.544s] -- Installing: /home/tadtawan/fra532_lecture5_ws/install/fra532_gazebo/local/lib/python3.10/dist-packages/fra532_gazebo-0.0.0-py3.10.egg-info/top_level.txt
[0.544s] -- Installing: /home/tadtawan/fra532_lecture5_ws/install/fra532_gazebo/local/lib/python3.10/dist-packages/fra532_gazebo-0.0.0-py3.10.egg-info/dependency_links.txt
[0.544s] -- Installing: /home/tadtawan/fra532_lecture5_ws/install/fra532_gazebo/local/lib/python3.10/dist-packages/fra532_gazebo-0.0.0-py3.10.egg-info/SOURCES.txt
[0.547s] -- Installing: /home/tadtawan/fra532_lecture5_ws/install/fra532_gazebo/local/lib/python3.10/dist-packages/fra532_gazebo-0.0.0-py3.10.egg-info/PKG-INFO
[0.547s] -- Up-to-date: /home/tadtawan/fra532_lecture5_ws/install/fra532_gazebo/local/lib/python3.10/dist-packages/fra532_gazebo
[0.547s] -- Up-to-date: /home/tadtawan/fra532_lecture5_ws/install/fra532_gazebo/local/lib/python3.10/dist-packages/fra532_gazebo/__init__.py
[0.547s] -- Up-to-date: /home/tadtawan/fra532_lecture5_ws/install/fra532_gazebo/local/lib/python3.10/dist-packages/fra532_gazebo/dummy_module.py
[0.569s] Listing '/home/tadtawan/fra532_lecture5_ws/install/fra532_gazebo/local/lib/python3.10/dist-packages/fra532_gazebo'...
[0.572s] -- Up-to-date: /home/tadtawan/fra532_lecture5_ws/install/fra532_gazebo/lib/fra532_gazebo/dummy_script.py
[0.572s] -- Up-to-date: /home/tadtawan/fra532_lecture5_ws/install/fra532_gazebo/lib/fra532_gazebo/cpp_node_test
[0.572s] -- Up-to-date: /home/tadtawan/fra532_lecture5_ws/install/fra532_gazebo/share/fra532_gazebo/launch
[0.573s] -- Up-to-date: /home/tadtawan/fra532_lecture5_ws/install/fra532_gazebo/share/fra532_gazebo/launch/sim.launch.py
[0.573s] -- Up-to-date: /home/tadtawan/fra532_lecture5_ws/install/fra532_gazebo/share/ament_index/resource_index/package_run_dependencies/fra532_gazebo
[0.573s] -- Up-to-date: /home/tadtawan/fra532_lecture5_ws/install/fra532_gazebo/share/ament_index/resource_index/parent_prefix_path/fra532_gazebo
[0.573s] -- Up-to-date: /home/tadtawan/fra532_lecture5_ws/install/fra532_gazebo/share/fra532_gazebo/environment/ament_prefix_path.sh
[0.573s] -- Up-to-date: /home/tadtawan/fra532_lecture5_ws/install/fra532_gazebo/share/fra532_gazebo/environment/ament_prefix_path.dsv
[0.573s] -- Up-to-date: /home/tadtawan/fra532_lecture5_ws/install/fra532_gazebo/share/fra532_gazebo/environment/path.sh
[0.574s] -- Up-to-date: /home/tadtawan/fra532_lecture5_ws/install/fra532_gazebo/share/fra532_gazebo/environment/path.dsv
[0.574s] -- Up-to-date: /home/tadtawan/fra532_lecture5_ws/install/fra532_gazebo/share/fra532_gazebo/local_setup.bash
[0.574s] -- Up-to-date: /home/tadtawan/fra532_lecture5_ws/install/fra532_gazebo/share/fra532_gazebo/local_setup.sh
[0.574s] -- Up-to-date: /home/tadtawan/fra532_lecture5_ws/install/fra532_gazebo/share/fra532_gazebo/local_setup.zsh
[0.575s] -- Up-to-date: /home/tadtawan/fra532_lecture5_ws/install/fra532_gazebo/share/fra532_gazebo/local_setup.dsv
[0.575s] -- Installing: /home/tadtawan/fra532_lecture5_ws/install/fra532_gazebo/share/fra532_gazebo/package.dsv
[0.577s] -- Up-to-date: /home/tadtawan/fra532_lecture5_ws/install/fra532_gazebo/share/ament_index/resource_index/packages/fra532_gazebo
[0.577s] -- Up-to-date: /home/tadtawan/fra532_lecture5_ws/install/fra532_gazebo/share/fra532_gazebo/cmake/fra532_gazeboConfig.cmake
[0.577s] -- Up-to-date: /home/tadtawan/fra532_lecture5_ws/install/fra532_gazebo/share/fra532_gazebo/cmake/fra532_gazeboConfig-version.cmake
[0.577s] -- Up-to-date: /home/tadtawan/fra532_lecture5_ws/install/fra532_gazebo/share/fra532_gazebo/package.xml
[0.581s] Invoked command in '/home/tadtawan/fra532_lecture5_ws/build/fra532_gazebo' returned '0': CMAKE_PREFIX_PATH=${CMAKE_PREFIX_PATH}:/home/tadtawan/fra532_lecture5_ws/install/mir_driver:/home/tadtawan/fra532_lecture5_ws/install/twist_stamper:/home/tadtawan/fra532_lecture5_ws/install/mir_restapi:/opt/ros/humble /usr/bin/cmake --install /home/tadtawan/fra532_lecture5_ws/build/fra532_gazebo
