[0.029s] Invoking command in '/home/tadtawan/fra532_lecture5_ws/build/ira_laser_tools': CMAKE_PREFIX_PATH=${CMAKE_PREFIX_PATH}:/home/tadtawan/fra532_lecture5_ws/install/mir_driver:/home/tadtawan/fra532_lecture5_ws/install/twist_stamper:/home/tadtawan/fra532_lecture5_ws/install/mir_restapi:/opt/ros/humble /usr/bin/cmake /home/tadtawan/fra532_lecture5_ws/src/ira_laser_tools/src/ira_laser_tools -DCMAKE_INSTALL_PREFIX=/home/tadtawan/fra532_lecture5_ws/install/ira_laser_tools
[0.217s] -- The C compiler identification is GNU 11.4.0
[0.217s] -- The CXX compiler identification is GNU 11.4.0
[0.217s] -- Detecting C compiler ABI info
[0.217s] -- Detecting C compiler ABI info - done
[0.217s] -- Check for working C compiler: /usr/bin/cc - skipped
[0.217s] -- Detecting C compile features
[0.218s] -- Detecting C compile features - done
[0.218s] -- Detecting CXX compiler ABI info
[0.218s] -- Detecting CXX compiler ABI info - done
[0.223s] -- Check for working CXX compiler: /usr/bin/c++ - skipped
[0.223s] -- Detecting CXX compile features
[0.224s] -- Detecting CXX compile features - done
[0.226s] -- Found ament_cmake: 1.3.11 (/opt/ros/humble/share/ament_cmake/cmake)
[0.355s] -- Found Python3: /usr/bin/python3 (found version "3.10.12") found components: Interpreter 
[0.433s] -- Found laser_geometry: 2.4.0 (/opt/ros/humble/share/laser_geometry/cmake)
[0.485s] -- Found rosidl_generator_c: 3.1.6 (/opt/ros/humble/share/rosidl_generator_c/cmake)
[0.490s] -- Found rosidl_adapter: 3.1.6 (/opt/ros/humble/share/rosidl_adapter/cmake)
[0.498s] -- Found rosidl_generator_cpp: 3.1.6 (/opt/ros/humble/share/rosidl_generator_cpp/cmake)
[0.509s] -- Using all available rosidl_typesupport_c: rosidl_typesupport_fastrtps_c;rosidl_typesupport_introspection_c
[0.524s] -- Using all available rosidl_typesupport_cpp: rosidl_typesupport_fastrtps_cpp;rosidl_typesupport_introspection_cpp
[0.562s] -- Found rmw_implementation_cmake: 6.1.2 (/opt/ros/humble/share/rmw_implementation_cmake/cmake)
[0.564s] -- Found rmw_fastrtps_cpp: 6.2.7 (/opt/ros/humble/share/rmw_fastrtps_cpp/cmake)
[0.638s] -- Found OpenSSL: /usr/lib/x86_64-linux-gnu/libcrypto.so (found version "3.0.2")  
[0.660s] -- Found FastRTPS: /opt/ros/humble/include  
[0.702s] -- Using RMW implementation 'rmw_fastrtps_cpp' as default
[0.711s] -- Looking for pthread.h
[0.764s] -- Looking for pthread.h - found
[0.764s] -- Performing Test CMAKE_HAVE_LIBC_PTHREAD
[0.820s] -- Performing Test CMAKE_HAVE_LIBC_PTHREAD - Success
[0.821s] -- Found Threads: TRUE  
[0.890s] -- Found tf2_ros: 0.25.12 (/opt/ros/humble/share/tf2_ros/cmake)
[0.956s] -- Found pcl_conversions: 2.4.5 (/opt/ros/humble/share/pcl_conversions/cmake)
[0.998s] -- Checking for module 'eigen3'
[1.013s] --   Found eigen3, version 3.4.0
[1.047s] -- Found Eigen: /usr/include/eigen3 (Required is at least version "3.1") 
[1.047s] -- Eigen found (include: /usr/include/eigen3, version: 3.4.0)
[1.075s] -- Checking for module 'flann'
[1.084s] --   Found flann, version 1.9.1
[1.117s] -- Found FLANN: /usr/lib/x86_64-linux-gnu/libflann_cpp.so  
[1.117s] -- FLANN found (include: /usr/include, lib: /usr/lib/x86_64-linux-gnu/libflann_cpp.so)
[1.991s] -- Checking for module 'libusb-1.0'
[2.003s] --   Found libusb-1.0, version 1.0.25
[2.034s] -- Found libusb: /usr/lib/x86_64-linux-gnu/libusb-1.0.so  
[2.035s] -- OpenNI found (version: 1.5.4.0, include: /usr/include/ni, lib: /usr/lib/libOpenNI.so;libusb::libusb)
[2.080s] -- OpenNI2 found (version: 2.2.0.33, include: /usr/include/openni2, lib: /usr/lib/x86_64-linux-gnu/libOpenNI2.so;libusb::libusb)
[2.228s] -- Eigen found (include: /usr/include/eigen3, version: 3.4.0)
[2.234s] -- OpenNI found (version: 1.5.4.0, include: /usr/include/ni, lib: /usr/lib/libOpenNI.so;libusb::libusb)
[2.240s] -- OpenNI2 found (version: 2.2.0.33, include: /usr/include/openni2, lib: /usr/lib/x86_64-linux-gnu/libOpenNI2.so;libusb::libusb)
[2.449s] -- Found Qhull version 8.0.2
[2.668s] -- OpenNI found (version: 1.5.4.0, include: /usr/include/ni, lib: /usr/lib/libOpenNI.so;libusb::libusb)
[2.796s] -- Found PCL_COMMON: /usr/lib/x86_64-linux-gnu/libpcl_common.so  
[2.796s] -- Found PCL_KDTREE: /usr/lib/x86_64-linux-gnu/libpcl_kdtree.so  
[2.797s] -- Found PCL_OCTREE: /usr/lib/x86_64-linux-gnu/libpcl_octree.so  
[2.797s] -- Found PCL_SEARCH: /usr/lib/x86_64-linux-gnu/libpcl_search.so  
[2.798s] -- Found PCL_SAMPLE_CONSENSUS: /usr/lib/x86_64-linux-gnu/libpcl_sample_consensus.so  
[2.799s] -- Found PCL_FILTERS: /usr/lib/x86_64-linux-gnu/libpcl_filters.so  
[2.799s] -- Found PCL_2D: /usr/include/pcl-1.12  
[2.799s] -- Found PCL_GEOMETRY: /usr/include/pcl-1.12  
[2.800s] -- Found PCL_IO: /usr/lib/x86_64-linux-gnu/libpcl_io.so  
[2.806s] -- Found PCL_FEATURES: /usr/lib/x86_64-linux-gnu/libpcl_features.so  
[2.806s] -- Found PCL_ML: /usr/lib/x86_64-linux-gnu/libpcl_ml.so  
[2.806s] -- Found PCL_SEGMENTATION: /usr/lib/x86_64-linux-gnu/libpcl_segmentation.so  
[2.806s] -- Found PCL_VISUALIZATION: /usr/lib/x86_64-linux-gnu/libpcl_visualization.so  
[2.806s] -- Found PCL_SURFACE: /usr/lib/x86_64-linux-gnu/libpcl_surface.so  
[2.806s] -- Found PCL_REGISTRATION: /usr/lib/x86_64-linux-gnu/libpcl_registration.so  
[2.806s] -- Found PCL_KEYPOINTS: /usr/lib/x86_64-linux-gnu/libpcl_keypoints.so  
[2.806s] -- Found PCL_TRACKING: /usr/lib/x86_64-linux-gnu/libpcl_tracking.so  
[2.808s] -- Found PCL_RECOGNITION: /usr/lib/x86_64-linux-gnu/libpcl_recognition.so  
[2.809s] -- Found PCL_STEREO: /usr/lib/x86_64-linux-gnu/libpcl_stereo.so  
[2.810s] -- Found PCL_APPS: /usr/lib/x86_64-linux-gnu/libpcl_apps.so  
[2.810s] -- Found PCL_IN_HAND_SCANNER: /usr/include/pcl-1.12  
[2.811s] -- Found PCL_MODELER: /usr/include/pcl-1.12  
[2.811s] -- Found PCL_POINT_CLOUD_EDITOR: /usr/include/pcl-1.12  
[2.812s] -- Found PCL_OUTOFCORE: /usr/lib/x86_64-linux-gnu/libpcl_outofcore.so  
[2.812s] -- Found PCL_PEOPLE: /usr/lib/x86_64-linux-gnu/libpcl_people.so  
[2.815s] -- Found pcl_ros: 2.4.5 (/opt/ros/humble/share/pcl_ros/cmake)
[2.830s] -- Found Eigen3: TRUE (found version "3.4.0") 
[2.830s] -- Ensuring Eigen3 include directory is part of orocos-kdl CMake target
[2.833s] [33mCMake Warning (dev) at CMakeLists.txt:37 (find_package):
[2.833s]   Policy CMP0074 is not set: find_package uses <PackageName>_ROOT variables.
[2.833s]   Run "cmake --help-policy CMP0074" for policy details.  Use the cmake_policy
[2.833s]   command to set the policy and suppress this warning.
[2.833s] 
[2.833s]   CMake variable PCL_ROOT is set to:
[2.833s] 
[2.833s]     /usr
[2.833s] 
[2.833s]   For compatibility, CMake is ignoring the variable.
[2.833s] This warning is for project developers.  Use -Wno-dev to suppress it.
[2.833s] [0m
[2.853s] -- Found ament_lint_auto: 0.12.11 (/opt/ros/humble/share/ament_lint_auto/cmake)
[2.918s] -- Added test 'copyright' to check source files copyright and LICENSE
[2.919s] -- Added test 'cppcheck' to perform static code analysis on C / C++ code
[2.919s] -- Configured cppcheck include dirs: /home/tadtawan/fra532_lecture5_ws/src/ira_laser_tools/src/ira_laser_tools/include
[2.919s] -- Configured cppcheck exclude dirs and/or files: 
[2.920s] -- Added test 'cpplint' to check C / C++ code against the Google style
[2.920s] -- Configured cpplint exclude dirs and/or files: 
[2.920s] -- Added test 'flake8' to check Python code syntax and style conventions
[2.921s] -- Added test 'lint_cmake' to check CMake code style
[2.921s] -- Added test 'pep257' to check Python code against some of the docstring style conventions in PEP 257
[2.922s] -- Added test 'uncrustify' to check C / C++ code style
[2.922s] -- Configured uncrustify additional arguments: 
[2.922s] -- Added test 'xmllint' to check XML markup files
[2.924s] -- Configuring done
[2.968s] -- Generating done
[2.978s] -- Build files have been written to: /home/tadtawan/fra532_lecture5_ws/build/ira_laser_tools
[2.992s] Invoked command in '/home/tadtawan/fra532_lecture5_ws/build/ira_laser_tools' returned '0': CMAKE_PREFIX_PATH=${CMAKE_PREFIX_PATH}:/home/tadtawan/fra532_lecture5_ws/install/mir_driver:/home/tadtawan/fra532_lecture5_ws/install/twist_stamper:/home/tadtawan/fra532_lecture5_ws/install/mir_restapi:/opt/ros/humble /usr/bin/cmake /home/tadtawan/fra532_lecture5_ws/src/ira_laser_tools/src/ira_laser_tools -DCMAKE_INSTALL_PREFIX=/home/tadtawan/fra532_lecture5_ws/install/ira_laser_tools
[2.994s] Invoking command in '/home/tadtawan/fra532_lecture5_ws/build/ira_laser_tools': CMAKE_PREFIX_PATH=${CMAKE_PREFIX_PATH}:/home/tadtawan/fra532_lecture5_ws/install/mir_driver:/home/tadtawan/fra532_lecture5_ws/install/twist_stamper:/home/tadtawan/fra532_lecture5_ws/install/mir_restapi:/opt/ros/humble /usr/bin/cmake --build /home/tadtawan/fra532_lecture5_ws/build/ira_laser_tools -- -j16 -l16
[3.030s] [ 25%] [32mBuilding CXX object CMakeFiles/CloudPile.dir/src/CloudPile.cpp.o[0m
[7.954s] [ 50%] [32m[1mLinking CXX static library libCloudPile.a[0m
[8.105s] [ 50%] Built target CloudPile
[8.119s] [ 75%] [32mBuilding CXX object CMakeFiles/laserscan_multi_merger.dir/src/laserscan_multi_merger.cpp.o[0m
[19.250s] [100%] [32m[1mLinking CXX executable laserscan_multi_merger[0m
[19.896s] [100%] Built target laserscan_multi_merger
[19.903s] Invoked command in '/home/tadtawan/fra532_lecture5_ws/build/ira_laser_tools' returned '0': CMAKE_PREFIX_PATH=${CMAKE_PREFIX_PATH}:/home/tadtawan/fra532_lecture5_ws/install/mir_driver:/home/tadtawan/fra532_lecture5_ws/install/twist_stamper:/home/tadtawan/fra532_lecture5_ws/install/mir_restapi:/opt/ros/humble /usr/bin/cmake --build /home/tadtawan/fra532_lecture5_ws/build/ira_laser_tools -- -j16 -l16
[19.905s] Invoking command in '/home/tadtawan/fra532_lecture5_ws/build/ira_laser_tools': CMAKE_PREFIX_PATH=${CMAKE_PREFIX_PATH}:/home/tadtawan/fra532_lecture5_ws/install/mir_driver:/home/tadtawan/fra532_lecture5_ws/install/twist_stamper:/home/tadtawan/fra532_lecture5_ws/install/mir_restapi:/opt/ros/humble /usr/bin/cmake --install /home/tadtawan/fra532_lecture5_ws/build/ira_laser_tools
[19.910s] -- Install configuration: ""
[19.910s] -- Installing: /home/tadtawan/fra532_lecture5_ws/install/ira_laser_tools/include/
[19.910s] -- Installing: /home/tadtawan/fra532_lecture5_ws/install/ira_laser_tools/include//ira_laser_tools
[19.910s] -- Installing: /home/tadtawan/fra532_lecture5_ws/install/ira_laser_tools/include//ira_laser_tools/laserscan_multi_merger.hpp
[19.910s] -- Installing: /home/tadtawan/fra532_lecture5_ws/install/ira_laser_tools/include//ira_laser_tools/CloudPile.hpp
[19.910s] -- Installing: /home/tadtawan/fra532_lecture5_ws/install/ira_laser_tools/share/ira_laser_tools/launch
[19.910s] -- Installing: /home/tadtawan/fra532_lecture5_ws/install/ira_laser_tools/share/ira_laser_tools/launch/laserscan_virtualizer.launch
[19.910s] -- Installing: /home/tadtawan/fra532_lecture5_ws/install/ira_laser_tools/share/ira_laser_tools/launch/laserscan_multi_merger.launch
[19.910s] -- Installing: /home/tadtawan/fra532_lecture5_ws/install/ira_laser_tools/share/ira_laser_tools/launch/laserscan_virtualizer_launch.py
[19.910s] -- Installing: /home/tadtawan/fra532_lecture5_ws/install/ira_laser_tools/share/ira_laser_tools/launch/laserscan_multi_merger_launch.py
[19.910s] -- Installing: /home/tadtawan/fra532_lecture5_ws/install/ira_laser_tools/lib/ira_laser_tools/laserscan_multi_merger
[19.919s] -- Set runtime path of "/home/tadtawan/fra532_lecture5_ws/install/ira_laser_tools/lib/ira_laser_tools/laserscan_multi_merger" to ""
[19.919s] -- Installing: /home/tadtawan/fra532_lecture5_ws/install/ira_laser_tools/lib/ira_laser_tools/libCloudPile.a
[19.920s] -- Installing: /home/tadtawan/fra532_lecture5_ws/install/ira_laser_tools/share/ament_index/resource_index/package_run_dependencies/ira_laser_tools
[19.920s] -- Installing: /home/tadtawan/fra532_lecture5_ws/install/ira_laser_tools/share/ament_index/resource_index/parent_prefix_path/ira_laser_tools
[19.920s] -- Installing: /home/tadtawan/fra532_lecture5_ws/install/ira_laser_tools/share/ira_laser_tools/environment/ament_prefix_path.sh
[19.920s] -- Installing: /home/tadtawan/fra532_lecture5_ws/install/ira_laser_tools/share/ira_laser_tools/environment/ament_prefix_path.dsv
[19.920s] -- Installing: /home/tadtawan/fra532_lecture5_ws/install/ira_laser_tools/share/ira_laser_tools/environment/path.sh
[19.920s] -- Installing: /home/tadtawan/fra532_lecture5_ws/install/ira_laser_tools/share/ira_laser_tools/environment/path.dsv
[19.920s] -- Installing: /home/tadtawan/fra532_lecture5_ws/install/ira_laser_tools/share/ira_laser_tools/local_setup.bash
[19.920s] -- Installing: /home/tadtawan/fra532_lecture5_ws/install/ira_laser_tools/share/ira_laser_tools/local_setup.sh
[19.920s] -- Installing: /home/tadtawan/fra532_lecture5_ws/install/ira_laser_tools/share/ira_laser_tools/local_setup.zsh
[19.921s] -- Installing: /home/tadtawan/fra532_lecture5_ws/install/ira_laser_tools/share/ira_laser_tools/local_setup.dsv
[19.921s] -- Installing: /home/tadtawan/fra532_lecture5_ws/install/ira_laser_tools/share/ira_laser_tools/package.dsv
[19.921s] -- Installing: /home/tadtawan/fra532_lecture5_ws/install/ira_laser_tools/share/ament_index/resource_index/packages/ira_laser_tools
[19.921s] -- Installing: /home/tadtawan/fra532_lecture5_ws/install/ira_laser_tools/share/ira_laser_tools/cmake/ament_cmake_export_include_directories-extras.cmake
[19.921s] -- Installing: /home/tadtawan/fra532_lecture5_ws/install/ira_laser_tools/share/ira_laser_tools/cmake/ament_cmake_export_dependencies-extras.cmake
[19.921s] -- Installing: /home/tadtawan/fra532_lecture5_ws/install/ira_laser_tools/share/ira_laser_tools/cmake/ira_laser_toolsConfig.cmake
[19.921s] -- Installing: /home/tadtawan/fra532_lecture5_ws/install/ira_laser_tools/share/ira_laser_tools/cmake/ira_laser_toolsConfig-version.cmake
[19.921s] -- Installing: /home/tadtawan/fra532_lecture5_ws/install/ira_laser_tools/share/ira_laser_tools/package.xml
[19.922s] Invoked command in '/home/tadtawan/fra532_lecture5_ws/build/ira_laser_tools' returned '0': CMAKE_PREFIX_PATH=${CMAKE_PREFIX_PATH}:/home/tadtawan/fra532_lecture5_ws/install/mir_driver:/home/tadtawan/fra532_lecture5_ws/install/twist_stamper:/home/tadtawan/fra532_lecture5_ws/install/mir_restapi:/opt/ros/humble /usr/bin/cmake --install /home/tadtawan/fra532_lecture5_ws/build/ira_laser_tools
