[0.814s] Invoking command in '/home/tadtawan/fra532_lecture5_ws/src/twist_stamper': PYTHONPATH=/home/tadtawan/fra532_lecture5_ws/build/twist_stamper/prefix_override:/usr/lib/python3/dist-packages/colcon_core/task/python/colcon_distutils_commands:/home/tadtawan/fra532_lecture5_ws/install/twist_stamper/lib/python3.10/site-packages:${PYTHONPATH} /usr/bin/python3 -W ignore:setup.py install is deprecated -W ignore:easy_install command is deprecated setup.py egg_info --egg-base ../../build/twist_stamper build --build-base /home/tadtawan/fra532_lecture5_ws/build/twist_stamper/build install --record /home/tadtawan/fra532_lecture5_ws/build/twist_stamper/install.log --single-version-externally-managed install_data
[0.998s] running egg_info
[0.999s] writing ../../build/twist_stamper/twist_stamper.egg-info/PKG-INFO
[0.999s] writing dependency_links to ../../build/twist_stamper/twist_stamper.egg-info/dependency_links.txt
[0.999s] writing entry points to ../../build/twist_stamper/twist_stamper.egg-info/entry_points.txt
[0.999s] writing requirements to ../../build/twist_stamper/twist_stamper.egg-info/requires.txt
[0.999s] writing top-level names to ../../build/twist_stamper/twist_stamper.egg-info/top_level.txt
[1.000s] reading manifest file '../../build/twist_stamper/twist_stamper.egg-info/SOURCES.txt'
[1.000s] adding license file 'LICENSE'
[1.001s] writing manifest file '../../build/twist_stamper/twist_stamper.egg-info/SOURCES.txt'
[1.001s] running build
[1.001s] running build_py
[1.001s] running install
[1.001s] running install_lib
[1.002s] running install_data
[1.002s] running install_egg_info
[1.003s] removing '/home/tadtawan/fra532_lecture5_ws/install/twist_stamper/lib/python3.10/site-packages/twist_stamper-0.0.2-py3.10.egg-info' (and everything under it)
[1.004s] Copying ../../build/twist_stamper/twist_stamper.egg-info to /home/tadtawan/fra532_lecture5_ws/install/twist_stamper/lib/python3.10/site-packages/twist_stamper-0.0.2-py3.10.egg-info
[1.004s] running install_scripts
[1.022s] Installing twist_stamper script to /home/tadtawan/fra532_lecture5_ws/install/twist_stamper/lib/twist_stamper
[1.022s] Installing twist_unstamper script to /home/tadtawan/fra532_lecture5_ws/install/twist_stamper/lib/twist_stamper
[1.022s] writing list of installed files to '/home/tadtawan/fra532_lecture5_ws/build/twist_stamper/install.log'
[1.044s] Invoked command in '/home/tadtawan/fra532_lecture5_ws/src/twist_stamper' returned '0': PYTHONPATH=/home/tadtawan/fra532_lecture5_ws/build/twist_stamper/prefix_override:/usr/lib/python3/dist-packages/colcon_core/task/python/colcon_distutils_commands:/home/tadtawan/fra532_lecture5_ws/install/twist_stamper/lib/python3.10/site-packages:${PYTHONPATH} /usr/bin/python3 -W ignore:setup.py install is deprecated -W ignore:easy_install command is deprecated setup.py egg_info --egg-base ../../build/twist_stamper build --build-base /home/tadtawan/fra532_lecture5_ws/build/twist_stamper/build install --record /home/tadtawan/fra532_lecture5_ws/build/twist_stamper/install.log --single-version-externally-managed install_data
