running egg_info
writing ../../../build/mir_driver/mir_driver.egg-info/PKG-INFO
writing dependency_links to ../../../build/mir_driver/mir_driver.egg-info/dependency_links.txt
writing entry points to ../../../build/mir_driver/mir_driver.egg-info/entry_points.txt
writing requirements to ../../../build/mir_driver/mir_driver.egg-info/requires.txt
writing top-level names to ../../../build/mir_driver/mir_driver.egg-info/top_level.txt
reading manifest file '../../../build/mir_driver/mir_driver.egg-info/SOURCES.txt'
writing manifest file '../../../build/mir_driver/mir_driver.egg-info/SOURCES.txt'
running build
running build_py
running install
running install_lib
running install_data
running install_egg_info
removing '/home/tadtawan/fra532_lecture5_ws/install/mir_driver/lib/python3.10/site-packages/mir_driver-0.0.0-py3.10.egg-info' (and everything under it)
Copying ../../../build/mir_driver/mir_driver.egg-info to /home/tadtawan/fra532_lecture5_ws/install/mir_driver/lib/python3.10/site-packages/mir_driver-0.0.0-py3.10.egg-info
running install_scripts
Installing fake_mir_joint_publisher script to /home/tadtawan/fra532_lecture5_ws/install/mir_driver/lib/mir_driver
Installing mir_bridge script to /home/tadtawan/fra532_lecture5_ws/install/mir_driver/lib/mir_driver
Installing tf_remove_child_frames script to /home/tadtawan/fra532_lecture5_ws/install/mir_driver/lib/mir_driver
Installing time_synchronizer script to /home/tadtawan/fra532_lecture5_ws/install/mir_driver/lib/mir_driver
writing list of installed files to '/home/tadtawan/fra532_lecture5_ws/build/mir_driver/install.log'
