-- Install configuration: ""
-- Up-to-date: /home/tadtawan/fra532_lecture5_ws/install/mir_gazebo/share/mir_gazebo/launch
-- Up-to-date: /home/tadtawan/fra532_lecture5_ws/install/mir_gazebo/share/mir_gazebo/launch/include
-- Up-to-date: /home/tadtawan/fra532_lecture5_ws/install/mir_gazebo/share/mir_gazebo/launch/include/mir_gazebo_common.py
-- Up-to-date: /home/tadtawan/fra532_lecture5_ws/install/mir_gazebo/share/mir_gazebo/launch/mir_gazebo_launch.py
-- Up-to-date: /home/tadtawan/fra532_lecture5_ws/install/mir_gazebo/share/mir_gazebo/worlds
-- Up-to-date: /home/tadtawan/fra532_lecture5_ws/install/mir_gazebo/share/mir_gazebo/worlds/include
-- Up-to-date: /home/tadtawan/fra532_lecture5_ws/install/mir_gazebo/share/mir_gazebo/worlds/include/ground_plane
-- Up-to-date: /home/tadtawan/fra532_lecture5_ws/install/mir_gazebo/share/mir_gazebo/worlds/include/ground_plane/model.config
-- Up-to-date: /home/tadtawan/fra532_lecture5_ws/install/mir_gazebo/share/mir_gazebo/worlds/include/ground_plane/model-1_4.sdf
-- Up-to-date: /home/tadtawan/fra532_lecture5_ws/install/mir_gazebo/share/mir_gazebo/worlds/include/ground_plane/model-1_2.sdf
-- Up-to-date: /home/tadtawan/fra532_lecture5_ws/install/mir_gazebo/share/mir_gazebo/worlds/include/ground_plane/model-1_3.sdf
-- Up-to-date: /home/tadtawan/fra532_lecture5_ws/install/mir_gazebo/share/mir_gazebo/worlds/include/ground_plane/model.sdf
-- Up-to-date: /home/tadtawan/fra532_lecture5_ws/install/mir_gazebo/share/mir_gazebo/worlds/include/sun
-- Up-to-date: /home/tadtawan/fra532_lecture5_ws/install/mir_gazebo/share/mir_gazebo/worlds/include/sun/model.config
-- Up-to-date: /home/tadtawan/fra532_lecture5_ws/install/mir_gazebo/share/mir_gazebo/worlds/include/sun/model-1_4.sdf
-- Up-to-date: /home/tadtawan/fra532_lecture5_ws/install/mir_gazebo/share/mir_gazebo/worlds/include/sun/model-1_2.sdf
-- Up-to-date: /home/tadtawan/fra532_lecture5_ws/install/mir_gazebo/share/mir_gazebo/worlds/include/sun/model-1_3.sdf
-- Up-to-date: /home/tadtawan/fra532_lecture5_ws/install/mir_gazebo/share/mir_gazebo/worlds/include/sun/model.sdf
-- Up-to-date: /home/tadtawan/fra532_lecture5_ws/install/mir_gazebo/share/mir_gazebo/worlds/include/maze
-- Up-to-date: /home/tadtawan/fra532_lecture5_ws/install/mir_gazebo/share/mir_gazebo/worlds/include/maze/model.config
-- Up-to-date: /home/tadtawan/fra532_lecture5_ws/install/mir_gazebo/share/mir_gazebo/worlds/include/maze/model.sdf
-- Up-to-date: /home/tadtawan/fra532_lecture5_ws/install/mir_gazebo/share/mir_gazebo/worlds/empty.world
-- Up-to-date: /home/tadtawan/fra532_lecture5_ws/install/mir_gazebo/share/mir_gazebo/worlds/maze.world
-- Up-to-date: /home/tadtawan/fra532_lecture5_ws/install/mir_gazebo/share/mir_gazebo/maps
-- Up-to-date: /home/tadtawan/fra532_lecture5_ws/install/mir_gazebo/share/mir_gazebo/maps/maze.yaml
-- Up-to-date: /home/tadtawan/fra532_lecture5_ws/install/mir_gazebo/share/mir_gazebo/maps/maze_virtual_walls.png
-- Up-to-date: /home/tadtawan/fra532_lecture5_ws/install/mir_gazebo/share/mir_gazebo/maps/maze.png
-- Up-to-date: /home/tadtawan/fra532_lecture5_ws/install/mir_gazebo/share/mir_gazebo/maps/maze_virtual_walls.yaml
-- Up-to-date: /home/tadtawan/fra532_lecture5_ws/install/mir_gazebo/share/mir_gazebo/rviz
-- Up-to-date: /home/tadtawan/fra532_lecture5_ws/install/mir_gazebo/share/mir_gazebo/rviz/mir_visualization.rviz
-- Up-to-date: /home/tadtawan/fra532_lecture5_ws/install/mir_gazebo/share/ament_index/resource_index/package_run_dependencies/mir_gazebo
-- Up-to-date: /home/tadtawan/fra532_lecture5_ws/install/mir_gazebo/share/ament_index/resource_index/parent_prefix_path/mir_gazebo
-- Up-to-date: /home/tadtawan/fra532_lecture5_ws/install/mir_gazebo/share/mir_gazebo/environment/ament_prefix_path.sh
-- Up-to-date: /home/tadtawan/fra532_lecture5_ws/install/mir_gazebo/share/mir_gazebo/environment/ament_prefix_path.dsv
-- Up-to-date: /home/tadtawan/fra532_lecture5_ws/install/mir_gazebo/share/mir_gazebo/environment/path.sh
-- Up-to-date: /home/tadtawan/fra532_lecture5_ws/install/mir_gazebo/share/mir_gazebo/environment/path.dsv
-- Up-to-date: /home/tadtawan/fra532_lecture5_ws/install/mir_gazebo/share/mir_gazebo/local_setup.bash
-- Up-to-date: /home/tadtawan/fra532_lecture5_ws/install/mir_gazebo/share/mir_gazebo/local_setup.sh
-- Up-to-date: /home/tadtawan/fra532_lecture5_ws/install/mir_gazebo/share/mir_gazebo/local_setup.zsh
-- Up-to-date: /home/tadtawan/fra532_lecture5_ws/install/mir_gazebo/share/mir_gazebo/local_setup.dsv
-- Up-to-date: /home/tadtawan/fra532_lecture5_ws/install/mir_gazebo/share/mir_gazebo/package.dsv
-- Up-to-date: /home/tadtawan/fra532_lecture5_ws/install/mir_gazebo/share/ament_index/resource_index/packages/mir_gazebo
-- Up-to-date: /home/tadtawan/fra532_lecture5_ws/install/mir_gazebo/share/mir_gazebo/cmake/mir_gazeboConfig.cmake
-- Up-to-date: /home/tadtawan/fra532_lecture5_ws/install/mir_gazebo/share/mir_gazebo/cmake/mir_gazeboConfig-version.cmake
-- Up-to-date: /home/tadtawan/fra532_lecture5_ws/install/mir_gazebo/share/mir_gazebo/package.xml
