running egg_info
writing ../../../build/mir_restapi/mir_restapi.egg-info/PKG-INFO
writing dependency_links to ../../../build/mir_restapi/mir_restapi.egg-info/dependency_links.txt
writing entry points to ../../../build/mir_restapi/mir_restapi.egg-info/entry_points.txt
writing requirements to ../../../build/mir_restapi/mir_restapi.egg-info/requires.txt
writing top-level names to ../../../build/mir_restapi/mir_restapi.egg-info/top_level.txt
reading manifest file '../../../build/mir_restapi/mir_restapi.egg-info/SOURCES.txt'
adding license file 'LICENSE'
writing manifest file '../../../build/mir_restapi/mir_restapi.egg-info/SOURCES.txt'
running build
running build_py
running install
running install_lib
running install_data
running install_egg_info
removing '/home/tadtawan/fra532_lecture5_ws/install/mir_restapi/lib/python3.10/site-packages/mir_restapi-0.0.0-py3.10.egg-info' (and everything under it)
Copying ../../../build/mir_restapi/mir_restapi.egg-info to /home/tadtawan/fra532_lecture5_ws/install/mir_restapi/lib/python3.10/site-packages/mir_restapi-0.0.0-py3.10.egg-info
running install_scripts
Installing mir_restapi_server script to /home/tadtawan/fra532_lecture5_ws/install/mir_restapi/lib/mir_restapi
Installing mir_restapi_sync_time script to /home/tadtawan/fra532_lecture5_ws/install/mir_restapi/lib/mir_restapi
writing list of installed files to '/home/tadtawan/fra532_lecture5_ws/build/mir_restapi/install.log'
