[100%] Built target cpp_node_test
[100%] Built target ament_cmake_python_copy_fra532_slam
running egg_info
writing fra532_slam.egg-info/PKG-INFO
writing dependency_links to fra532_slam.egg-info/dependency_links.txt
writing top-level names to fra532_slam.egg-info/top_level.txt
reading manifest file 'fra532_slam.egg-info/SOURCES.txt'
writing manifest file 'fra532_slam.egg-info/SOURCES.txt'
[100%] Built target ament_cmake_python_build_fra532_slam_egg
-- Install configuration: ""
-- Up-to-date: /home/tadtawan/fra532_lecture5_ws/install/fra532_slam/share/fra532_slam/environment/pythonpath.sh
-- Up-to-date: /home/tadtawan/fra532_lecture5_ws/install/fra532_slam/share/fra532_slam/environment/pythonpath.dsv
-- Up-to-date: /home/tadtawan/fra532_lecture5_ws/install/fra532_slam/local/lib/python3.10/dist-packages/fra532_slam-0.0.0-py3.10.egg-info
-- Installing: /home/tadtawan/fra532_lecture5_ws/install/fra532_slam/local/lib/python3.10/dist-packages/fra532_slam-0.0.0-py3.10.egg-info/top_level.txt
-- Installing: /home/tadtawan/fra532_lecture5_ws/install/fra532_slam/local/lib/python3.10/dist-packages/fra532_slam-0.0.0-py3.10.egg-info/dependency_links.txt
-- Installing: /home/tadtawan/fra532_lecture5_ws/install/fra532_slam/local/lib/python3.10/dist-packages/fra532_slam-0.0.0-py3.10.egg-info/SOURCES.txt
-- Installing: /home/tadtawan/fra532_lecture5_ws/install/fra532_slam/local/lib/python3.10/dist-packages/fra532_slam-0.0.0-py3.10.egg-info/PKG-INFO
-- Up-to-date: /home/tadtawan/fra532_lecture5_ws/install/fra532_slam/local/lib/python3.10/dist-packages/fra532_slam
-- Up-to-date: /home/tadtawan/fra532_lecture5_ws/install/fra532_slam/local/lib/python3.10/dist-packages/fra532_slam/__init__.py
-- Up-to-date: /home/tadtawan/fra532_lecture5_ws/install/fra532_slam/local/lib/python3.10/dist-packages/fra532_slam/dummy_module.py
Listing '/home/tadtawan/fra532_lecture5_ws/install/fra532_slam/local/lib/python3.10/dist-packages/fra532_slam'...
-- Up-to-date: /home/tadtawan/fra532_lecture5_ws/install/fra532_slam/lib/fra532_slam/dummy_script.py
-- Up-to-date: /home/tadtawan/fra532_lecture5_ws/install/fra532_slam/lib/fra532_slam/cpp_node_test
-- Up-to-date: /home/tadtawan/fra532_lecture5_ws/install/fra532_slam/share/fra532_slam/launch
-- Up-to-date: /home/tadtawan/fra532_lecture5_ws/install/fra532_slam/share/fra532_slam/launch/save_map.launch.py
-- Up-to-date: /home/tadtawan/fra532_lecture5_ws/install/fra532_slam/share/fra532_slam/launch/mapping.launch.py
-- Up-to-date: /home/tadtawan/fra532_lecture5_ws/install/fra532_slam/share/fra532_slam/config
-- Up-to-date: /home/tadtawan/fra532_lecture5_ws/install/fra532_slam/share/fra532_slam/config/mapping_async.yaml
-- Up-to-date: /home/tadtawan/fra532_lecture5_ws/install/fra532_slam/share/fra532_slam/rviz
-- Up-to-date: /home/tadtawan/fra532_lecture5_ws/install/fra532_slam/share/fra532_slam/rviz/mapping.rviz
-- Up-to-date: /home/tadtawan/fra532_lecture5_ws/install/fra532_slam/share/ament_index/resource_index/package_run_dependencies/fra532_slam
-- Up-to-date: /home/tadtawan/fra532_lecture5_ws/install/fra532_slam/share/ament_index/resource_index/parent_prefix_path/fra532_slam
-- Up-to-date: /home/tadtawan/fra532_lecture5_ws/install/fra532_slam/share/fra532_slam/environment/ament_prefix_path.sh
-- Up-to-date: /home/tadtawan/fra532_lecture5_ws/install/fra532_slam/share/fra532_slam/environment/ament_prefix_path.dsv
-- Up-to-date: /home/tadtawan/fra532_lecture5_ws/install/fra532_slam/share/fra532_slam/environment/path.sh
-- Up-to-date: /home/tadtawan/fra532_lecture5_ws/install/fra532_slam/share/fra532_slam/environment/path.dsv
-- Up-to-date: /home/tadtawan/fra532_lecture5_ws/install/fra532_slam/share/fra532_slam/local_setup.bash
-- Up-to-date: /home/tadtawan/fra532_lecture5_ws/install/fra532_slam/share/fra532_slam/local_setup.sh
-- Up-to-date: /home/tadtawan/fra532_lecture5_ws/install/fra532_slam/share/fra532_slam/local_setup.zsh
-- Up-to-date: /home/tadtawan/fra532_lecture5_ws/install/fra532_slam/share/fra532_slam/local_setup.dsv
-- Installing: /home/tadtawan/fra532_lecture5_ws/install/fra532_slam/share/fra532_slam/package.dsv
-- Up-to-date: /home/tadtawan/fra532_lecture5_ws/install/fra532_slam/share/ament_index/resource_index/packages/fra532_slam
-- Up-to-date: /home/tadtawan/fra532_lecture5_ws/install/fra532_slam/share/fra532_slam/cmake/fra532_slamConfig.cmake
-- Up-to-date: /home/tadtawan/fra532_lecture5_ws/install/fra532_slam/share/fra532_slam/cmake/fra532_slamConfig-version.cmake
-- Up-to-date: /home/tadtawan/fra532_lecture5_ws/install/fra532_slam/share/fra532_slam/package.xml
