[0.196s] Invoking command in '/home/tadtawan/fra532_lecture5_ws/build/fra532_exam1': CMAKE_PREFIX_PATH=${CMAKE_PREFIX_PATH}:/home/tadtawan/fra532_lecture5_ws/install/mir_driver:/home/tadtawan/fra532_lecture5_ws/install/twist_stamper:/home/tadtawan/fra532_lecture5_ws/install/mir_restapi:/opt/ros/humble /usr/bin/cmake /home/tadtawan/fra532_lecture5_ws/src/fra532_exam1 -DCMAKE_INSTALL_PREFIX=/home/tadtawan/fra532_lecture5_ws/install/fra532_exam1
[0.246s] -- The C compiler identification is GNU 11.4.0
[0.292s] -- The CXX compiler identification is GNU 11.4.0
[0.299s] -- Detecting C compiler ABI info
[0.347s] -- Detecting C compiler ABI info - done
[0.353s] -- Check for working C compiler: /usr/bin/cc - skipped
[0.353s] -- Detecting C compile features
[0.353s] -- Detecting C compile features - done
[0.355s] -- Detecting CXX compiler ABI info
[0.423s] -- Detecting CXX compiler ABI info - done
[0.431s] -- Check for working CXX compiler: /usr/bin/c++ - skipped
[0.431s] -- Detecting CXX compile features
[0.432s] -- Detecting CXX compile features - done
[0.434s] -- Found ament_cmake: 1.3.11 (/opt/ros/humble/share/ament_cmake/cmake)
[0.583s] -- Found Python3: /usr/bin/python3 (found version "3.10.12") found components: Interpreter 
[0.682s] -- Found rclcpp: 16.0.11 (/opt/ros/humble/share/rclcpp/cmake)
[0.719s] -- Found rosidl_generator_c: 3.1.6 (/opt/ros/humble/share/rosidl_generator_c/cmake)
[0.722s] -- Found rosidl_adapter: 3.1.6 (/opt/ros/humble/share/rosidl_adapter/cmake)
[0.728s] -- Found rosidl_generator_cpp: 3.1.6 (/opt/ros/humble/share/rosidl_generator_cpp/cmake)
[0.736s] -- Using all available rosidl_typesupport_c: rosidl_typesupport_fastrtps_c;rosidl_typesupport_introspection_c
[0.747s] -- Using all available rosidl_typesupport_cpp: rosidl_typesupport_fastrtps_cpp;rosidl_typesupport_introspection_cpp
[0.781s] -- Found rmw_implementation_cmake: 6.1.2 (/opt/ros/humble/share/rmw_implementation_cmake/cmake)
[0.786s] -- Found rmw_fastrtps_cpp: 6.2.7 (/opt/ros/humble/share/rmw_fastrtps_cpp/cmake)
[0.851s] -- Found OpenSSL: /usr/lib/x86_64-linux-gnu/libcrypto.so (found version "3.0.2")  
[0.874s] -- Found FastRTPS: /opt/ros/humble/include  
[0.903s] -- Using RMW implementation 'rmw_fastrtps_cpp' as default
[0.909s] -- Looking for pthread.h
[0.967s] -- Looking for pthread.h - found
[0.967s] -- Performing Test CMAKE_HAVE_LIBC_PTHREAD
[1.038s] -- Performing Test CMAKE_HAVE_LIBC_PTHREAD - Success
[1.040s] -- Found Threads: TRUE  
[1.083s] -- Found rclpy: 3.3.15 (/opt/ros/humble/share/rclpy/cmake)
[1.206s] -- Configuring done
[1.214s] -- Generating done
[1.218s] -- Build files have been written to: /home/tadtawan/fra532_lecture5_ws/build/fra532_exam1
[1.228s] Invoked command in '/home/tadtawan/fra532_lecture5_ws/build/fra532_exam1' returned '0': CMAKE_PREFIX_PATH=${CMAKE_PREFIX_PATH}:/home/tadtawan/fra532_lecture5_ws/install/mir_driver:/home/tadtawan/fra532_lecture5_ws/install/twist_stamper:/home/tadtawan/fra532_lecture5_ws/install/mir_restapi:/opt/ros/humble /usr/bin/cmake /home/tadtawan/fra532_lecture5_ws/src/fra532_exam1 -DCMAKE_INSTALL_PREFIX=/home/tadtawan/fra532_lecture5_ws/install/fra532_exam1
[1.230s] Invoking command in '/home/tadtawan/fra532_lecture5_ws/build/fra532_exam1': CMAKE_PREFIX_PATH=${CMAKE_PREFIX_PATH}:/home/tadtawan/fra532_lecture5_ws/install/mir_driver:/home/tadtawan/fra532_lecture5_ws/install/twist_stamper:/home/tadtawan/fra532_lecture5_ws/install/mir_restapi:/opt/ros/humble /usr/bin/cmake --build /home/tadtawan/fra532_lecture5_ws/build/fra532_exam1 -- -j16 -l16
[1.273s] [ 50%] [32mBuilding CXX object CMakeFiles/cpp_node_test.dir/src/cpp_node.cpp.o[0m
[1.277s] [ 50%] Built target ament_cmake_python_copy_fra532_exam1
[1.493s] running egg_info
[1.493s] creating fra532_exam1.egg-info
[1.494s] writing fra532_exam1.egg-info/PKG-INFO
[1.494s] writing dependency_links to fra532_exam1.egg-info/dependency_links.txt
[1.494s] writing top-level names to fra532_exam1.egg-info/top_level.txt
[1.494s] writing manifest file 'fra532_exam1.egg-info/SOURCES.txt'
[1.500s] reading manifest file 'fra532_exam1.egg-info/SOURCES.txt'
[1.500s] writing manifest file 'fra532_exam1.egg-info/SOURCES.txt'
[1.540s] [ 50%] Built target ament_cmake_python_build_fra532_exam1_egg
[1.555s] [100%] [32m[1mLinking CXX executable cpp_node_test[0m
[1.683s] [100%] Built target cpp_node_test
[1.694s] Invoked command in '/home/tadtawan/fra532_lecture5_ws/build/fra532_exam1' returned '0': CMAKE_PREFIX_PATH=${CMAKE_PREFIX_PATH}:/home/tadtawan/fra532_lecture5_ws/install/mir_driver:/home/tadtawan/fra532_lecture5_ws/install/twist_stamper:/home/tadtawan/fra532_lecture5_ws/install/mir_restapi:/opt/ros/humble /usr/bin/cmake --build /home/tadtawan/fra532_lecture5_ws/build/fra532_exam1 -- -j16 -l16
[1.696s] Invoking command in '/home/tadtawan/fra532_lecture5_ws/build/fra532_exam1': CMAKE_PREFIX_PATH=${CMAKE_PREFIX_PATH}:/home/tadtawan/fra532_lecture5_ws/install/mir_driver:/home/tadtawan/fra532_lecture5_ws/install/twist_stamper:/home/tadtawan/fra532_lecture5_ws/install/mir_restapi:/opt/ros/humble /usr/bin/cmake --install /home/tadtawan/fra532_lecture5_ws/build/fra532_exam1
[1.701s] -- Install configuration: ""
[1.701s] -- Installing: /home/tadtawan/fra532_lecture5_ws/install/fra532_exam1/share/fra532_exam1/environment/pythonpath.sh
[1.701s] -- Installing: /home/tadtawan/fra532_lecture5_ws/install/fra532_exam1/share/fra532_exam1/environment/pythonpath.dsv
[1.701s] -- Installing: /home/tadtawan/fra532_lecture5_ws/install/fra532_exam1/local/lib/python3.10/dist-packages/fra532_exam1-0.0.0-py3.10.egg-info
[1.701s] -- Installing: /home/tadtawan/fra532_lecture5_ws/install/fra532_exam1/local/lib/python3.10/dist-packages/fra532_exam1-0.0.0-py3.10.egg-info/top_level.txt
[1.701s] -- Installing: /home/tadtawan/fra532_lecture5_ws/install/fra532_exam1/local/lib/python3.10/dist-packages/fra532_exam1-0.0.0-py3.10.egg-info/dependency_links.txt
[1.702s] -- Installing: /home/tadtawan/fra532_lecture5_ws/install/fra532_exam1/local/lib/python3.10/dist-packages/fra532_exam1-0.0.0-py3.10.egg-info/SOURCES.txt
[1.702s] -- Installing: /home/tadtawan/fra532_lecture5_ws/install/fra532_exam1/local/lib/python3.10/dist-packages/fra532_exam1-0.0.0-py3.10.egg-info/PKG-INFO
[1.702s] -- Installing: /home/tadtawan/fra532_lecture5_ws/install/fra532_exam1/local/lib/python3.10/dist-packages/fra532_exam1
[1.702s] -- Installing: /home/tadtawan/fra532_lecture5_ws/install/fra532_exam1/local/lib/python3.10/dist-packages/fra532_exam1/__init__.py
[1.702s] -- Installing: /home/tadtawan/fra532_lecture5_ws/install/fra532_exam1/local/lib/python3.10/dist-packages/fra532_exam1/dummy_module.py
[1.728s] Listing '/home/tadtawan/fra532_lecture5_ws/install/fra532_exam1/local/lib/python3.10/dist-packages/fra532_exam1'...
[1.728s] Compiling '/home/tadtawan/fra532_lecture5_ws/install/fra532_exam1/local/lib/python3.10/dist-packages/fra532_exam1/__init__.py'...
[1.728s] Compiling '/home/tadtawan/fra532_lecture5_ws/install/fra532_exam1/local/lib/python3.10/dist-packages/fra532_exam1/dummy_module.py'...
[1.732s] -- Installing: /home/tadtawan/fra532_lecture5_ws/install/fra532_exam1/lib/fra532_exam1/dummy_script.py
[1.732s] -- Installing: /home/tadtawan/fra532_lecture5_ws/install/fra532_exam1/lib/fra532_exam1/cpp_node_test
[1.732s] -- Set runtime path of "/home/tadtawan/fra532_lecture5_ws/install/fra532_exam1/lib/fra532_exam1/cpp_node_test" to ""
[1.732s] -- Installing: /home/tadtawan/fra532_lecture5_ws/install/fra532_exam1/share/fra532_exam1/worlds
[1.732s] -- Installing: /home/tadtawan/fra532_lecture5_ws/install/fra532_exam1/share/fra532_exam1/worlds/pole.world
[1.732s] -- Installing: /home/tadtawan/fra532_lecture5_ws/install/fra532_exam1/share/fra532_exam1/launch
[1.732s] -- Installing: /home/tadtawan/fra532_lecture5_ws/install/fra532_exam1/share/fra532_exam1/launch/world.launch.py
[1.732s] -- Installing: /home/tadtawan/fra532_lecture5_ws/install/fra532_exam1/share/ament_index/resource_index/package_run_dependencies/fra532_exam1
[1.732s] -- Installing: /home/tadtawan/fra532_lecture5_ws/install/fra532_exam1/share/ament_index/resource_index/parent_prefix_path/fra532_exam1
[1.732s] -- Installing: /home/tadtawan/fra532_lecture5_ws/install/fra532_exam1/share/fra532_exam1/environment/ament_prefix_path.sh
[1.732s] -- Installing: /home/tadtawan/fra532_lecture5_ws/install/fra532_exam1/share/fra532_exam1/environment/ament_prefix_path.dsv
[1.733s] -- Installing: /home/tadtawan/fra532_lecture5_ws/install/fra532_exam1/share/fra532_exam1/environment/path.sh
[1.733s] -- Installing: /home/tadtawan/fra532_lecture5_ws/install/fra532_exam1/share/fra532_exam1/environment/path.dsv
[1.733s] -- Installing: /home/tadtawan/fra532_lecture5_ws/install/fra532_exam1/share/fra532_exam1/local_setup.bash
[1.733s] -- Installing: /home/tadtawan/fra532_lecture5_ws/install/fra532_exam1/share/fra532_exam1/local_setup.sh
[1.733s] -- Installing: /home/tadtawan/fra532_lecture5_ws/install/fra532_exam1/share/fra532_exam1/local_setup.zsh
[1.733s] -- Installing: /home/tadtawan/fra532_lecture5_ws/install/fra532_exam1/share/fra532_exam1/local_setup.dsv
[1.733s] -- Installing: /home/tadtawan/fra532_lecture5_ws/install/fra532_exam1/share/fra532_exam1/package.dsv
[1.733s] -- Installing: /home/tadtawan/fra532_lecture5_ws/install/fra532_exam1/share/ament_index/resource_index/packages/fra532_exam1
[1.733s] -- Installing: /home/tadtawan/fra532_lecture5_ws/install/fra532_exam1/share/fra532_exam1/cmake/fra532_exam1Config.cmake
[1.733s] -- Installing: /home/tadtawan/fra532_lecture5_ws/install/fra532_exam1/share/fra532_exam1/cmake/fra532_exam1Config-version.cmake
[1.733s] -- Installing: /home/tadtawan/fra532_lecture5_ws/install/fra532_exam1/share/fra532_exam1/package.xml
[1.742s] Invoked command in '/home/tadtawan/fra532_lecture5_ws/build/fra532_exam1' returned '0': CMAKE_PREFIX_PATH=${CMAKE_PREFIX_PATH}:/home/tadtawan/fra532_lecture5_ws/install/mir_driver:/home/tadtawan/fra532_lecture5_ws/install/twist_stamper:/home/tadtawan/fra532_lecture5_ws/install/mir_restapi:/opt/ros/humble /usr/bin/cmake --install /home/tadtawan/fra532_lecture5_ws/build/fra532_exam1
