[0.196s] Invoking command in '/home/tadtawan/fra532_lecture5_ws/build/fra532_exam1': CMAKE_PREFIX_PATH=${CMAKE_PREFIX_PATH}:/home/tadtawan/fra532_lecture5_ws/install/mir_driver:/home/tadtawan/fra532_lecture5_ws/install/twist_stamper:/home/tadtawan/fra532_lecture5_ws/install/mir_restapi:/opt/ros/humble /usr/bin/cmake --build /home/tadtawan/fra532_lecture5_ws/build/fra532_exam1 -- -j16 -l16
[0.230s] -- Found ament_cmake: 1.3.11 (/opt/ros/humble/share/ament_cmake/cmake)
[0.358s] -- Found rclcpp: 16.0.11 (/opt/ros/humble/share/rclcpp/cmake)
[0.417s] -- Found rosidl_generator_c: 3.1.6 (/opt/ros/humble/share/rosidl_generator_c/cmake)
[0.420s] -- Found rosidl_adapter: 3.1.6 (/opt/ros/humble/share/rosidl_adapter/cmake)
[0.430s] -- Found rosidl_generator_cpp: 3.1.6 (/opt/ros/humble/share/rosidl_generator_cpp/cmake)
[0.449s] -- Using all available rosidl_typesupport_c: rosidl_typesupport_fastrtps_c;rosidl_typesupport_introspection_c
[0.469s] -- Using all available rosidl_typesupport_cpp: rosidl_typesupport_fastrtps_cpp;rosidl_typesupport_introspection_cpp
[0.528s] -- Found rmw_implementation_cmake: 6.1.2 (/opt/ros/humble/share/rmw_implementation_cmake/cmake)
[0.532s] -- Found rmw_fastrtps_cpp: 6.2.7 (/opt/ros/humble/share/rmw_fastrtps_cpp/cmake)
[0.692s] -- Using RMW implementation 'rmw_fastrtps_cpp' as default
[0.764s] -- Found rclpy: 3.3.15 (/opt/ros/humble/share/rclpy/cmake)
[0.863s] -- Configuring done
[0.872s] -- Generating done
[0.877s] -- Build files have been written to: /home/tadtawan/fra532_lecture5_ws/build/fra532_exam1
[0.896s] [35m[1mConsolidate compiler generated dependencies of target cpp_node_test[0m
[0.905s] [100%] Built target cpp_node_test
[0.910s] [100%] Built target ament_cmake_python_copy_fra532_exam1
[1.071s] running egg_info
[1.072s] writing fra532_exam1.egg-info/PKG-INFO
[1.072s] writing dependency_links to fra532_exam1.egg-info/dependency_links.txt
[1.072s] writing top-level names to fra532_exam1.egg-info/top_level.txt
[1.073s] reading manifest file 'fra532_exam1.egg-info/SOURCES.txt'
[1.074s] writing manifest file 'fra532_exam1.egg-info/SOURCES.txt'
[1.093s] [100%] Built target ament_cmake_python_build_fra532_exam1_egg
[1.103s] Invoked command in '/home/tadtawan/fra532_lecture5_ws/build/fra532_exam1' returned '0': CMAKE_PREFIX_PATH=${CMAKE_PREFIX_PATH}:/home/tadtawan/fra532_lecture5_ws/install/mir_driver:/home/tadtawan/fra532_lecture5_ws/install/twist_stamper:/home/tadtawan/fra532_lecture5_ws/install/mir_restapi:/opt/ros/humble /usr/bin/cmake --build /home/tadtawan/fra532_lecture5_ws/build/fra532_exam1 -- -j16 -l16
[1.104s] Invoking command in '/home/tadtawan/fra532_lecture5_ws/build/fra532_exam1': CMAKE_PREFIX_PATH=${CMAKE_PREFIX_PATH}:/home/tadtawan/fra532_lecture5_ws/install/mir_driver:/home/tadtawan/fra532_lecture5_ws/install/twist_stamper:/home/tadtawan/fra532_lecture5_ws/install/mir_restapi:/opt/ros/humble /usr/bin/cmake --install /home/tadtawan/fra532_lecture5_ws/build/fra532_exam1
[1.110s] -- Install configuration: ""
[1.110s] -- Up-to-date: /home/tadtawan/fra532_lecture5_ws/install/fra532_exam1/share/fra532_exam1/environment/pythonpath.sh
[1.110s] -- Installing: /home/tadtawan/fra532_lecture5_ws/install/fra532_exam1/share/fra532_exam1/environment/pythonpath.dsv
[1.110s] -- Up-to-date: /home/tadtawan/fra532_lecture5_ws/install/fra532_exam1/local/lib/python3.10/dist-packages/fra532_exam1-0.0.0-py3.10.egg-info
[1.111s] -- Installing: /home/tadtawan/fra532_lecture5_ws/install/fra532_exam1/local/lib/python3.10/dist-packages/fra532_exam1-0.0.0-py3.10.egg-info/top_level.txt
[1.111s] -- Installing: /home/tadtawan/fra532_lecture5_ws/install/fra532_exam1/local/lib/python3.10/dist-packages/fra532_exam1-0.0.0-py3.10.egg-info/dependency_links.txt
[1.111s] -- Installing: /home/tadtawan/fra532_lecture5_ws/install/fra532_exam1/local/lib/python3.10/dist-packages/fra532_exam1-0.0.0-py3.10.egg-info/SOURCES.txt
[1.111s] -- Installing: /home/tadtawan/fra532_lecture5_ws/install/fra532_exam1/local/lib/python3.10/dist-packages/fra532_exam1-0.0.0-py3.10.egg-info/PKG-INFO
[1.111s] -- Up-to-date: /home/tadtawan/fra532_lecture5_ws/install/fra532_exam1/local/lib/python3.10/dist-packages/fra532_exam1
[1.111s] -- Up-to-date: /home/tadtawan/fra532_lecture5_ws/install/fra532_exam1/local/lib/python3.10/dist-packages/fra532_exam1/__init__.py
[1.111s] -- Up-to-date: /home/tadtawan/fra532_lecture5_ws/install/fra532_exam1/local/lib/python3.10/dist-packages/fra532_exam1/dummy_module.py
[1.134s] Listing '/home/tadtawan/fra532_lecture5_ws/install/fra532_exam1/local/lib/python3.10/dist-packages/fra532_exam1'...
[1.136s] -- Up-to-date: /home/tadtawan/fra532_lecture5_ws/install/fra532_exam1/lib/fra532_exam1/dummy_script.py
[1.137s] -- Up-to-date: /home/tadtawan/fra532_lecture5_ws/install/fra532_exam1/lib/fra532_exam1/aruco_detect.py
[1.137s] -- Up-to-date: /home/tadtawan/fra532_lecture5_ws/install/fra532_exam1/lib/fra532_exam1/locolization.py
[1.137s] -- Installing: /home/tadtawan/fra532_lecture5_ws/install/fra532_exam1/lib/fra532_exam1/ArucoPoseTransformer.py
[1.137s] -- Up-to-date: /home/tadtawan/fra532_lecture5_ws/install/fra532_exam1/lib/fra532_exam1/cpp_node_test
[1.137s] -- Up-to-date: /home/tadtawan/fra532_lecture5_ws/install/fra532_exam1/share/fra532_exam1/worlds
[1.137s] -- Up-to-date: /home/tadtawan/fra532_lecture5_ws/install/fra532_exam1/share/fra532_exam1/worlds/pole.world
[1.137s] -- Up-to-date: /home/tadtawan/fra532_lecture5_ws/install/fra532_exam1/share/fra532_exam1/launch
[1.137s] -- Up-to-date: /home/tadtawan/fra532_lecture5_ws/install/fra532_exam1/share/fra532_exam1/launch/world.launch.py
[1.137s] -- Up-to-date: /home/tadtawan/fra532_lecture5_ws/install/fra532_exam1/share/fra532_exam1/scripts
[1.137s] -- Up-to-date: /home/tadtawan/fra532_lecture5_ws/install/fra532_exam1/share/fra532_exam1/scripts/locolization.py
[1.137s] -- Installing: /home/tadtawan/fra532_lecture5_ws/install/fra532_exam1/share/fra532_exam1/scripts/ArucoPoseTransformer.py
[1.137s] -- Up-to-date: /home/tadtawan/fra532_lecture5_ws/install/fra532_exam1/share/fra532_exam1/scripts/dummy_script.py
[1.137s] -- Up-to-date: /home/tadtawan/fra532_lecture5_ws/install/fra532_exam1/share/fra532_exam1/scripts/aruco_detect.py
[1.138s] -- Up-to-date: /home/tadtawan/fra532_lecture5_ws/install/fra532_exam1/share/ament_index/resource_index/package_run_dependencies/fra532_exam1
[1.138s] -- Up-to-date: /home/tadtawan/fra532_lecture5_ws/install/fra532_exam1/share/ament_index/resource_index/parent_prefix_path/fra532_exam1
[1.138s] -- Up-to-date: /home/tadtawan/fra532_lecture5_ws/install/fra532_exam1/share/fra532_exam1/environment/ament_prefix_path.sh
[1.138s] -- Installing: /home/tadtawan/fra532_lecture5_ws/install/fra532_exam1/share/fra532_exam1/environment/ament_prefix_path.dsv
[1.138s] -- Up-to-date: /home/tadtawan/fra532_lecture5_ws/install/fra532_exam1/share/fra532_exam1/environment/path.sh
[1.138s] -- Installing: /home/tadtawan/fra532_lecture5_ws/install/fra532_exam1/share/fra532_exam1/environment/path.dsv
[1.138s] -- Up-to-date: /home/tadtawan/fra532_lecture5_ws/install/fra532_exam1/share/fra532_exam1/local_setup.bash
[1.138s] -- Up-to-date: /home/tadtawan/fra532_lecture5_ws/install/fra532_exam1/share/fra532_exam1/local_setup.sh
[1.138s] -- Up-to-date: /home/tadtawan/fra532_lecture5_ws/install/fra532_exam1/share/fra532_exam1/local_setup.zsh
[1.138s] -- Installing: /home/tadtawan/fra532_lecture5_ws/install/fra532_exam1/share/fra532_exam1/local_setup.dsv
[1.138s] -- Installing: /home/tadtawan/fra532_lecture5_ws/install/fra532_exam1/share/fra532_exam1/package.dsv
[1.138s] -- Up-to-date: /home/tadtawan/fra532_lecture5_ws/install/fra532_exam1/share/ament_index/resource_index/packages/fra532_exam1
[1.138s] -- Up-to-date: /home/tadtawan/fra532_lecture5_ws/install/fra532_exam1/share/fra532_exam1/cmake/fra532_exam1Config.cmake
[1.139s] -- Up-to-date: /home/tadtawan/fra532_lecture5_ws/install/fra532_exam1/share/fra532_exam1/cmake/fra532_exam1Config-version.cmake
[1.139s] -- Up-to-date: /home/tadtawan/fra532_lecture5_ws/install/fra532_exam1/share/fra532_exam1/package.xml
[1.140s] Invoked command in '/home/tadtawan/fra532_lecture5_ws/build/fra532_exam1' returned '0': CMAKE_PREFIX_PATH=${CMAKE_PREFIX_PATH}:/home/tadtawan/fra532_lecture5_ws/install/mir_driver:/home/tadtawan/fra532_lecture5_ws/install/twist_stamper:/home/tadtawan/fra532_lecture5_ws/install/mir_restapi:/opt/ros/humble /usr/bin/cmake --install /home/tadtawan/fra532_lecture5_ws/build/fra532_exam1
