[0.196s] Invoking command in '/home/tadtawan/fra532_lecture5_ws/build/fra532_slam': CMAKE_PREFIX_PATH=${CMAKE_PREFIX_PATH}:/home/tadtawan/fra532_lecture5_ws/install/mir_driver:/home/tadtawan/fra532_lecture5_ws/install/twist_stamper:/home/tadtawan/fra532_lecture5_ws/install/mir_restapi:/opt/ros/humble /usr/bin/cmake /home/tadtawan/fra532_lecture5_ws/src/fra532_slam -DCMAKE_INSTALL_PREFIX=/home/tadtawan/fra532_lecture5_ws/install/fra532_slam
[0.238s] -- The C compiler identification is GNU 11.4.0
[0.281s] -- The CXX compiler identification is GNU 11.4.0
[0.286s] -- Detecting C compiler ABI info
[0.338s] -- Detecting C compiler ABI info - done
[0.343s] -- Check for working C compiler: /usr/bin/cc - skipped
[0.343s] -- Detecting C compile features
[0.343s] -- Detecting C compile features - done
[0.346s] -- Detecting CXX compiler ABI info
[0.418s] -- Detecting CXX compiler ABI info - done
[0.424s] -- Check for working CXX compiler: /usr/bin/c++ - skipped
[0.424s] -- Detecting CXX compile features
[0.424s] -- Detecting CXX compile features - done
[0.426s] -- Found ament_cmake: 1.3.11 (/opt/ros/humble/share/ament_cmake/cmake)
[0.553s] -- Found Python3: /usr/bin/python3 (found version "3.10.12") found components: Interpreter 
[0.630s] -- Found rclcpp: 16.0.11 (/opt/ros/humble/share/rclcpp/cmake)
[0.665s] -- Found rosidl_generator_c: 3.1.6 (/opt/ros/humble/share/rosidl_generator_c/cmake)
[0.669s] -- Found rosidl_adapter: 3.1.6 (/opt/ros/humble/share/rosidl_adapter/cmake)
[0.676s] -- Found rosidl_generator_cpp: 3.1.6 (/opt/ros/humble/share/rosidl_generator_cpp/cmake)
[0.685s] -- Using all available rosidl_typesupport_c: rosidl_typesupport_fastrtps_c;rosidl_typesupport_introspection_c
[0.699s] -- Using all available rosidl_typesupport_cpp: rosidl_typesupport_fastrtps_cpp;rosidl_typesupport_introspection_cpp
[0.734s] -- Found rmw_implementation_cmake: 6.1.2 (/opt/ros/humble/share/rmw_implementation_cmake/cmake)
[0.736s] -- Found rmw_fastrtps_cpp: 6.2.7 (/opt/ros/humble/share/rmw_fastrtps_cpp/cmake)
[0.806s] -- Found OpenSSL: /usr/lib/x86_64-linux-gnu/libcrypto.so (found version "3.0.2")  
[0.829s] -- Found FastRTPS: /opt/ros/humble/include  
[0.861s] -- Using RMW implementation 'rmw_fastrtps_cpp' as default
[0.870s] -- Looking for pthread.h
[0.923s] -- Looking for pthread.h - found
[0.924s] -- Performing Test CMAKE_HAVE_LIBC_PTHREAD
[0.996s] -- Performing Test CMAKE_HAVE_LIBC_PTHREAD - Success
[0.997s] -- Found Threads: TRUE  
[1.051s] -- Found rclpy: 3.3.15 (/opt/ros/humble/share/rclpy/cmake)
[1.167s] -- Configuring done
[1.173s] -- Generating done
[1.176s] -- Build files have been written to: /home/tadtawan/fra532_lecture5_ws/build/fra532_slam
[1.184s] Invoked command in '/home/tadtawan/fra532_lecture5_ws/build/fra532_slam' returned '0': CMAKE_PREFIX_PATH=${CMAKE_PREFIX_PATH}:/home/tadtawan/fra532_lecture5_ws/install/mir_driver:/home/tadtawan/fra532_lecture5_ws/install/twist_stamper:/home/tadtawan/fra532_lecture5_ws/install/mir_restapi:/opt/ros/humble /usr/bin/cmake /home/tadtawan/fra532_lecture5_ws/src/fra532_slam -DCMAKE_INSTALL_PREFIX=/home/tadtawan/fra532_lecture5_ws/install/fra532_slam
[1.186s] Invoking command in '/home/tadtawan/fra532_lecture5_ws/build/fra532_slam': CMAKE_PREFIX_PATH=${CMAKE_PREFIX_PATH}:/home/tadtawan/fra532_lecture5_ws/install/mir_driver:/home/tadtawan/fra532_lecture5_ws/install/twist_stamper:/home/tadtawan/fra532_lecture5_ws/install/mir_restapi:/opt/ros/humble /usr/bin/cmake --build /home/tadtawan/fra532_lecture5_ws/build/fra532_slam -- -j16 -l16
[1.226s] [ 50%] [32mBuilding CXX object CMakeFiles/cpp_node_test.dir/src/cpp_node.cpp.o[0m
[1.231s] [ 50%] Built target ament_cmake_python_copy_fra532_slam
[1.458s] running egg_info
[1.459s] creating fra532_slam.egg-info
[1.459s] writing fra532_slam.egg-info/PKG-INFO
[1.460s] writing dependency_links to fra532_slam.egg-info/dependency_links.txt
[1.460s] writing top-level names to fra532_slam.egg-info/top_level.txt
[1.460s] writing manifest file 'fra532_slam.egg-info/SOURCES.txt'
[1.463s] reading manifest file 'fra532_slam.egg-info/SOURCES.txt'
[1.463s] writing manifest file 'fra532_slam.egg-info/SOURCES.txt'
[1.494s] [100%] [32m[1mLinking CXX executable cpp_node_test[0m
[1.509s] [100%] Built target ament_cmake_python_build_fra532_slam_egg
[1.631s] [100%] Built target cpp_node_test
[1.646s] Invoked command in '/home/tadtawan/fra532_lecture5_ws/build/fra532_slam' returned '0': CMAKE_PREFIX_PATH=${CMAKE_PREFIX_PATH}:/home/tadtawan/fra532_lecture5_ws/install/mir_driver:/home/tadtawan/fra532_lecture5_ws/install/twist_stamper:/home/tadtawan/fra532_lecture5_ws/install/mir_restapi:/opt/ros/humble /usr/bin/cmake --build /home/tadtawan/fra532_lecture5_ws/build/fra532_slam -- -j16 -l16
[1.648s] Invoking command in '/home/tadtawan/fra532_lecture5_ws/build/fra532_slam': CMAKE_PREFIX_PATH=${CMAKE_PREFIX_PATH}:/home/tadtawan/fra532_lecture5_ws/install/mir_driver:/home/tadtawan/fra532_lecture5_ws/install/twist_stamper:/home/tadtawan/fra532_lecture5_ws/install/mir_restapi:/opt/ros/humble /usr/bin/cmake --install /home/tadtawan/fra532_lecture5_ws/build/fra532_slam
[1.656s] -- Install configuration: ""
[1.656s] -- Installing: /home/tadtawan/fra532_lecture5_ws/install/fra532_slam/share/fra532_slam/environment/pythonpath.sh
[1.656s] -- Installing: /home/tadtawan/fra532_lecture5_ws/install/fra532_slam/share/fra532_slam/environment/pythonpath.dsv
[1.656s] -- Installing: /home/tadtawan/fra532_lecture5_ws/install/fra532_slam/local/lib/python3.10/dist-packages/fra532_slam-0.0.0-py3.10.egg-info
[1.656s] -- Installing: /home/tadtawan/fra532_lecture5_ws/install/fra532_slam/local/lib/python3.10/dist-packages/fra532_slam-0.0.0-py3.10.egg-info/top_level.txt
[1.656s] -- Installing: /home/tadtawan/fra532_lecture5_ws/install/fra532_slam/local/lib/python3.10/dist-packages/fra532_slam-0.0.0-py3.10.egg-info/dependency_links.txt
[1.657s] -- Installing: /home/tadtawan/fra532_lecture5_ws/install/fra532_slam/local/lib/python3.10/dist-packages/fra532_slam-0.0.0-py3.10.egg-info/SOURCES.txt
[1.657s] -- Installing: /home/tadtawan/fra532_lecture5_ws/install/fra532_slam/local/lib/python3.10/dist-packages/fra532_slam-0.0.0-py3.10.egg-info/PKG-INFO
[1.657s] -- Installing: /home/tadtawan/fra532_lecture5_ws/install/fra532_slam/local/lib/python3.10/dist-packages/fra532_slam
[1.657s] -- Installing: /home/tadtawan/fra532_lecture5_ws/install/fra532_slam/local/lib/python3.10/dist-packages/fra532_slam/__init__.py
[1.657s] -- Installing: /home/tadtawan/fra532_lecture5_ws/install/fra532_slam/local/lib/python3.10/dist-packages/fra532_slam/dummy_module.py
[1.683s] Listing '/home/tadtawan/fra532_lecture5_ws/install/fra532_slam/local/lib/python3.10/dist-packages/fra532_slam'...
[1.683s] Compiling '/home/tadtawan/fra532_lecture5_ws/install/fra532_slam/local/lib/python3.10/dist-packages/fra532_slam/__init__.py'...
[1.683s] Compiling '/home/tadtawan/fra532_lecture5_ws/install/fra532_slam/local/lib/python3.10/dist-packages/fra532_slam/dummy_module.py'...
[1.689s] -- Installing: /home/tadtawan/fra532_lecture5_ws/install/fra532_slam/lib/fra532_slam/dummy_script.py
[1.689s] -- Installing: /home/tadtawan/fra532_lecture5_ws/install/fra532_slam/lib/fra532_slam/cpp_node_test
[1.689s] -- Set runtime path of "/home/tadtawan/fra532_lecture5_ws/install/fra532_slam/lib/fra532_slam/cpp_node_test" to ""
[1.689s] -- Installing: /home/tadtawan/fra532_lecture5_ws/install/fra532_slam/share/fra532_slam/launch
[1.689s] -- Installing: /home/tadtawan/fra532_lecture5_ws/install/fra532_slam/share/fra532_slam/launch/save_map.launch.py
[1.689s] -- Installing: /home/tadtawan/fra532_lecture5_ws/install/fra532_slam/share/fra532_slam/launch/mapping.launch.py
[1.689s] -- Installing: /home/tadtawan/fra532_lecture5_ws/install/fra532_slam/share/fra532_slam/config
[1.689s] -- Installing: /home/tadtawan/fra532_lecture5_ws/install/fra532_slam/share/fra532_slam/config/mapping_async.yaml
[1.690s] -- Installing: /home/tadtawan/fra532_lecture5_ws/install/fra532_slam/share/fra532_slam/rviz
[1.690s] -- Installing: /home/tadtawan/fra532_lecture5_ws/install/fra532_slam/share/fra532_slam/rviz/mapping.rviz
[1.690s] -- Installing: /home/tadtawan/fra532_lecture5_ws/install/fra532_slam/share/ament_index/resource_index/package_run_dependencies/fra532_slam
[1.690s] -- Installing: /home/tadtawan/fra532_lecture5_ws/install/fra532_slam/share/ament_index/resource_index/parent_prefix_path/fra532_slam
[1.690s] -- Installing: /home/tadtawan/fra532_lecture5_ws/install/fra532_slam/share/fra532_slam/environment/ament_prefix_path.sh
[1.690s] -- Installing: /home/tadtawan/fra532_lecture5_ws/install/fra532_slam/share/fra532_slam/environment/ament_prefix_path.dsv
[1.690s] -- Installing: /home/tadtawan/fra532_lecture5_ws/install/fra532_slam/share/fra532_slam/environment/path.sh
[1.690s] -- Installing: /home/tadtawan/fra532_lecture5_ws/install/fra532_slam/share/fra532_slam/environment/path.dsv
[1.690s] -- Installing: /home/tadtawan/fra532_lecture5_ws/install/fra532_slam/share/fra532_slam/local_setup.bash
[1.690s] -- Installing: /home/tadtawan/fra532_lecture5_ws/install/fra532_slam/share/fra532_slam/local_setup.sh
[1.690s] -- Installing: /home/tadtawan/fra532_lecture5_ws/install/fra532_slam/share/fra532_slam/local_setup.zsh
[1.690s] -- Installing: /home/tadtawan/fra532_lecture5_ws/install/fra532_slam/share/fra532_slam/local_setup.dsv
[1.690s] -- Installing: /home/tadtawan/fra532_lecture5_ws/install/fra532_slam/share/fra532_slam/package.dsv
[1.690s] -- Installing: /home/tadtawan/fra532_lecture5_ws/install/fra532_slam/share/ament_index/resource_index/packages/fra532_slam
[1.690s] -- Installing: /home/tadtawan/fra532_lecture5_ws/install/fra532_slam/share/fra532_slam/cmake/fra532_slamConfig.cmake
[1.691s] -- Installing: /home/tadtawan/fra532_lecture5_ws/install/fra532_slam/share/fra532_slam/cmake/fra532_slamConfig-version.cmake
[1.691s] -- Installing: /home/tadtawan/fra532_lecture5_ws/install/fra532_slam/share/fra532_slam/package.xml
[1.693s] Invoked command in '/home/tadtawan/fra532_lecture5_ws/build/fra532_slam' returned '0': CMAKE_PREFIX_PATH=${CMAKE_PREFIX_PATH}:/home/tadtawan/fra532_lecture5_ws/install/mir_driver:/home/tadtawan/fra532_lecture5_ws/install/twist_stamper:/home/tadtawan/fra532_lecture5_ws/install/mir_restapi:/opt/ros/humble /usr/bin/cmake --install /home/tadtawan/fra532_lecture5_ws/build/fra532_slam
