-- Found ament_cmake: 1.3.11 (/opt/ros/humble/share/ament_cmake/cmake)
-- Found rclcpp: 16.0.11 (/opt/ros/humble/share/rclcpp/cmake)
-- Found rosidl_generator_c: 3.1.6 (/opt/ros/humble/share/rosidl_generator_c/cmake)
-- Found rosidl_adapter: 3.1.6 (/opt/ros/humble/share/rosidl_adapter/cmake)
-- Found rosidl_generator_cpp: 3.1.6 (/opt/ros/humble/share/rosidl_generator_cpp/cmake)
-- Using all available rosidl_typesupport_c: rosidl_typesupport_fastrtps_c;rosidl_typesupport_introspection_c
-- Using all available rosidl_typesupport_cpp: rosidl_typesupport_fastrtps_cpp;rosidl_typesupport_introspection_cpp
-- Found rmw_implementation_cmake: 6.1.2 (/opt/ros/humble/share/rmw_implementation_cmake/cmake)
-- Found rmw_fastrtps_cpp: 6.2.7 (/opt/ros/humble/share/rmw_fastrtps_cpp/cmake)
-- Using RMW implementation 'rmw_fastrtps_cpp' as default
-- Found rclpy: 3.3.15 (/opt/ros/humble/share/rclpy/cmake)
-- Configuring done
-- Generating done
-- Build files have been written to: /home/tadtawan/fra532_lecture5_ws/build/fra532_exam1
[35m[1mConsolidate compiler generated dependencies of target cpp_node_test[0m
[100%] Built target cpp_node_test
[100%] Built target ament_cmake_python_copy_fra532_exam1
running egg_info
writing fra532_exam1.egg-info/PKG-INFO
writing dependency_links to fra532_exam1.egg-info/dependency_links.txt
writing top-level names to fra532_exam1.egg-info/top_level.txt
reading manifest file 'fra532_exam1.egg-info/SOURCES.txt'
writing manifest file 'fra532_exam1.egg-info/SOURCES.txt'
[100%] Built target ament_cmake_python_build_fra532_exam1_egg
-- Install configuration: ""
-- Up-to-date: /home/tadtawan/fra532_lecture5_ws/install/fra532_exam1/share/fra532_exam1/environment/pythonpath.sh
-- Installing: /home/tadtawan/fra532_lecture5_ws/install/fra532_exam1/share/fra532_exam1/environment/pythonpath.dsv
-- Up-to-date: /home/tadtawan/fra532_lecture5_ws/install/fra532_exam1/local/lib/python3.10/dist-packages/fra532_exam1-0.0.0-py3.10.egg-info
-- Installing: /home/tadtawan/fra532_lecture5_ws/install/fra532_exam1/local/lib/python3.10/dist-packages/fra532_exam1-0.0.0-py3.10.egg-info/top_level.txt
-- Installing: /home/tadtawan/fra532_lecture5_ws/install/fra532_exam1/local/lib/python3.10/dist-packages/fra532_exam1-0.0.0-py3.10.egg-info/dependency_links.txt
-- Installing: /home/tadtawan/fra532_lecture5_ws/install/fra532_exam1/local/lib/python3.10/dist-packages/fra532_exam1-0.0.0-py3.10.egg-info/SOURCES.txt
-- Installing: /home/tadtawan/fra532_lecture5_ws/install/fra532_exam1/local/lib/python3.10/dist-packages/fra532_exam1-0.0.0-py3.10.egg-info/PKG-INFO
-- Up-to-date: /home/tadtawan/fra532_lecture5_ws/install/fra532_exam1/local/lib/python3.10/dist-packages/fra532_exam1
-- Up-to-date: /home/tadtawan/fra532_lecture5_ws/install/fra532_exam1/local/lib/python3.10/dist-packages/fra532_exam1/__init__.py
-- Up-to-date: /home/tadtawan/fra532_lecture5_ws/install/fra532_exam1/local/lib/python3.10/dist-packages/fra532_exam1/dummy_module.py
Listing '/home/tadtawan/fra532_lecture5_ws/install/fra532_exam1/local/lib/python3.10/dist-packages/fra532_exam1'...
-- Up-to-date: /home/tadtawan/fra532_lecture5_ws/install/fra532_exam1/lib/fra532_exam1/dummy_script.py
-- Up-to-date: /home/tadtawan/fra532_lecture5_ws/install/fra532_exam1/lib/fra532_exam1/aruco_detect.py
-- Up-to-date: /home/tadtawan/fra532_lecture5_ws/install/fra532_exam1/lib/fra532_exam1/locolization.py
-- Up-to-date: /home/tadtawan/fra532_lecture5_ws/install/fra532_exam1/lib/fra532_exam1/ArucoPoseTransformer.py
-- Up-to-date: /home/tadtawan/fra532_lecture5_ws/install/fra532_exam1/lib/fra532_exam1/ArucoPoseChecker.py
-- Up-to-date: /home/tadtawan/fra532_lecture5_ws/install/fra532_exam1/lib/fra532_exam1/wheel_odometry.py
-- Installing: /home/tadtawan/fra532_lecture5_ws/install/fra532_exam1/lib/fra532_exam1/imu_odometry.py
-- Up-to-date: /home/tadtawan/fra532_lecture5_ws/install/fra532_exam1/lib/fra532_exam1/cpp_node_test
-- Up-to-date: /home/tadtawan/fra532_lecture5_ws/install/fra532_exam1/share/fra532_exam1/worlds
-- Up-to-date: /home/tadtawan/fra532_lecture5_ws/install/fra532_exam1/share/fra532_exam1/worlds/pole.world
-- Up-to-date: /home/tadtawan/fra532_lecture5_ws/install/fra532_exam1/share/fra532_exam1/launch
-- Installing: /home/tadtawan/fra532_lecture5_ws/install/fra532_exam1/share/fra532_exam1/launch/world.launch.py
-- Up-to-date: /home/tadtawan/fra532_lecture5_ws/install/fra532_exam1/share/fra532_exam1/scripts
-- Up-to-date: /home/tadtawan/fra532_lecture5_ws/install/fra532_exam1/share/fra532_exam1/scripts/wheel_odometry.py
-- Installing: /home/tadtawan/fra532_lecture5_ws/install/fra532_exam1/share/fra532_exam1/scripts/imu_odometry.py
-- Up-to-date: /home/tadtawan/fra532_lecture5_ws/install/fra532_exam1/share/fra532_exam1/scripts/ArucoPoseChecker.py
-- Up-to-date: /home/tadtawan/fra532_lecture5_ws/install/fra532_exam1/share/fra532_exam1/scripts/locolization.py
-- Up-to-date: /home/tadtawan/fra532_lecture5_ws/install/fra532_exam1/share/fra532_exam1/scripts/ArucoPoseTransformer.py
-- Up-to-date: /home/tadtawan/fra532_lecture5_ws/install/fra532_exam1/share/fra532_exam1/scripts/dummy_script.py
-- Up-to-date: /home/tadtawan/fra532_lecture5_ws/install/fra532_exam1/share/fra532_exam1/scripts/aruco_detect.py
-- Up-to-date: /home/tadtawan/fra532_lecture5_ws/install/fra532_exam1/share/ament_index/resource_index/package_run_dependencies/fra532_exam1
-- Up-to-date: /home/tadtawan/fra532_lecture5_ws/install/fra532_exam1/share/ament_index/resource_index/parent_prefix_path/fra532_exam1
-- Up-to-date: /home/tadtawan/fra532_lecture5_ws/install/fra532_exam1/share/fra532_exam1/environment/ament_prefix_path.sh
-- Installing: /home/tadtawan/fra532_lecture5_ws/install/fra532_exam1/share/fra532_exam1/environment/ament_prefix_path.dsv
-- Up-to-date: /home/tadtawan/fra532_lecture5_ws/install/fra532_exam1/share/fra532_exam1/environment/path.sh
-- Installing: /home/tadtawan/fra532_lecture5_ws/install/fra532_exam1/share/fra532_exam1/environment/path.dsv
-- Up-to-date: /home/tadtawan/fra532_lecture5_ws/install/fra532_exam1/share/fra532_exam1/local_setup.bash
-- Up-to-date: /home/tadtawan/fra532_lecture5_ws/install/fra532_exam1/share/fra532_exam1/local_setup.sh
-- Up-to-date: /home/tadtawan/fra532_lecture5_ws/install/fra532_exam1/share/fra532_exam1/local_setup.zsh
-- Installing: /home/tadtawan/fra532_lecture5_ws/install/fra532_exam1/share/fra532_exam1/local_setup.dsv
-- Installing: /home/tadtawan/fra532_lecture5_ws/install/fra532_exam1/share/fra532_exam1/package.dsv
-- Up-to-date: /home/tadtawan/fra532_lecture5_ws/install/fra532_exam1/share/ament_index/resource_index/packages/fra532_exam1
-- Up-to-date: /home/tadtawan/fra532_lecture5_ws/install/fra532_exam1/share/fra532_exam1/cmake/fra532_exam1Config.cmake
-- Up-to-date: /home/tadtawan/fra532_lecture5_ws/install/fra532_exam1/share/fra532_exam1/cmake/fra532_exam1Config-version.cmake
-- Up-to-date: /home/tadtawan/fra532_lecture5_ws/install/fra532_exam1/share/fra532_exam1/package.xml
