[0.166s] Invoking command in '/home/tadtawan/fra532_lecture5_ws/build/mir_gazebo': CMAKE_PREFIX_PATH=/home/tadtawan/fra532_lecture5_ws/install/mir_description:/home/tadtawan/fra532_lecture5_ws/install/ira_laser_tools:/home/tadtawan/fra532_lecture5_ws/install/fra532_exam1:/home/tadtawan/fra532_lecture5_ws/install/mir_navigation:/home/tadtawan/fra532_lecture5_ws/install/package_name:/home/tadtawan/fra532_lecture5_ws/install/mir_robot:/home/tadtawan/fra532_lecture5_ws/install/mir_msgs:/home/tadtawan/fra532_lecture5_ws/install/mir_gazebo:/home/tadtawan/fra532_lecture5_ws/install/fra532_slam:/home/tadtawan/fra532_lecture5_ws/install/fra532_nav:/home/tadtawan/fra532_lecture5_ws/install/fra532_gazebo:/home/tadtawan/install/lab1_1:/home/tadtawan/aws-robomaker-small-warehouse-world/install/aws_robomaker_small_warehouse_world:/home/tadtawan/fra532_lecture5_ws/install/mir_driver:/home/tadtawan/fra532_lecture5_ws/install/twist_stamper:/home/tadtawan/fra532_lecture5_ws/install/mir_restapi:/opt/ros/humble /usr/bin/cmake /home/tadtawan/fra532_lecture5_ws/src/mir_robot/mir_gazebo -DCMAKE_INSTALL_PREFIX=/home/tadtawan/fra532_lecture5_ws/install/mir_gazebo
[0.200s] -- The C compiler identification is GNU 11.4.0
[0.235s] -- The CXX compiler identification is GNU 11.4.0
[0.240s] -- Detecting C compiler ABI info
[0.283s] -- Detecting C compiler ABI info - done
[0.288s] -- Check for working C compiler: /usr/bin/cc - skipped
[0.288s] -- Detecting C compile features
[0.288s] -- Detecting C compile features - done
[0.290s] -- Detecting CXX compiler ABI info
[0.342s] -- Detecting CXX compiler ABI info - done
[0.347s] -- Check for working CXX compiler: /usr/bin/c++ - skipped
[0.347s] -- Detecting CXX compile features
[0.347s] -- Detecting CXX compile features - done
[0.349s] -- Found ament_cmake: 1.3.11 (/opt/ros/humble/share/ament_cmake/cmake)
[0.453s] -- Found Python3: /usr/bin/python3 (found version "3.10.12") found components: Interpreter 
[0.521s] -- Found mir_description: 1.1.3 (/home/tadtawan/fra532_lecture5_ws/install/mir_description/share/mir_description/cmake)
[0.522s] -- Found gazebo_ros: 3.9.0 (/opt/ros/humble/share/gazebo_ros/cmake)
[0.557s] -- Found rosidl_generator_c: 3.1.6 (/opt/ros/humble/share/rosidl_generator_c/cmake)
[0.562s] -- Found rosidl_adapter: 3.1.6 (/opt/ros/humble/share/rosidl_adapter/cmake)
[0.569s] -- Found rosidl_generator_cpp: 3.1.6 (/opt/ros/humble/share/rosidl_generator_cpp/cmake)
[0.577s] -- Using all available rosidl_typesupport_c: rosidl_typesupport_fastrtps_c;rosidl_typesupport_introspection_c
[0.591s] -- Using all available rosidl_typesupport_cpp: rosidl_typesupport_fastrtps_cpp;rosidl_typesupport_introspection_cpp
[0.626s] -- Found rmw_implementation_cmake: 6.1.2 (/opt/ros/humble/share/rmw_implementation_cmake/cmake)
[0.629s] -- Found rmw_fastrtps_cpp: 6.2.7 (/opt/ros/humble/share/rmw_fastrtps_cpp/cmake)
[0.687s] -- Found OpenSSL: /usr/lib/x86_64-linux-gnu/libcrypto.so (found version "3.0.2")  
[0.707s] -- Found FastRTPS: /opt/ros/humble/include  
[0.737s] -- Using RMW implementation 'rmw_fastrtps_cpp' as default
[0.744s] -- Looking for pthread.h
[0.791s] -- Looking for pthread.h - found
[0.791s] -- Performing Test CMAKE_HAVE_LIBC_PTHREAD
[0.839s] -- Performing Test CMAKE_HAVE_LIBC_PTHREAD - Success
[0.840s] -- Found Threads: TRUE  
[0.881s] -- Found PkgConfig: /usr/bin/pkg-config (found version "0.29.2") 
[0.882s] -- Checking for module 'bullet>=2.82'
[0.890s] --   Found bullet, version 3.05
[0.955s] -- Found fcl: /usr/include (found suitable version "0.7.0", minimum required is "0.5.0") 
[0.985s] -- Found assimp: /usr/include (found version "5.2.0") 
[0.999s] -- Found DART: /usr/include (Required is at least version "6.6") found components: dart 
[1.020s] -- Found Boost: /usr/lib/x86_64-linux-gnu/cmake/Boost-1.74.0/BoostConfig.cmake (found suitable version "1.74.0", minimum required is "1.40.0") found components: thread system filesystem program_options regex iostreams date_time 
[1.029s] -- Found Protobuf: /usr/lib/x86_64-linux-gnu/libprotobuf.so (found version "3.12.4") 
[1.033s] -- Looking for ignition-math6 -- found version 6.15.1
[1.037s] -- Searching for dependencies of ignition-math6
[1.038s] -- Looking for OGRE...
[1.038s] -- OGRE_PREFIX_WATCH changed.
[1.041s] -- Checking for module 'OGRE'
[1.049s] --   Found OGRE, version 1.9.0
[1.068s] -- Found Ogre Ghadamon (1.9.0)
[1.074s] -- Found OGRE: optimized;/usr/lib/x86_64-linux-gnu/libOgreMain.so;debug;/usr/lib/x86_64-linux-gnu/libOgreMain.so
[1.080s] -- Looking for OGRE_Paging...
[1.084s] -- Found OGRE_Paging: optimized;/usr/lib/x86_64-linux-gnu/libOgrePaging.so;debug;/usr/lib/x86_64-linux-gnu/libOgrePaging.so
[1.084s] -- Looking for OGRE_Terrain...
[1.088s] -- Found OGRE_Terrain: optimized;/usr/lib/x86_64-linux-gnu/libOgreTerrain.so;debug;/usr/lib/x86_64-linux-gnu/libOgreTerrain.so
[1.088s] -- Looking for OGRE_Property...
[1.092s] -- Found OGRE_Property: optimized;/usr/lib/x86_64-linux-gnu/libOgreProperty.so;debug;/usr/lib/x86_64-linux-gnu/libOgreProperty.so
[1.092s] -- Looking for OGRE_RTShaderSystem...
[1.096s] -- Found OGRE_RTShaderSystem: optimized;/usr/lib/x86_64-linux-gnu/libOgreRTShaderSystem.so;debug;/usr/lib/x86_64-linux-gnu/libOgreRTShaderSystem.so
[1.096s] -- Looking for OGRE_Volume...
[1.100s] -- Found OGRE_Volume: optimized;/usr/lib/x86_64-linux-gnu/libOgreVolume.so;debug;/usr/lib/x86_64-linux-gnu/libOgreVolume.so
[1.100s] -- Looking for OGRE_Overlay...
[1.103s] -- Found OGRE_Overlay: optimized;/usr/lib/x86_64-linux-gnu/libOgreOverlay.so;debug;/usr/lib/x86_64-linux-gnu/libOgreOverlay.so
[1.187s] -- Looking for ignition-math6 -- found version 6.15.1
[1.189s] -- Looking for ignition-transport8 -- found version 8.2.1
[1.189s] -- Searching for dependencies of ignition-transport8
[1.201s] -- Found Protobuf: /usr/lib/x86_64-linux-gnu/libprotobuf.so (found suitable version "3.12.4", minimum required is "3") 
[1.208s] -- Config-file not installed for ZeroMQ -- checking for pkg-config
[1.211s] -- Checking for module 'libzmq >= 4'
[1.219s] --   Found libzmq , version 4.3.4
[1.241s] -- Found ZeroMQ: TRUE (Required is at least version "4") 
[1.245s] -- Checking for module 'uuid'
[1.253s] --   Found uuid, version 2.37.2
[1.275s] -- Found UUID: TRUE  
[1.276s] -- Looking for ignition-msgs5 -- found version 5.8.1
[1.277s] -- Searching for dependencies of ignition-msgs5
[1.290s] -- Looking for ignition-math6 -- found version 6.15.1
[1.293s] -- Checking for module 'tinyxml2'
[1.302s] --   Found tinyxml2, version 9.0.0
[1.322s] -- Looking for ignition-msgs5 -- found version 5.8.1
[1.324s] -- Looking for ignition-common3 -- found version 3.14.0
[1.324s] -- Searching for dependencies of ignition-common3
[1.324s] -- Looking for dlfcn.h - found
[1.325s] -- Looking for libdl - found
[1.326s] -- Found DL: TRUE  
[1.333s] -- Found tinyobjloader: /usr/lib/x86_64-linux-gnu/cmake/tinyobjloader/tinyobjloader-config.cmake (found version "2.0.0") 
[1.333s] -- Searching for <ignition-common3> component [graphics]
[1.335s] -- Looking for ignition-common3-graphics -- found version 3.14.0
[1.335s] -- Searching for dependencies of ignition-common3-graphics
[1.335s] -- Looking for ignition-math6 -- found version 6.15.1
[1.337s] -- Looking for ignition-fuel_tools4 -- found version 4.4.0
[1.338s] -- Searching for dependencies of ignition-fuel_tools4
[1.385s] -- Found CURL: /usr/lib/x86_64-linux-gnu/libcurl.so (found version "7.81.0")  
[1.390s] -- Checking for module 'jsoncpp'
[1.398s] --   Found jsoncpp, version 1.9.5
[1.418s] -- Found JSONCPP: TRUE  
[1.421s] -- Checking for module 'libzip'
[1.429s] --   Found libzip, version 1.7.3
[1.449s] -- Found ZIP: TRUE  
[1.449s] -- Looking for ignition-common3 -- found version 3.14.0
[1.449s] -- Looking for ignition-math6 -- found version 6.15.1
[1.449s] -- Looking for ignition-msgs5 -- found version 5.8.1
[1.452s] -- Gazebo version: 11.10
[1.452s] -- Checking for module 'tbb'
[1.460s] --   Found tbb, version 2021.5.0
[1.481s] -- Found gazebo_ros_pkgs: 3.9.0 (/opt/ros/humble/share/gazebo_ros_pkgs/cmake)
[1.481s] -- Found ira_laser_tools: 1.0.4 (/home/tadtawan/fra532_lecture5_ws/install/ira_laser_tools/share/ira_laser_tools/cmake)
[1.609s] -- Checking for module 'eigen3'
[1.617s] --   Found eigen3, version 3.4.0
[1.639s] -- Found Eigen: /usr/include/eigen3 (Required is at least version "3.1") 
[1.639s] -- Eigen found (include: /usr/include/eigen3, version: 3.4.0)
[1.656s] -- Checking for module 'flann'
[1.664s] --   Found flann, version 1.9.1
[1.689s] -- Found FLANN: /usr/lib/x86_64-linux-gnu/libflann_cpp.so  
[1.689s] -- FLANN found (include: /usr/include, lib: /usr/lib/x86_64-linux-gnu/libflann_cpp.so)
[2.308s] -- Checking for module 'libusb-1.0'
[2.316s] --   Found libusb-1.0, version 1.0.25
[2.338s] -- Found libusb: /usr/lib/x86_64-linux-gnu/libusb-1.0.so  
[2.338s] -- OpenNI found (version: 1.5.4.0, include: /usr/include/ni, lib: /usr/lib/libOpenNI.so;libusb::libusb)
[2.371s] -- OpenNI2 found (version: 2.2.0.33, include: /usr/include/openni2, lib: /usr/lib/x86_64-linux-gnu/libOpenNI2.so;libusb::libusb)
[2.474s] -- Eigen found (include: /usr/include/eigen3, version: 3.4.0)
[2.478s] -- OpenNI found (version: 1.5.4.0, include: /usr/include/ni, lib: /usr/lib/libOpenNI.so;libusb::libusb)
[2.482s] -- OpenNI2 found (version: 2.2.0.33, include: /usr/include/openni2, lib: /usr/lib/x86_64-linux-gnu/libOpenNI2.so;libusb::libusb)
[2.581s] -- Found Qhull version 8.0.2
[2.681s] -- OpenNI found (version: 1.5.4.0, include: /usr/include/ni, lib: /usr/lib/libOpenNI.so;libusb::libusb)
[2.783s] -- Found PCL_COMMON: /usr/lib/x86_64-linux-gnu/libpcl_common.so  
[2.783s] -- Found PCL_KDTREE: /usr/lib/x86_64-linux-gnu/libpcl_kdtree.so  
[2.784s] -- Found PCL_OCTREE: /usr/lib/x86_64-linux-gnu/libpcl_octree.so  
[2.785s] -- Found PCL_SEARCH: /usr/lib/x86_64-linux-gnu/libpcl_search.so  
[2.785s] -- Found PCL_SAMPLE_CONSENSUS: /usr/lib/x86_64-linux-gnu/libpcl_sample_consensus.so  
[2.786s] -- Found PCL_FILTERS: /usr/lib/x86_64-linux-gnu/libpcl_filters.so  
[2.787s] -- Found PCL_2D: /usr/include/pcl-1.12  
[2.787s] -- Found PCL_GEOMETRY: /usr/include/pcl-1.12  
[2.788s] -- Found PCL_IO: /usr/lib/x86_64-linux-gnu/libpcl_io.so  
[2.788s] -- Found PCL_FEATURES: /usr/lib/x86_64-linux-gnu/libpcl_features.so  
[2.789s] -- Found PCL_ML: /usr/lib/x86_64-linux-gnu/libpcl_ml.so  
[2.790s] -- Found PCL_SEGMENTATION: /usr/lib/x86_64-linux-gnu/libpcl_segmentation.so  
[2.790s] -- Found PCL_VISUALIZATION: /usr/lib/x86_64-linux-gnu/libpcl_visualization.so  
[2.791s] -- Found PCL_SURFACE: /usr/lib/x86_64-linux-gnu/libpcl_surface.so  
[2.791s] -- Found PCL_REGISTRATION: /usr/lib/x86_64-linux-gnu/libpcl_registration.so  
[2.792s] -- Found PCL_KEYPOINTS: /usr/lib/x86_64-linux-gnu/libpcl_keypoints.so  
[2.793s] -- Found PCL_TRACKING: /usr/lib/x86_64-linux-gnu/libpcl_tracking.so  
[2.793s] -- Found PCL_RECOGNITION: /usr/lib/x86_64-linux-gnu/libpcl_recognition.so  
[2.794s] -- Found PCL_STEREO: /usr/lib/x86_64-linux-gnu/libpcl_stereo.so  
[2.795s] -- Found PCL_APPS: /usr/lib/x86_64-linux-gnu/libpcl_apps.so  
[2.796s] -- Found PCL_IN_HAND_SCANNER: /usr/include/pcl-1.12  
[2.796s] -- Found PCL_MODELER: /usr/include/pcl-1.12  
[2.796s] -- Found PCL_POINT_CLOUD_EDITOR: /usr/include/pcl-1.12  
[2.797s] -- Found PCL_OUTOFCORE: /usr/lib/x86_64-linux-gnu/libpcl_outofcore.so  
[2.797s] -- Found PCL_PEOPLE: /usr/lib/x86_64-linux-gnu/libpcl_people.so  
[2.816s] -- Found Eigen3: TRUE (found version "3.4.0") 
[2.816s] -- Ensuring Eigen3 include directory is part of orocos-kdl CMake target
[2.820s] -- Found ament_lint_auto: 0.12.11 (/opt/ros/humble/share/ament_lint_auto/cmake)
[2.883s] -- Added test 'copyright' to check source files copyright and LICENSE
[2.886s] -- Added test 'flake8' to check Python code syntax and style conventions
[2.886s] -- Added test 'lint_cmake' to check CMake code style
[2.887s] -- Added test 'pep257' to check Python code against some of the docstring style conventions in PEP 257
[2.888s] -- Added test 'xmllint' to check XML markup files
[2.889s] -- Configuring done
[2.896s] -- Generating done
[2.899s] -- Build files have been written to: /home/tadtawan/fra532_lecture5_ws/build/mir_gazebo
[2.917s] Invoked command in '/home/tadtawan/fra532_lecture5_ws/build/mir_gazebo' returned '0': CMAKE_PREFIX_PATH=/home/tadtawan/fra532_lecture5_ws/install/mir_description:/home/tadtawan/fra532_lecture5_ws/install/ira_laser_tools:/home/tadtawan/fra532_lecture5_ws/install/fra532_exam1:/home/tadtawan/fra532_lecture5_ws/install/mir_navigation:/home/tadtawan/fra532_lecture5_ws/install/package_name:/home/tadtawan/fra532_lecture5_ws/install/mir_robot:/home/tadtawan/fra532_lecture5_ws/install/mir_msgs:/home/tadtawan/fra532_lecture5_ws/install/mir_gazebo:/home/tadtawan/fra532_lecture5_ws/install/fra532_slam:/home/tadtawan/fra532_lecture5_ws/install/fra532_nav:/home/tadtawan/fra532_lecture5_ws/install/fra532_gazebo:/home/tadtawan/install/lab1_1:/home/tadtawan/aws-robomaker-small-warehouse-world/install/aws_robomaker_small_warehouse_world:/home/tadtawan/fra532_lecture5_ws/install/mir_driver:/home/tadtawan/fra532_lecture5_ws/install/twist_stamper:/home/tadtawan/fra532_lecture5_ws/install/mir_restapi:/opt/ros/humble /usr/bin/cmake /home/tadtawan/fra532_lecture5_ws/src/mir_robot/mir_gazebo -DCMAKE_INSTALL_PREFIX=/home/tadtawan/fra532_lecture5_ws/install/mir_gazebo
[2.919s] Invoking command in '/home/tadtawan/fra532_lecture5_ws/build/mir_gazebo': CMAKE_PREFIX_PATH=/home/tadtawan/fra532_lecture5_ws/install/mir_description:/home/tadtawan/fra532_lecture5_ws/install/ira_laser_tools:/home/tadtawan/fra532_lecture5_ws/install/fra532_exam1:/home/tadtawan/fra532_lecture5_ws/install/mir_navigation:/home/tadtawan/fra532_lecture5_ws/install/package_name:/home/tadtawan/fra532_lecture5_ws/install/mir_robot:/home/tadtawan/fra532_lecture5_ws/install/mir_msgs:/home/tadtawan/fra532_lecture5_ws/install/mir_gazebo:/home/tadtawan/fra532_lecture5_ws/install/fra532_slam:/home/tadtawan/fra532_lecture5_ws/install/fra532_nav:/home/tadtawan/fra532_lecture5_ws/install/fra532_gazebo:/home/tadtawan/install/lab1_1:/home/tadtawan/aws-robomaker-small-warehouse-world/install/aws_robomaker_small_warehouse_world:/home/tadtawan/fra532_lecture5_ws/install/mir_driver:/home/tadtawan/fra532_lecture5_ws/install/twist_stamper:/home/tadtawan/fra532_lecture5_ws/install/mir_restapi:/opt/ros/humble /usr/bin/cmake --build /home/tadtawan/fra532_lecture5_ws/build/mir_gazebo -- -j16 -l16
[2.950s] Invoked command in '/home/tadtawan/fra532_lecture5_ws/build/mir_gazebo' returned '0': CMAKE_PREFIX_PATH=/home/tadtawan/fra532_lecture5_ws/install/mir_description:/home/tadtawan/fra532_lecture5_ws/install/ira_laser_tools:/home/tadtawan/fra532_lecture5_ws/install/fra532_exam1:/home/tadtawan/fra532_lecture5_ws/install/mir_navigation:/home/tadtawan/fra532_lecture5_ws/install/package_name:/home/tadtawan/fra532_lecture5_ws/install/mir_robot:/home/tadtawan/fra532_lecture5_ws/install/mir_msgs:/home/tadtawan/fra532_lecture5_ws/install/mir_gazebo:/home/tadtawan/fra532_lecture5_ws/install/fra532_slam:/home/tadtawan/fra532_lecture5_ws/install/fra532_nav:/home/tadtawan/fra532_lecture5_ws/install/fra532_gazebo:/home/tadtawan/install/lab1_1:/home/tadtawan/aws-robomaker-small-warehouse-world/install/aws_robomaker_small_warehouse_world:/home/tadtawan/fra532_lecture5_ws/install/mir_driver:/home/tadtawan/fra532_lecture5_ws/install/twist_stamper:/home/tadtawan/fra532_lecture5_ws/install/mir_restapi:/opt/ros/humble /usr/bin/cmake --build /home/tadtawan/fra532_lecture5_ws/build/mir_gazebo -- -j16 -l16
[2.951s] Invoking command in '/home/tadtawan/fra532_lecture5_ws/build/mir_gazebo': CMAKE_PREFIX_PATH=/home/tadtawan/fra532_lecture5_ws/install/mir_description:/home/tadtawan/fra532_lecture5_ws/install/ira_laser_tools:/home/tadtawan/fra532_lecture5_ws/install/fra532_exam1:/home/tadtawan/fra532_lecture5_ws/install/mir_navigation:/home/tadtawan/fra532_lecture5_ws/install/package_name:/home/tadtawan/fra532_lecture5_ws/install/mir_robot:/home/tadtawan/fra532_lecture5_ws/install/mir_msgs:/home/tadtawan/fra532_lecture5_ws/install/mir_gazebo:/home/tadtawan/fra532_lecture5_ws/install/fra532_slam:/home/tadtawan/fra532_lecture5_ws/install/fra532_nav:/home/tadtawan/fra532_lecture5_ws/install/fra532_gazebo:/home/tadtawan/install/lab1_1:/home/tadtawan/aws-robomaker-small-warehouse-world/install/aws_robomaker_small_warehouse_world:/home/tadtawan/fra532_lecture5_ws/install/mir_driver:/home/tadtawan/fra532_lecture5_ws/install/twist_stamper:/home/tadtawan/fra532_lecture5_ws/install/mir_restapi:/opt/ros/humble /usr/bin/cmake --install /home/tadtawan/fra532_lecture5_ws/build/mir_gazebo
[2.957s] -- Install configuration: ""
[2.957s] -- Installing: /home/tadtawan/fra532_lecture5_ws/install/mir_gazebo/share/mir_gazebo/launch
[2.957s] -- Installing: /home/tadtawan/fra532_lecture5_ws/install/mir_gazebo/share/mir_gazebo/launch/include
[2.957s] -- Installing: /home/tadtawan/fra532_lecture5_ws/install/mir_gazebo/share/mir_gazebo/launch/include/mir_gazebo_common.py
[2.957s] -- Installing: /home/tadtawan/fra532_lecture5_ws/install/mir_gazebo/share/mir_gazebo/launch/mir_gazebo_launch.py
[2.957s] -- Installing: /home/tadtawan/fra532_lecture5_ws/install/mir_gazebo/share/mir_gazebo/worlds
[2.957s] -- Installing: /home/tadtawan/fra532_lecture5_ws/install/mir_gazebo/share/mir_gazebo/worlds/include
[2.957s] -- Installing: /home/tadtawan/fra532_lecture5_ws/install/mir_gazebo/share/mir_gazebo/worlds/include/ground_plane
[2.957s] -- Installing: /home/tadtawan/fra532_lecture5_ws/install/mir_gazebo/share/mir_gazebo/worlds/include/ground_plane/model.config
[2.957s] -- Installing: /home/tadtawan/fra532_lecture5_ws/install/mir_gazebo/share/mir_gazebo/worlds/include/ground_plane/model-1_4.sdf
[2.957s] -- Installing: /home/tadtawan/fra532_lecture5_ws/install/mir_gazebo/share/mir_gazebo/worlds/include/ground_plane/model-1_2.sdf
[2.958s] -- Installing: /home/tadtawan/fra532_lecture5_ws/install/mir_gazebo/share/mir_gazebo/worlds/include/ground_plane/model-1_3.sdf
[2.958s] -- Installing: /home/tadtawan/fra532_lecture5_ws/install/mir_gazebo/share/mir_gazebo/worlds/include/ground_plane/model.sdf
[2.958s] -- Installing: /home/tadtawan/fra532_lecture5_ws/install/mir_gazebo/share/mir_gazebo/worlds/include/sun
[2.958s] -- Installing: /home/tadtawan/fra532_lecture5_ws/install/mir_gazebo/share/mir_gazebo/worlds/include/sun/model.config
[2.958s] -- Installing: /home/tadtawan/fra532_lecture5_ws/install/mir_gazebo/share/mir_gazebo/worlds/include/sun/model-1_4.sdf
[2.958s] -- Installing: /home/tadtawan/fra532_lecture5_ws/install/mir_gazebo/share/mir_gazebo/worlds/include/sun/model-1_2.sdf
[2.958s] -- Installing: /home/tadtawan/fra532_lecture5_ws/install/mir_gazebo/share/mir_gazebo/worlds/include/sun/model-1_3.sdf
[2.958s] -- Installing: /home/tadtawan/fra532_lecture5_ws/install/mir_gazebo/share/mir_gazebo/worlds/include/sun/model.sdf
[2.958s] -- Installing: /home/tadtawan/fra532_lecture5_ws/install/mir_gazebo/share/mir_gazebo/worlds/include/maze
[2.958s] -- Installing: /home/tadtawan/fra532_lecture5_ws/install/mir_gazebo/share/mir_gazebo/worlds/include/maze/model.config
[2.958s] -- Installing: /home/tadtawan/fra532_lecture5_ws/install/mir_gazebo/share/mir_gazebo/worlds/include/maze/model.sdf
[2.958s] -- Installing: /home/tadtawan/fra532_lecture5_ws/install/mir_gazebo/share/mir_gazebo/worlds/empty.world
[2.958s] -- Installing: /home/tadtawan/fra532_lecture5_ws/install/mir_gazebo/share/mir_gazebo/worlds/maze.world
[2.958s] -- Installing: /home/tadtawan/fra532_lecture5_ws/install/mir_gazebo/share/mir_gazebo/maps
[2.958s] -- Installing: /home/tadtawan/fra532_lecture5_ws/install/mir_gazebo/share/mir_gazebo/maps/maze.yaml
[2.958s] -- Installing: /home/tadtawan/fra532_lecture5_ws/install/mir_gazebo/share/mir_gazebo/maps/maze_virtual_walls.png
[2.958s] -- Installing: /home/tadtawan/fra532_lecture5_ws/install/mir_gazebo/share/mir_gazebo/maps/maze.png
[2.958s] -- Installing: /home/tadtawan/fra532_lecture5_ws/install/mir_gazebo/share/mir_gazebo/maps/maze_virtual_walls.yaml
[2.958s] -- Installing: /home/tadtawan/fra532_lecture5_ws/install/mir_gazebo/share/mir_gazebo/rviz
[2.958s] -- Installing: /home/tadtawan/fra532_lecture5_ws/install/mir_gazebo/share/mir_gazebo/rviz/mir_visualization.rviz
[2.958s] -- Installing: /home/tadtawan/fra532_lecture5_ws/install/mir_gazebo/share/ament_index/resource_index/package_run_dependencies/mir_gazebo
[2.958s] -- Installing: /home/tadtawan/fra532_lecture5_ws/install/mir_gazebo/share/ament_index/resource_index/parent_prefix_path/mir_gazebo
[2.958s] -- Installing: /home/tadtawan/fra532_lecture5_ws/install/mir_gazebo/share/mir_gazebo/environment/ament_prefix_path.sh
[2.959s] -- Installing: /home/tadtawan/fra532_lecture5_ws/install/mir_gazebo/share/mir_gazebo/environment/ament_prefix_path.dsv
[2.959s] -- Installing: /home/tadtawan/fra532_lecture5_ws/install/mir_gazebo/share/mir_gazebo/environment/path.sh
[2.959s] -- Installing: /home/tadtawan/fra532_lecture5_ws/install/mir_gazebo/share/mir_gazebo/environment/path.dsv
[2.959s] -- Installing: /home/tadtawan/fra532_lecture5_ws/install/mir_gazebo/share/mir_gazebo/local_setup.bash
[2.959s] -- Installing: /home/tadtawan/fra532_lecture5_ws/install/mir_gazebo/share/mir_gazebo/local_setup.sh
[2.959s] -- Installing: /home/tadtawan/fra532_lecture5_ws/install/mir_gazebo/share/mir_gazebo/local_setup.zsh
[2.959s] -- Installing: /home/tadtawan/fra532_lecture5_ws/install/mir_gazebo/share/mir_gazebo/local_setup.dsv
[2.959s] -- Installing: /home/tadtawan/fra532_lecture5_ws/install/mir_gazebo/share/mir_gazebo/package.dsv
[2.959s] -- Installing: /home/tadtawan/fra532_lecture5_ws/install/mir_gazebo/share/ament_index/resource_index/packages/mir_gazebo
[2.959s] -- Installing: /home/tadtawan/fra532_lecture5_ws/install/mir_gazebo/share/mir_gazebo/cmake/mir_gazeboConfig.cmake
[2.959s] -- Installing: /home/tadtawan/fra532_lecture5_ws/install/mir_gazebo/share/mir_gazebo/cmake/mir_gazeboConfig-version.cmake
[2.959s] -- Installing: /home/tadtawan/fra532_lecture5_ws/install/mir_gazebo/share/mir_gazebo/package.xml
[2.960s] Invoked command in '/home/tadtawan/fra532_lecture5_ws/build/mir_gazebo' returned '0': CMAKE_PREFIX_PATH=/home/tadtawan/fra532_lecture5_ws/install/mir_description:/home/tadtawan/fra532_lecture5_ws/install/ira_laser_tools:/home/tadtawan/fra532_lecture5_ws/install/fra532_exam1:/home/tadtawan/fra532_lecture5_ws/install/mir_navigation:/home/tadtawan/fra532_lecture5_ws/install/package_name:/home/tadtawan/fra532_lecture5_ws/install/mir_robot:/home/tadtawan/fra532_lecture5_ws/install/mir_msgs:/home/tadtawan/fra532_lecture5_ws/install/mir_gazebo:/home/tadtawan/fra532_lecture5_ws/install/fra532_slam:/home/tadtawan/fra532_lecture5_ws/install/fra532_nav:/home/tadtawan/fra532_lecture5_ws/install/fra532_gazebo:/home/tadtawan/install/lab1_1:/home/tadtawan/aws-robomaker-small-warehouse-world/install/aws_robomaker_small_warehouse_world:/home/tadtawan/fra532_lecture5_ws/install/mir_driver:/home/tadtawan/fra532_lecture5_ws/install/twist_stamper:/home/tadtawan/fra532_lecture5_ws/install/mir_restapi:/opt/ros/humble /usr/bin/cmake --install /home/tadtawan/fra532_lecture5_ws/build/mir_gazebo
