[0.234s] Invoking command in '/home/tadtawan/fra532_lecture5_ws/build/fra532_gazebo': CMAKE_PREFIX_PATH=${CMAKE_PREFIX_PATH}:/home/tadtawan/fra532_lecture5_ws/install/mir_driver:/home/tadtawan/fra532_lecture5_ws/install/twist_stamper:/home/tadtawan/fra532_lecture5_ws/install/mir_restapi:/opt/ros/humble /usr/bin/cmake --build /home/tadtawan/fra532_lecture5_ws/build/fra532_gazebo -- -j16 -l16
[0.285s] [  0%] Built target ament_cmake_python_copy_fra532_gazebo
[0.288s] [100%] Built target cpp_node_test
[0.472s] running egg_info
[0.472s] writing fra532_gazebo.egg-info/PKG-INFO
[0.473s] writing dependency_links to fra532_gazebo.egg-info/dependency_links.txt
[0.473s] writing top-level names to fra532_gazebo.egg-info/top_level.txt
[0.474s] reading manifest file 'fra532_gazebo.egg-info/SOURCES.txt'
[0.476s] writing manifest file 'fra532_gazebo.egg-info/SOURCES.txt'
[0.505s] [100%] Built target ament_cmake_python_build_fra532_gazebo_egg
[0.522s] Invoked command in '/home/tadtawan/fra532_lecture5_ws/build/fra532_gazebo' returned '0': CMAKE_PREFIX_PATH=${CMAKE_PREFIX_PATH}:/home/tadtawan/fra532_lecture5_ws/install/mir_driver:/home/tadtawan/fra532_lecture5_ws/install/twist_stamper:/home/tadtawan/fra532_lecture5_ws/install/mir_restapi:/opt/ros/humble /usr/bin/cmake --build /home/tadtawan/fra532_lecture5_ws/build/fra532_gazebo -- -j16 -l16
[0.524s] Invoking command in '/home/tadtawan/fra532_lecture5_ws/build/fra532_gazebo': CMAKE_PREFIX_PATH=${CMAKE_PREFIX_PATH}:/home/tadtawan/fra532_lecture5_ws/install/mir_driver:/home/tadtawan/fra532_lecture5_ws/install/twist_stamper:/home/tadtawan/fra532_lecture5_ws/install/mir_restapi:/opt/ros/humble /usr/bin/cmake --install /home/tadtawan/fra532_lecture5_ws/build/fra532_gazebo
[0.530s] -- Install configuration: ""
[0.531s] -- Up-to-date: /home/tadtawan/fra532_lecture5_ws/install/fra532_gazebo/share/fra532_gazebo/environment/pythonpath.sh
[0.531s] -- Up-to-date: /home/tadtawan/fra532_lecture5_ws/install/fra532_gazebo/share/fra532_gazebo/environment/pythonpath.dsv
[0.531s] -- Up-to-date: /home/tadtawan/fra532_lecture5_ws/install/fra532_gazebo/local/lib/python3.10/dist-packages/fra532_gazebo-0.0.0-py3.10.egg-info
[0.531s] -- Installing: /home/tadtawan/fra532_lecture5_ws/install/fra532_gazebo/local/lib/python3.10/dist-packages/fra532_gazebo-0.0.0-py3.10.egg-info/top_level.txt
[0.531s] -- Installing: /home/tadtawan/fra532_lecture5_ws/install/fra532_gazebo/local/lib/python3.10/dist-packages/fra532_gazebo-0.0.0-py3.10.egg-info/dependency_links.txt
[0.532s] -- Installing: /home/tadtawan/fra532_lecture5_ws/install/fra532_gazebo/local/lib/python3.10/dist-packages/fra532_gazebo-0.0.0-py3.10.egg-info/SOURCES.txt
[0.532s] -- Installing: /home/tadtawan/fra532_lecture5_ws/install/fra532_gazebo/local/lib/python3.10/dist-packages/fra532_gazebo-0.0.0-py3.10.egg-info/PKG-INFO
[0.532s] -- Up-to-date: /home/tadtawan/fra532_lecture5_ws/install/fra532_gazebo/local/lib/python3.10/dist-packages/fra532_gazebo
[0.532s] -- Up-to-date: /home/tadtawan/fra532_lecture5_ws/install/fra532_gazebo/local/lib/python3.10/dist-packages/fra532_gazebo/__init__.py
[0.532s] -- Up-to-date: /home/tadtawan/fra532_lecture5_ws/install/fra532_gazebo/local/lib/python3.10/dist-packages/fra532_gazebo/dummy_module.py
[0.566s] Listing '/home/tadtawan/fra532_lecture5_ws/install/fra532_gazebo/local/lib/python3.10/dist-packages/fra532_gazebo'...
[0.570s] -- Up-to-date: /home/tadtawan/fra532_lecture5_ws/install/fra532_gazebo/lib/fra532_gazebo/dummy_script.py
[0.571s] -- Up-to-date: /home/tadtawan/fra532_lecture5_ws/install/fra532_gazebo/lib/fra532_gazebo/cpp_node_test
[0.571s] -- Up-to-date: /home/tadtawan/fra532_lecture5_ws/install/fra532_gazebo/share/fra532_gazebo/launch
[0.571s] -- Up-to-date: /home/tadtawan/fra532_lecture5_ws/install/fra532_gazebo/share/fra532_gazebo/launch/sim.launch.py
[0.571s] -- Up-to-date: /home/tadtawan/fra532_lecture5_ws/install/fra532_gazebo/share/ament_index/resource_index/package_run_dependencies/fra532_gazebo
[0.571s] -- Up-to-date: /home/tadtawan/fra532_lecture5_ws/install/fra532_gazebo/share/ament_index/resource_index/parent_prefix_path/fra532_gazebo
[0.571s] -- Up-to-date: /home/tadtawan/fra532_lecture5_ws/install/fra532_gazebo/share/fra532_gazebo/environment/ament_prefix_path.sh
[0.571s] -- Up-to-date: /home/tadtawan/fra532_lecture5_ws/install/fra532_gazebo/share/fra532_gazebo/environment/ament_prefix_path.dsv
[0.571s] -- Up-to-date: /home/tadtawan/fra532_lecture5_ws/install/fra532_gazebo/share/fra532_gazebo/environment/path.sh
[0.571s] -- Up-to-date: /home/tadtawan/fra532_lecture5_ws/install/fra532_gazebo/share/fra532_gazebo/environment/path.dsv
[0.571s] -- Up-to-date: /home/tadtawan/fra532_lecture5_ws/install/fra532_gazebo/share/fra532_gazebo/local_setup.bash
[0.571s] -- Up-to-date: /home/tadtawan/fra532_lecture5_ws/install/fra532_gazebo/share/fra532_gazebo/local_setup.sh
[0.571s] -- Up-to-date: /home/tadtawan/fra532_lecture5_ws/install/fra532_gazebo/share/fra532_gazebo/local_setup.zsh
[0.571s] -- Up-to-date: /home/tadtawan/fra532_lecture5_ws/install/fra532_gazebo/share/fra532_gazebo/local_setup.dsv
[0.572s] -- Installing: /home/tadtawan/fra532_lecture5_ws/install/fra532_gazebo/share/fra532_gazebo/package.dsv
[0.572s] -- Up-to-date: /home/tadtawan/fra532_lecture5_ws/install/fra532_gazebo/share/ament_index/resource_index/packages/fra532_gazebo
[0.572s] -- Up-to-date: /home/tadtawan/fra532_lecture5_ws/install/fra532_gazebo/share/fra532_gazebo/cmake/fra532_gazeboConfig.cmake
[0.572s] -- Up-to-date: /home/tadtawan/fra532_lecture5_ws/install/fra532_gazebo/share/fra532_gazebo/cmake/fra532_gazeboConfig-version.cmake
[0.572s] -- Up-to-date: /home/tadtawan/fra532_lecture5_ws/install/fra532_gazebo/share/fra532_gazebo/package.xml
[0.591s] Invoked command in '/home/tadtawan/fra532_lecture5_ws/build/fra532_gazebo' returned '0': CMAKE_PREFIX_PATH=${CMAKE_PREFIX_PATH}:/home/tadtawan/fra532_lecture5_ws/install/mir_driver:/home/tadtawan/fra532_lecture5_ws/install/twist_stamper:/home/tadtawan/fra532_lecture5_ws/install/mir_restapi:/opt/ros/humble /usr/bin/cmake --install /home/tadtawan/fra532_lecture5_ws/build/fra532_gazebo
