[100%] Built target cpp_node_test
[100%] Built target ament_cmake_python_copy_fra532_gazebo
running egg_info
writing fra532_gazebo.egg-info/PKG-INFO
writing dependency_links to fra532_gazebo.egg-info/dependency_links.txt
writing top-level names to fra532_gazebo.egg-info/top_level.txt
reading manifest file 'fra532_gazebo.egg-info/SOURCES.txt'
writing manifest file 'fra532_gazebo.egg-info/SOURCES.txt'
[100%] Built target ament_cmake_python_build_fra532_gazebo_egg
-- Install configuration: ""
-- Up-to-date: /home/tadtawan/fra532_lecture5_ws/install/fra532_gazebo/share/fra532_gazebo/environment/pythonpath.sh
-- Up-to-date: /home/tadtawan/fra532_lecture5_ws/install/fra532_gazebo/share/fra532_gazebo/environment/pythonpath.dsv
-- Up-to-date: /home/tadtawan/fra532_lecture5_ws/install/fra532_gazebo/local/lib/python3.10/dist-packages/fra532_gazebo-0.0.0-py3.10.egg-info
-- Installing: /home/tadtawan/fra532_lecture5_ws/install/fra532_gazebo/local/lib/python3.10/dist-packages/fra532_gazebo-0.0.0-py3.10.egg-info/top_level.txt
-- Installing: /home/tadtawan/fra532_lecture5_ws/install/fra532_gazebo/local/lib/python3.10/dist-packages/fra532_gazebo-0.0.0-py3.10.egg-info/dependency_links.txt
-- Installing: /home/tadtawan/fra532_lecture5_ws/install/fra532_gazebo/local/lib/python3.10/dist-packages/fra532_gazebo-0.0.0-py3.10.egg-info/SOURCES.txt
-- Installing: /home/tadtawan/fra532_lecture5_ws/install/fra532_gazebo/local/lib/python3.10/dist-packages/fra532_gazebo-0.0.0-py3.10.egg-info/PKG-INFO
-- Up-to-date: /home/tadtawan/fra532_lecture5_ws/install/fra532_gazebo/local/lib/python3.10/dist-packages/fra532_gazebo
-- Up-to-date: /home/tadtawan/fra532_lecture5_ws/install/fra532_gazebo/local/lib/python3.10/dist-packages/fra532_gazebo/__init__.py
-- Up-to-date: /home/tadtawan/fra532_lecture5_ws/install/fra532_gazebo/local/lib/python3.10/dist-packages/fra532_gazebo/dummy_module.py
Listing '/home/tadtawan/fra532_lecture5_ws/install/fra532_gazebo/local/lib/python3.10/dist-packages/fra532_gazebo'...
-- Up-to-date: /home/tadtawan/fra532_lecture5_ws/install/fra532_gazebo/lib/fra532_gazebo/dummy_script.py
