[0.198s] Invoking command in '/home/tadtawan/fra532_lecture5_ws/build/fra532_gazebo': CMAKE_PREFIX_PATH=${CMAKE_PREFIX_PATH}:/home/tadtawan/fra532_lecture5_ws/install/mir_driver:/home/tadtawan/fra532_lecture5_ws/install/twist_stamper:/home/tadtawan/fra532_lecture5_ws/install/mir_restapi:/opt/ros/humble /usr/bin/cmake --build /home/tadtawan/fra532_lecture5_ws/build/fra532_gazebo -- -j16 -l16
[0.232s] [100%] Built target cpp_node_test
[0.239s] [100%] Built target ament_cmake_python_copy_fra532_gazebo
[0.427s] running egg_info
[0.430s] writing fra532_gazebo.egg-info/PKG-INFO
[0.430s] writing dependency_links to fra532_gazebo.egg-info/dependency_links.txt
[0.430s] writing top-level names to fra532_gazebo.egg-info/top_level.txt
[0.433s] reading manifest file 'fra532_gazebo.egg-info/SOURCES.txt'
[0.434s] writing manifest file 'fra532_gazebo.egg-info/SOURCES.txt'
[0.453s] [100%] Built target ament_cmake_python_build_fra532_gazebo_egg
[0.478s] Invoked command in '/home/tadtawan/fra532_lecture5_ws/build/fra532_gazebo' returned '0': CMAKE_PREFIX_PATH=${CMAKE_PREFIX_PATH}:/home/tadtawan/fra532_lecture5_ws/install/mir_driver:/home/tadtawan/fra532_lecture5_ws/install/twist_stamper:/home/tadtawan/fra532_lecture5_ws/install/mir_restapi:/opt/ros/humble /usr/bin/cmake --build /home/tadtawan/fra532_lecture5_ws/build/fra532_gazebo -- -j16 -l16
[0.479s] Invoking command in '/home/tadtawan/fra532_lecture5_ws/build/fra532_gazebo': CMAKE_PREFIX_PATH=${CMAKE_PREFIX_PATH}:/home/tadtawan/fra532_lecture5_ws/install/mir_driver:/home/tadtawan/fra532_lecture5_ws/install/twist_stamper:/home/tadtawan/fra532_lecture5_ws/install/mir_restapi:/opt/ros/humble /usr/bin/cmake --install /home/tadtawan/fra532_lecture5_ws/build/fra532_gazebo
[0.494s] -- Install configuration: ""
[0.494s] -- Up-to-date: /home/tadtawan/fra532_lecture5_ws/install/fra532_gazebo/share/fra532_gazebo/environment/pythonpath.sh
[0.495s] -- Up-to-date: /home/tadtawan/fra532_lecture5_ws/install/fra532_gazebo/share/fra532_gazebo/environment/pythonpath.dsv
[0.495s] -- Up-to-date: /home/tadtawan/fra532_lecture5_ws/install/fra532_gazebo/local/lib/python3.10/dist-packages/fra532_gazebo-0.0.0-py3.10.egg-info
[0.495s] -- Installing: /home/tadtawan/fra532_lecture5_ws/install/fra532_gazebo/local/lib/python3.10/dist-packages/fra532_gazebo-0.0.0-py3.10.egg-info/top_level.txt
[0.495s] -- Installing: /home/tadtawan/fra532_lecture5_ws/install/fra532_gazebo/local/lib/python3.10/dist-packages/fra532_gazebo-0.0.0-py3.10.egg-info/dependency_links.txt
[0.495s] -- Installing: /home/tadtawan/fra532_lecture5_ws/install/fra532_gazebo/local/lib/python3.10/dist-packages/fra532_gazebo-0.0.0-py3.10.egg-info/SOURCES.txt
[0.495s] -- Installing: /home/tadtawan/fra532_lecture5_ws/install/fra532_gazebo/local/lib/python3.10/dist-packages/fra532_gazebo-0.0.0-py3.10.egg-info/PKG-INFO
[0.495s] -- Up-to-date: /home/tadtawan/fra532_lecture5_ws/install/fra532_gazebo/local/lib/python3.10/dist-packages/fra532_gazebo
[0.496s] -- Up-to-date: /home/tadtawan/fra532_lecture5_ws/install/fra532_gazebo/local/lib/python3.10/dist-packages/fra532_gazebo/__init__.py
[0.496s] -- Up-to-date: /home/tadtawan/fra532_lecture5_ws/install/fra532_gazebo/local/lib/python3.10/dist-packages/fra532_gazebo/dummy_module.py
[0.508s] Listing '/home/tadtawan/fra532_lecture5_ws/install/fra532_gazebo/local/lib/python3.10/dist-packages/fra532_gazebo'...
[0.512s] -- Up-to-date: /home/tadtawan/fra532_lecture5_ws/install/fra532_gazebo/lib/fra532_gazebo/dummy_script.py
[0.513s] [31mCMake Error at cmake_install.cmake:70 (file):
[0.514s]   file INSTALL cannot find
[0.514s]   "/home/tadtawan/fra532_lecture5_ws/src/fra532_gazebo/scripts/aruco_detect.py":
[0.514s]   No such file or directory.
[0.514s] 
[0.514s] [0m
[0.523s] Invoked command in '/home/tadtawan/fra532_lecture5_ws/build/fra532_gazebo' returned '1': CMAKE_PREFIX_PATH=${CMAKE_PREFIX_PATH}:/home/tadtawan/fra532_lecture5_ws/install/mir_driver:/home/tadtawan/fra532_lecture5_ws/install/twist_stamper:/home/tadtawan/fra532_lecture5_ws/install/mir_restapi:/opt/ros/humble /usr/bin/cmake --install /home/tadtawan/fra532_lecture5_ws/build/fra532_gazebo
