[0.007s] Invoking command in '/home/tadtawan/fra532_lecture5_ws/build/mir_robot': CMAKE_PREFIX_PATH=/home/tadtawan/fra532_lecture5_ws/install/mir_gazebo:/home/tadtawan/fra532_lecture5_ws/install/mir_description:/home/tadtawan/fra532_lecture5_ws/install/ira_laser_tools:/home/tadtawan/fra532_lecture5_ws/install/fra532_exam1:/home/tadtawan/fra532_lecture5_ws/install/mir_navigation:/home/tadtawan/fra532_lecture5_ws/install/package_name:/home/tadtawan/fra532_lecture5_ws/install/mir_robot:/home/tadtawan/fra532_lecture5_ws/install/mir_msgs:/home/tadtawan/fra532_lecture5_ws/install/fra532_slam:/home/tadtawan/fra532_lecture5_ws/install/fra532_nav:/home/tadtawan/fra532_lecture5_ws/install/fra532_gazebo:/home/tadtawan/install/lab1_1:/home/tadtawan/aws-robomaker-small-warehouse-world/install/aws_robomaker_small_warehouse_world:/home/tadtawan/fra532_lecture5_ws/install/mir_driver:/home/tadtawan/fra532_lecture5_ws/install/twist_stamper:/home/tadtawan/fra532_lecture5_ws/install/mir_restapi:/opt/ros/humble /usr/bin/cmake /home/tadtawan/fra532_lecture5_ws/src/mir_robot/mir_robot -DCMAKE_INSTALL_PREFIX=/home/tadtawan/fra532_lecture5_ws/install/mir_robot
[0.042s] -- The C compiler identification is GNU 11.4.0
[0.079s] -- The CXX compiler identification is GNU 11.4.0
[0.083s] -- Detecting C compiler ABI info
[0.128s] -- Detecting C compiler ABI info - done
[0.133s] -- Check for working C compiler: /usr/bin/cc - skipped
[0.133s] -- Detecting C compile features
[0.133s] -- Detecting C compile features - done
[0.135s] -- Detecting CXX compiler ABI info
[0.187s] -- Detecting CXX compiler ABI info - done
[0.194s] -- Check for working CXX compiler: /usr/bin/c++ - skipped
[0.194s] -- Detecting CXX compile features
[0.194s] -- Detecting CXX compile features - done
[0.196s] -- Found ament_cmake: 1.3.11 (/opt/ros/humble/share/ament_cmake/cmake)
[0.301s] -- Found Python3: /usr/bin/python3 (found version "3.10.12") found components: Interpreter 
[0.421s] -- Configuring done
[0.422s] -- Generating done
[0.423s] -- Build files have been written to: /home/tadtawan/fra532_lecture5_ws/build/mir_robot
[0.426s] Invoked command in '/home/tadtawan/fra532_lecture5_ws/build/mir_robot' returned '0': CMAKE_PREFIX_PATH=/home/tadtawan/fra532_lecture5_ws/install/mir_gazebo:/home/tadtawan/fra532_lecture5_ws/install/mir_description:/home/tadtawan/fra532_lecture5_ws/install/ira_laser_tools:/home/tadtawan/fra532_lecture5_ws/install/fra532_exam1:/home/tadtawan/fra532_lecture5_ws/install/mir_navigation:/home/tadtawan/fra532_lecture5_ws/install/package_name:/home/tadtawan/fra532_lecture5_ws/install/mir_robot:/home/tadtawan/fra532_lecture5_ws/install/mir_msgs:/home/tadtawan/fra532_lecture5_ws/install/fra532_slam:/home/tadtawan/fra532_lecture5_ws/install/fra532_nav:/home/tadtawan/fra532_lecture5_ws/install/fra532_gazebo:/home/tadtawan/install/lab1_1:/home/tadtawan/aws-robomaker-small-warehouse-world/install/aws_robomaker_small_warehouse_world:/home/tadtawan/fra532_lecture5_ws/install/mir_driver:/home/tadtawan/fra532_lecture5_ws/install/twist_stamper:/home/tadtawan/fra532_lecture5_ws/install/mir_restapi:/opt/ros/humble /usr/bin/cmake /home/tadtawan/fra532_lecture5_ws/src/mir_robot/mir_robot -DCMAKE_INSTALL_PREFIX=/home/tadtawan/fra532_lecture5_ws/install/mir_robot
[0.427s] Invoking command in '/home/tadtawan/fra532_lecture5_ws/build/mir_robot': CMAKE_PREFIX_PATH=/home/tadtawan/fra532_lecture5_ws/install/mir_gazebo:/home/tadtawan/fra532_lecture5_ws/install/mir_description:/home/tadtawan/fra532_lecture5_ws/install/ira_laser_tools:/home/tadtawan/fra532_lecture5_ws/install/fra532_exam1:/home/tadtawan/fra532_lecture5_ws/install/mir_navigation:/home/tadtawan/fra532_lecture5_ws/install/package_name:/home/tadtawan/fra532_lecture5_ws/install/mir_robot:/home/tadtawan/fra532_lecture5_ws/install/mir_msgs:/home/tadtawan/fra532_lecture5_ws/install/fra532_slam:/home/tadtawan/fra532_lecture5_ws/install/fra532_nav:/home/tadtawan/fra532_lecture5_ws/install/fra532_gazebo:/home/tadtawan/install/lab1_1:/home/tadtawan/aws-robomaker-small-warehouse-world/install/aws_robomaker_small_warehouse_world:/home/tadtawan/fra532_lecture5_ws/install/mir_driver:/home/tadtawan/fra532_lecture5_ws/install/twist_stamper:/home/tadtawan/fra532_lecture5_ws/install/mir_restapi:/opt/ros/humble /usr/bin/cmake --build /home/tadtawan/fra532_lecture5_ws/build/mir_robot -- -j16 -l16
[0.453s] Invoked command in '/home/tadtawan/fra532_lecture5_ws/build/mir_robot' returned '0': CMAKE_PREFIX_PATH=/home/tadtawan/fra532_lecture5_ws/install/mir_gazebo:/home/tadtawan/fra532_lecture5_ws/install/mir_description:/home/tadtawan/fra532_lecture5_ws/install/ira_laser_tools:/home/tadtawan/fra532_lecture5_ws/install/fra532_exam1:/home/tadtawan/fra532_lecture5_ws/install/mir_navigation:/home/tadtawan/fra532_lecture5_ws/install/package_name:/home/tadtawan/fra532_lecture5_ws/install/mir_robot:/home/tadtawan/fra532_lecture5_ws/install/mir_msgs:/home/tadtawan/fra532_lecture5_ws/install/fra532_slam:/home/tadtawan/fra532_lecture5_ws/install/fra532_nav:/home/tadtawan/fra532_lecture5_ws/install/fra532_gazebo:/home/tadtawan/install/lab1_1:/home/tadtawan/aws-robomaker-small-warehouse-world/install/aws_robomaker_small_warehouse_world:/home/tadtawan/fra532_lecture5_ws/install/mir_driver:/home/tadtawan/fra532_lecture5_ws/install/twist_stamper:/home/tadtawan/fra532_lecture5_ws/install/mir_restapi:/opt/ros/humble /usr/bin/cmake --build /home/tadtawan/fra532_lecture5_ws/build/mir_robot -- -j16 -l16
[0.455s] Invoking command in '/home/tadtawan/fra532_lecture5_ws/build/mir_robot': CMAKE_PREFIX_PATH=/home/tadtawan/fra532_lecture5_ws/install/mir_gazebo:/home/tadtawan/fra532_lecture5_ws/install/mir_description:/home/tadtawan/fra532_lecture5_ws/install/ira_laser_tools:/home/tadtawan/fra532_lecture5_ws/install/fra532_exam1:/home/tadtawan/fra532_lecture5_ws/install/mir_navigation:/home/tadtawan/fra532_lecture5_ws/install/package_name:/home/tadtawan/fra532_lecture5_ws/install/mir_robot:/home/tadtawan/fra532_lecture5_ws/install/mir_msgs:/home/tadtawan/fra532_lecture5_ws/install/fra532_slam:/home/tadtawan/fra532_lecture5_ws/install/fra532_nav:/home/tadtawan/fra532_lecture5_ws/install/fra532_gazebo:/home/tadtawan/install/lab1_1:/home/tadtawan/aws-robomaker-small-warehouse-world/install/aws_robomaker_small_warehouse_world:/home/tadtawan/fra532_lecture5_ws/install/mir_driver:/home/tadtawan/fra532_lecture5_ws/install/twist_stamper:/home/tadtawan/fra532_lecture5_ws/install/mir_restapi:/opt/ros/humble /usr/bin/cmake --install /home/tadtawan/fra532_lecture5_ws/build/mir_robot
[0.463s] -- Install configuration: ""
[0.463s] -- Installing: /home/tadtawan/fra532_lecture5_ws/install/mir_robot/share/ament_index/resource_index/package_run_dependencies/mir_robot
[0.463s] -- Installing: /home/tadtawan/fra532_lecture5_ws/install/mir_robot/share/ament_index/resource_index/parent_prefix_path/mir_robot
[0.464s] -- Installing: /home/tadtawan/fra532_lecture5_ws/install/mir_robot/share/mir_robot/environment/ament_prefix_path.sh
[0.464s] -- Installing: /home/tadtawan/fra532_lecture5_ws/install/mir_robot/share/mir_robot/environment/ament_prefix_path.dsv
[0.464s] -- Installing: /home/tadtawan/fra532_lecture5_ws/install/mir_robot/share/mir_robot/environment/path.sh
[0.464s] -- Installing: /home/tadtawan/fra532_lecture5_ws/install/mir_robot/share/mir_robot/environment/path.dsv
[0.464s] -- Installing: /home/tadtawan/fra532_lecture5_ws/install/mir_robot/share/mir_robot/local_setup.bash
[0.464s] -- Installing: /home/tadtawan/fra532_lecture5_ws/install/mir_robot/share/mir_robot/local_setup.sh
[0.464s] -- Installing: /home/tadtawan/fra532_lecture5_ws/install/mir_robot/share/mir_robot/local_setup.zsh
[0.464s] -- Installing: /home/tadtawan/fra532_lecture5_ws/install/mir_robot/share/mir_robot/local_setup.dsv
[0.464s] -- Installing: /home/tadtawan/fra532_lecture5_ws/install/mir_robot/share/mir_robot/package.dsv
[0.464s] -- Installing: /home/tadtawan/fra532_lecture5_ws/install/mir_robot/share/ament_index/resource_index/packages/mir_robot
[0.464s] -- Installing: /home/tadtawan/fra532_lecture5_ws/install/mir_robot/share/mir_robot/cmake/mir_robotConfig.cmake
[0.464s] -- Installing: /home/tadtawan/fra532_lecture5_ws/install/mir_robot/share/mir_robot/cmake/mir_robotConfig-version.cmake
[0.464s] -- Installing: /home/tadtawan/fra532_lecture5_ws/install/mir_robot/share/mir_robot/package.xml
[0.466s] Invoked command in '/home/tadtawan/fra532_lecture5_ws/build/mir_robot' returned '0': CMAKE_PREFIX_PATH=/home/tadtawan/fra532_lecture5_ws/install/mir_gazebo:/home/tadtawan/fra532_lecture5_ws/install/mir_description:/home/tadtawan/fra532_lecture5_ws/install/ira_laser_tools:/home/tadtawan/fra532_lecture5_ws/install/fra532_exam1:/home/tadtawan/fra532_lecture5_ws/install/mir_navigation:/home/tadtawan/fra532_lecture5_ws/install/package_name:/home/tadtawan/fra532_lecture5_ws/install/mir_robot:/home/tadtawan/fra532_lecture5_ws/install/mir_msgs:/home/tadtawan/fra532_lecture5_ws/install/fra532_slam:/home/tadtawan/fra532_lecture5_ws/install/fra532_nav:/home/tadtawan/fra532_lecture5_ws/install/fra532_gazebo:/home/tadtawan/install/lab1_1:/home/tadtawan/aws-robomaker-small-warehouse-world/install/aws_robomaker_small_warehouse_world:/home/tadtawan/fra532_lecture5_ws/install/mir_driver:/home/tadtawan/fra532_lecture5_ws/install/twist_stamper:/home/tadtawan/fra532_lecture5_ws/install/mir_restapi:/opt/ros/humble /usr/bin/cmake --install /home/tadtawan/fra532_lecture5_ws/build/mir_robot
